CRITICAL - 2022-11-28 12:24:09 --> Undefined variable $navbar2
in APPPATH\Views\main.php on line 2.
 1 APPPATH\Views\main.php(2): CodeIgniter\Debug\Exceptions->errorHandler(2, 'Undefined variable $navbar2', 'APPPATH\\Views\\main.php', 2)
 2 SYSTEMPATH\View\View.php(213): include('APPPATH\\Views\\main.php')
 3 SYSTEMPATH\View\View.php(216): CodeIgniter\View\View->CodeIgniter\View\{closure}()
 4 SYSTEMPATH\Common.php(1137): CodeIgniter\View\View->render('main', [], true)
 5 APPPATH\Controllers\Equipos.php(56): view('main', [...])
 6 SYSTEMPATH\CodeIgniter.php(904): App\Controllers\Equipos->crearEquipo()
 7 SYSTEMPATH\CodeIgniter.php(457): CodeIgniter\CodeIgniter->runController(Object(App\Controllers\Equipos))
 8 SYSTEMPATH\CodeIgniter.php(340): CodeIgniter\CodeIgniter->handleRequest(null, Object(Config\Cache), false)
 9 FCPATH\index.php(67): CodeIgniter\CodeIgniter->run()
CRITICAL - 2022-11-28 12:41:59 --> Undefined variable $respuesta
in APPPATH\Views\main.php on line 4.
 1 APPPATH\Views\main.php(4): CodeIgniter\Debug\Exceptions->errorHandler(2, 'Undefined variable $respuesta', 'APPPATH\\Views\\main.php', 4)
 2 SYSTEMPATH\View\View.php(213): include('APPPATH\\Views\\main.php')
 3 SYSTEMPATH\View\View.php(216): CodeIgniter\View\View->CodeIgniter\View\{closure}()
 4 SYSTEMPATH\Common.php(1137): CodeIgniter\View\View->render('main', [], true)
 5 APPPATH\Controllers\Home.php(71): view('main', [...])
 6 SYSTEMPATH\CodeIgniter.php(904): App\Controllers\Home->comparar()
 7 SYSTEMPATH\CodeIgniter.php(457): CodeIgniter\CodeIgniter->runController(Object(App\Controllers\Home))
 8 SYSTEMPATH\CodeIgniter.php(340): CodeIgniter\CodeIgniter->handleRequest(null, Object(Config\Cache), false)
 9 FCPATH\index.php(67): CodeIgniter\CodeIgniter->run()
CRITICAL - 2022-11-28 12:42:13 --> Undefined variable $respuesta
in APPPATH\Views\main.php on line 4.
 1 APPPATH\Views\main.php(4): CodeIgniter\Debug\Exceptions->errorHandler(2, 'Undefined variable $respuesta', 'APPPATH\\Views\\main.php', 4)
 2 SYSTEMPATH\View\View.php(213): include('APPPATH\\Views\\main.php')
 3 SYSTEMPATH\View\View.php(216): CodeIgniter\View\View->CodeIgniter\View\{closure}()
 4 SYSTEMPATH\Common.php(1137): CodeIgniter\View\View->render('main', [], true)
 5 APPPATH\Controllers\Home.php(71): view('main', [...])
 6 SYSTEMPATH\CodeIgniter.php(904): App\Controllers\Home->comparar()
 7 SYSTEMPATH\CodeIgniter.php(457): CodeIgniter\CodeIgniter->runController(Object(App\Controllers\Home))
 8 SYSTEMPATH\CodeIgniter.php(340): CodeIgniter\CodeIgniter->handleRequest(null, Object(Config\Cache), false)
 9 FCPATH\index.php(67): CodeIgniter\CodeIgniter->run()
CRITICAL - 2022-11-28 12:43:01 --> Undefined variable $info
in APPPATH\Views\main.php on line 7.
 1 APPPATH\Views\main.php(7): CodeIgniter\Debug\Exceptions->errorHandler(2, 'Undefined variable $info', 'APPPATH\\Views\\main.php', 7)
 2 SYSTEMPATH\View\View.php(213): include('APPPATH\\Views\\main.php')
 3 SYSTEMPATH\View\View.php(216): CodeIgniter\View\View->CodeIgniter\View\{closure}()
 4 SYSTEMPATH\Common.php(1137): CodeIgniter\View\View->render('main', [], true)
 5 APPPATH\Controllers\Home.php(72): view('main', [...])
 6 SYSTEMPATH\CodeIgniter.php(904): App\Controllers\Home->comparar()
 7 SYSTEMPATH\CodeIgniter.php(457): CodeIgniter\CodeIgniter->runController(Object(App\Controllers\Home))
 8 SYSTEMPATH\CodeIgniter.php(340): CodeIgniter\CodeIgniter->handleRequest(null, Object(Config\Cache), false)
 9 FCPATH\index.php(67): CodeIgniter\CodeIgniter->run()
CRITICAL - 2022-11-28 12:46:10 --> Call to undefined function display_error()
in APPPATH\Views\comparador.php on line 14.
 1 SYSTEMPATH\View\View.php(213): include()
 2 SYSTEMPATH\View\View.php(216): CodeIgniter\View\View->CodeIgniter\View\{closure}()
 3 SYSTEMPATH\Common.php(1137): CodeIgniter\View\View->render('comparador', [], true)
 4 APPPATH\Controllers\Home.php(71): view('comparador', [...])
 5 SYSTEMPATH\CodeIgniter.php(904): App\Controllers\Home->comparar()
 6 SYSTEMPATH\CodeIgniter.php(457): CodeIgniter\CodeIgniter->runController(Object(App\Controllers\Home))
 7 SYSTEMPATH\CodeIgniter.php(340): CodeIgniter\CodeIgniter->handleRequest(null, Object(Config\Cache), false)
 8 FCPATH\index.php(67): CodeIgniter\CodeIgniter->run()
CRITICAL - 2022-11-28 13:49:48 --> syntax error, unexpected token "public", expecting end of file
in APPPATH\Models\Equipo.php on line 28.
 1 SYSTEMPATH\Autoloader\Autoloader.php(259): CodeIgniter\Autoloader\Autoloader->includeFile('APPPATH\\Models\\Equipo.php')
 2 SYSTEMPATH\Autoloader\Autoloader.php(237): CodeIgniter\Autoloader\Autoloader->loadInNamespace('App\\Models\\Equipo')
 3 APPPATH\Controllers\Home.php(75): CodeIgniter\Autoloader\Autoloader->loadClass('App\\Models\\Equipo')
 4 SYSTEMPATH\CodeIgniter.php(904): App\Controllers\Home->comparar()
 5 SYSTEMPATH\CodeIgniter.php(457): CodeIgniter\CodeIgniter->runController(Object(App\Controllers\Home))
 6 SYSTEMPATH\CodeIgniter.php(340): CodeIgniter\CodeIgniter->handleRequest(null, Object(Config\Cache), false)
 7 FCPATH\index.php(67): CodeIgniter\CodeIgniter->run()
CRITICAL - 2022-11-28 13:50:36 --> Call to undefined function App\Controllers\equipo()
in APPPATH\Controllers\Home.php on line 77.
 1 SYSTEMPATH\CodeIgniter.php(904): App\Controllers\Home->comparar()
 2 SYSTEMPATH\CodeIgniter.php(457): CodeIgniter\CodeIgniter->runController(Object(App\Controllers\Home))
 3 SYSTEMPATH\CodeIgniter.php(340): CodeIgniter\CodeIgniter->handleRequest(null, Object(Config\Cache), false)
 4 FCPATH\index.php(67): CodeIgniter\CodeIgniter->run()
CRITICAL - 2022-11-28 13:50:39 --> Call to undefined function App\Controllers\equipo()
in APPPATH\Controllers\Home.php on line 77.
 1 SYSTEMPATH\CodeIgniter.php(904): App\Controllers\Home->comparar()
 2 SYSTEMPATH\CodeIgniter.php(457): CodeIgniter\CodeIgniter->runController(Object(App\Controllers\Home))
 3 SYSTEMPATH\CodeIgniter.php(340): CodeIgniter\CodeIgniter->handleRequest(null, Object(Config\Cache), false)
 4 FCPATH\index.php(67): CodeIgniter\CodeIgniter->run()
CRITICAL - 2022-11-28 13:53:07 --> Call to undefined function App\Controllers\equipo()
in APPPATH\Controllers\Home.php on line 77.
 1 SYSTEMPATH\CodeIgniter.php(904): App\Controllers\Home->comparar()
 2 SYSTEMPATH\CodeIgniter.php(457): CodeIgniter\CodeIgniter->runController(Object(App\Controllers\Home))
 3 SYSTEMPATH\CodeIgniter.php(340): CodeIgniter\CodeIgniter->handleRequest(null, Object(Config\Cache), false)
 4 FCPATH\index.php(67): CodeIgniter\CodeIgniter->run()
