CRITICAL - 2022-12-13 12:39:55 --> Undefined variable $slider
in APPPATH\Views\template\navbar.php on line 73.
 1 APPPATH\Views\template\navbar.php(73): CodeIgniter\Debug\Exceptions->errorHandler(2, 'Undefined variable $slider', 'APPPATH\\Views\\template\\navbar.php', 73)
 2 SYSTEMPATH\View\View.php(213): include('APPPATH\\Views\\template\\navbar.php')
 3 SYSTEMPATH\View\View.php(216): CodeIgniter\View\View->CodeIgniter\View\{closure}()
 4 SYSTEMPATH\Common.php(1137): CodeIgniter\View\View->render('template/navbar', [], true)
 5 APPPATH\Controllers\Home.php(14): view('template/navbar')
 6 SYSTEMPATH\CodeIgniter.php(904): App\Controllers\Home->index()
 7 SYSTEMPATH\CodeIgniter.php(457): CodeIgniter\CodeIgniter->runController(Object(App\Controllers\Home))
 8 SYSTEMPATH\CodeIgniter.php(340): CodeIgniter\CodeIgniter->handleRequest(null, Object(Config\Cache), false)
 9 FCPATH\index.php(67): CodeIgniter\CodeIgniter->run()
CRITICAL - 2022-12-13 12:40:15 --> Undefined variable $slider
in APPPATH\Views\template\navbar.php on line 73.
 1 APPPATH\Views\template\navbar.php(73): CodeIgniter\Debug\Exceptions->errorHandler(2, 'Undefined variable $slider', 'APPPATH\\Views\\template\\navbar.php', 73)
 2 SYSTEMPATH\View\View.php(213): include('APPPATH\\Views\\template\\navbar.php')
 3 SYSTEMPATH\View\View.php(216): CodeIgniter\View\View->CodeIgniter\View\{closure}()
 4 SYSTEMPATH\Common.php(1137): CodeIgniter\View\View->render('template/navbar', [], true)
 5 APPPATH\Controllers\Home.php(14): view('template/navbar')
 6 SYSTEMPATH\CodeIgniter.php(904): App\Controllers\Home->index()
 7 SYSTEMPATH\CodeIgniter.php(457): CodeIgniter\CodeIgniter->runController(Object(App\Controllers\Home))
 8 SYSTEMPATH\CodeIgniter.php(340): CodeIgniter\CodeIgniter->handleRequest(null, Object(Config\Cache), false)
 9 FCPATH\index.php(67): CodeIgniter\CodeIgniter->run()
CRITICAL - 2022-12-13 12:40:16 --> Undefined variable $slider
in APPPATH\Views\template\navbar.php on line 73.
 1 APPPATH\Views\template\navbar.php(73): CodeIgniter\Debug\Exceptions->errorHandler(2, 'Undefined variable $slider', 'APPPATH\\Views\\template\\navbar.php', 73)
 2 SYSTEMPATH\View\View.php(213): include('APPPATH\\Views\\template\\navbar.php')
 3 SYSTEMPATH\View\View.php(216): CodeIgniter\View\View->CodeIgniter\View\{closure}()
 4 SYSTEMPATH\Common.php(1137): CodeIgniter\View\View->render('template/navbar', [], true)
 5 APPPATH\Controllers\Home.php(14): view('template/navbar')
 6 SYSTEMPATH\CodeIgniter.php(904): App\Controllers\Home->index()
 7 SYSTEMPATH\CodeIgniter.php(457): CodeIgniter\CodeIgniter->runController(Object(App\Controllers\Home))
 8 SYSTEMPATH\CodeIgniter.php(340): CodeIgniter\CodeIgniter->handleRequest(null, Object(Config\Cache), false)
 9 FCPATH\index.php(67): CodeIgniter\CodeIgniter->run()
CRITICAL - 2022-12-13 14:42:29 --> Class "App\Controllers\Usuario" not found
in APPPATH\Controllers\Perfil.php on line 31.
 1 SYSTEMPATH\CodeIgniter.php(904): App\Controllers\Perfil->guardarImagen()
 2 SYSTEMPATH\CodeIgniter.php(457): CodeIgniter\CodeIgniter->runController(Object(App\Controllers\Perfil))
 3 SYSTEMPATH\CodeIgniter.php(340): CodeIgniter\CodeIgniter->handleRequest(null, Object(Config\Cache), false)
 4 FCPATH\index.php(67): CodeIgniter\CodeIgniter->run()
CRITICAL - 2022-12-13 14:43:05 --> There is no data to update.
in SYSTEMPATH\BaseModel.php on line 1577.
 1 SYSTEMPATH\BaseModel.php(1577): CodeIgniter\Database\Exceptions\DataException::forEmptyDataset('update')
 2 SYSTEMPATH\BaseModel.php(832): CodeIgniter\BaseModel->transformDataToArray(null, 'update')
 3 SYSTEMPATH\Model.php(692): CodeIgniter\BaseModel->update([...], null)
 4 APPPATH\Controllers\Perfil.php(40): CodeIgniter\Model->update([...])
 5 SYSTEMPATH\CodeIgniter.php(904): App\Controllers\Perfil->guardarImagen()
 6 SYSTEMPATH\CodeIgniter.php(457): CodeIgniter\CodeIgniter->runController(Object(App\Controllers\Perfil))
 7 SYSTEMPATH\CodeIgniter.php(340): CodeIgniter\CodeIgniter->handleRequest(null, Object(Config\Cache), false)
 8 FCPATH\index.php(67): CodeIgniter\CodeIgniter->run()
CRITICAL - 2022-12-13 14:44:31 --> There is no data to update.
in SYSTEMPATH\BaseModel.php on line 1577.
 1 SYSTEMPATH\BaseModel.php(1577): CodeIgniter\Database\Exceptions\DataException::forEmptyDataset('update')
 2 SYSTEMPATH\BaseModel.php(832): CodeIgniter\BaseModel->transformDataToArray(null, 'update')
 3 SYSTEMPATH\Model.php(692): CodeIgniter\BaseModel->update([...], null)
 4 APPPATH\Controllers\Perfil.php(40): CodeIgniter\Model->update([...])
 5 SYSTEMPATH\CodeIgniter.php(904): App\Controllers\Perfil->guardarImagen()
 6 SYSTEMPATH\CodeIgniter.php(457): CodeIgniter\CodeIgniter->runController(Object(App\Controllers\Perfil))
 7 SYSTEMPATH\CodeIgniter.php(340): CodeIgniter\CodeIgniter->handleRequest(null, Object(Config\Cache), false)
 8 FCPATH\index.php(67): CodeIgniter\CodeIgniter->run()
CRITICAL - 2022-12-13 14:53:43 --> There is no data to update.
in SYSTEMPATH\BaseModel.php on line 1577.
 1 SYSTEMPATH\BaseModel.php(1577): CodeIgniter\Database\Exceptions\DataException::forEmptyDataset('update')
 2 SYSTEMPATH\BaseModel.php(832): CodeIgniter\BaseModel->transformDataToArray(null, 'update')
 3 SYSTEMPATH\Model.php(692): CodeIgniter\BaseModel->update([...], null)
 4 APPPATH\Controllers\Perfil.php(40): CodeIgniter\Model->update([...])
 5 SYSTEMPATH\CodeIgniter.php(904): App\Controllers\Perfil->guardarImagen()
 6 SYSTEMPATH\CodeIgniter.php(457): CodeIgniter\CodeIgniter->runController(Object(App\Controllers\Perfil))
 7 SYSTEMPATH\CodeIgniter.php(340): CodeIgniter\CodeIgniter->handleRequest(null, Object(Config\Cache), false)
 8 FCPATH\index.php(67): CodeIgniter\CodeIgniter->run()
