CRITICAL - 2022-12-06 11:52:32 --> Undefined array key "cant_nucleo"
in APPPATH\Views\resultado.php on line 16.
 1 APPPATH\Views\resultado.php(16): CodeIgniter\Debug\Exceptions->errorHandler(2, 'Undefined array key "cant_nucleo"', 'APPPATH\\Views\\resultado.php', 16)
 2 SYSTEMPATH\View\View.php(213): include('APPPATH\\Views\\resultado.php')
 3 SYSTEMPATH\View\View.php(216): CodeIgniter\View\View->CodeIgniter\View\{closure}()
 4 SYSTEMPATH\Common.php(1137): CodeIgniter\View\View->render('resultado', [], true)
 5 APPPATH\Controllers\Home.php(119): view('resultado', [...])
 6 SYSTEMPATH\CodeIgniter.php(904): App\Controllers\Home->comparador()
 7 SYSTEMPATH\CodeIgniter.php(457): CodeIgniter\CodeIgniter->runController(Object(App\Controllers\Home))
 8 SYSTEMPATH\CodeIgniter.php(340): CodeIgniter\CodeIgniter->handleRequest(null, Object(Config\Cache), false)
 9 FCPATH\index.php(67): CodeIgniter\CodeIgniter->run()
CRITICAL - 2022-12-06 11:55:50 --> Undefined array key "cant_nucleo"
in APPPATH\Views\resultado.php on line 17.
 1 APPPATH\Views\resultado.php(17): CodeIgniter\Debug\Exceptions->errorHandler(2, 'Undefined array key "cant_nucleo"', 'APPPATH\\Views\\resultado.php', 17)
 2 SYSTEMPATH\View\View.php(213): include('APPPATH\\Views\\resultado.php')
 3 SYSTEMPATH\View\View.php(216): CodeIgniter\View\View->CodeIgniter\View\{closure}()
 4 SYSTEMPATH\Common.php(1137): CodeIgniter\View\View->render('resultado', [], true)
 5 APPPATH\Controllers\Home.php(119): view('resultado', [...])
 6 SYSTEMPATH\CodeIgniter.php(904): App\Controllers\Home->comparador()
 7 SYSTEMPATH\CodeIgniter.php(457): CodeIgniter\CodeIgniter->runController(Object(App\Controllers\Home))
 8 SYSTEMPATH\CodeIgniter.php(340): CodeIgniter\CodeIgniter->handleRequest(null, Object(Config\Cache), false)
 9 FCPATH\index.php(67): CodeIgniter\CodeIgniter->run()
CRITICAL - 2022-12-06 11:58:08 --> Undefined array key "mhz"
in APPPATH\Views\resultado.php on line 17.
 1 APPPATH\Views\resultado.php(17): CodeIgniter\Debug\Exceptions->errorHandler(2, 'Undefined array key "mhz"', 'APPPATH\\Views\\resultado.php', 17)
 2 SYSTEMPATH\View\View.php(213): include('APPPATH\\Views\\resultado.php')
 3 SYSTEMPATH\View\View.php(216): CodeIgniter\View\View->CodeIgniter\View\{closure}()
 4 SYSTEMPATH\Common.php(1137): CodeIgniter\View\View->render('resultado', [], true)
 5 APPPATH\Controllers\Home.php(119): view('resultado', [...])
 6 SYSTEMPATH\CodeIgniter.php(904): App\Controllers\Home->comparador()
 7 SYSTEMPATH\CodeIgniter.php(457): CodeIgniter\CodeIgniter->runController(Object(App\Controllers\Home))
 8 SYSTEMPATH\CodeIgniter.php(340): CodeIgniter\CodeIgniter->handleRequest(null, Object(Config\Cache), false)
 9 FCPATH\index.php(67): CodeIgniter\CodeIgniter->run()
CRITICAL - 2022-12-06 11:59:48 --> Undefined array key "mhz"
in APPPATH\Views\resultado.php on line 17.
 1 APPPATH\Views\resultado.php(17): CodeIgniter\Debug\Exceptions->errorHandler(2, 'Undefined array key "mhz"', 'APPPATH\\Views\\resultado.php', 17)
 2 SYSTEMPATH\View\View.php(213): include('APPPATH\\Views\\resultado.php')
 3 SYSTEMPATH\View\View.php(216): CodeIgniter\View\View->CodeIgniter\View\{closure}()
 4 SYSTEMPATH\Common.php(1137): CodeIgniter\View\View->render('resultado', [], true)
 5 APPPATH\Controllers\Home.php(119): view('resultado', [...])
 6 SYSTEMPATH\CodeIgniter.php(904): App\Controllers\Home->comparador()
 7 SYSTEMPATH\CodeIgniter.php(457): CodeIgniter\CodeIgniter->runController(Object(App\Controllers\Home))
 8 SYSTEMPATH\CodeIgniter.php(340): CodeIgniter\CodeIgniter->handleRequest(null, Object(Config\Cache), false)
 9 FCPATH\index.php(67): CodeIgniter\CodeIgniter->run()
CRITICAL - 2022-12-06 12:06:59 --> Undefined variable $juego
in APPPATH\Views\resultado.php on line 3.
 1 APPPATH\Views\resultado.php(3): CodeIgniter\Debug\Exceptions->errorHandler(2, 'Undefined variable $juego', 'APPPATH\\Views\\resultado.php', 3)
 2 SYSTEMPATH\View\View.php(213): include('APPPATH\\Views\\resultado.php')
 3 SYSTEMPATH\View\View.php(216): CodeIgniter\View\View->CodeIgniter\View\{closure}()
 4 SYSTEMPATH\Common.php(1137): CodeIgniter\View\View->render('resultado', [], true)
 5 APPPATH\Controllers\Home.php(119): view('resultado', [...])
 6 SYSTEMPATH\CodeIgniter.php(904): App\Controllers\Home->comparador()
 7 SYSTEMPATH\CodeIgniter.php(457): CodeIgniter\CodeIgniter->runController(Object(App\Controllers\Home))
 8 SYSTEMPATH\CodeIgniter.php(340): CodeIgniter\CodeIgniter->handleRequest(null, Object(Config\Cache), false)
 9 FCPATH\index.php(67): CodeIgniter\CodeIgniter->run()
CRITICAL - 2022-12-06 12:07:11 --> Undefined array key "mhz"
in APPPATH\Views\resultado.php on line 19.
 1 APPPATH\Views\resultado.php(19): CodeIgniter\Debug\Exceptions->errorHandler(2, 'Undefined array key "mhz"', 'APPPATH\\Views\\resultado.php', 19)
 2 SYSTEMPATH\View\View.php(213): include('APPPATH\\Views\\resultado.php')
 3 SYSTEMPATH\View\View.php(216): CodeIgniter\View\View->CodeIgniter\View\{closure}()
 4 SYSTEMPATH\Common.php(1137): CodeIgniter\View\View->render('resultado', [], true)
 5 APPPATH\Controllers\Home.php(119): view('resultado', [...])
 6 SYSTEMPATH\CodeIgniter.php(904): App\Controllers\Home->comparador()
 7 SYSTEMPATH\CodeIgniter.php(457): CodeIgniter\CodeIgniter->runController(Object(App\Controllers\Home))
 8 SYSTEMPATH\CodeIgniter.php(340): CodeIgniter\CodeIgniter->handleRequest(null, Object(Config\Cache), false)
 9 FCPATH\index.php(67): CodeIgniter\CodeIgniter->run()
CRITICAL - 2022-12-06 12:20:31 --> Undefined array key "mhz"
in APPPATH\Views\resultado.php on line 19.
 1 APPPATH\Views\resultado.php(19): CodeIgniter\Debug\Exceptions->errorHandler(2, 'Undefined array key "mhz"', 'APPPATH\\Views\\resultado.php', 19)
 2 SYSTEMPATH\View\View.php(213): include('APPPATH\\Views\\resultado.php')
 3 SYSTEMPATH\View\View.php(216): CodeIgniter\View\View->CodeIgniter\View\{closure}()
 4 SYSTEMPATH\Common.php(1137): CodeIgniter\View\View->render('resultado', [], true)
 5 APPPATH\Controllers\Home.php(119): view('resultado', [...])
 6 SYSTEMPATH\CodeIgniter.php(904): App\Controllers\Home->comparador()
 7 SYSTEMPATH\CodeIgniter.php(457): CodeIgniter\CodeIgniter->runController(Object(App\Controllers\Home))
 8 SYSTEMPATH\CodeIgniter.php(340): CodeIgniter\CodeIgniter->handleRequest(null, Object(Config\Cache), false)
 9 FCPATH\index.php(67): CodeIgniter\CodeIgniter->run()
CRITICAL - 2022-12-06 12:22:48 --> Array to string conversion
in APPPATH\Views\resultado.php on line 19.
 1 APPPATH\Views\resultado.php(19): CodeIgniter\Debug\Exceptions->errorHandler(2, 'Array to string conversion', 'APPPATH\\Views\\resultado.php', 19)
 2 SYSTEMPATH\View\View.php(213): include('APPPATH\\Views\\resultado.php')
 3 SYSTEMPATH\View\View.php(216): CodeIgniter\View\View->CodeIgniter\View\{closure}()
 4 SYSTEMPATH\Common.php(1137): CodeIgniter\View\View->render('resultado', [], true)
 5 APPPATH\Controllers\Home.php(119): view('resultado', [...])
 6 SYSTEMPATH\CodeIgniter.php(904): App\Controllers\Home->comparador()
 7 SYSTEMPATH\CodeIgniter.php(457): CodeIgniter\CodeIgniter->runController(Object(App\Controllers\Home))
 8 SYSTEMPATH\CodeIgniter.php(340): CodeIgniter\CodeIgniter->handleRequest(null, Object(Config\Cache), false)
 9 FCPATH\index.php(67): CodeIgniter\CodeIgniter->run()
CRITICAL - 2022-12-06 12:23:28 --> Cannot use [] for reading
in APPPATH\Views\resultado.php on line 19.
 1 [internal function]: CodeIgniter\Debug\Exceptions->shutdownHandler()
CRITICAL - 2022-12-06 12:23:41 --> Undefined array key ""
in APPPATH\Views\resultado.php on line 19.
 1 APPPATH\Views\resultado.php(19): CodeIgniter\Debug\Exceptions->errorHandler(2, 'Undefined array key ""', 'APPPATH\\Views\\resultado.php', 19)
 2 SYSTEMPATH\View\View.php(213): include('APPPATH\\Views\\resultado.php')
 3 SYSTEMPATH\View\View.php(216): CodeIgniter\View\View->CodeIgniter\View\{closure}()
 4 SYSTEMPATH\Common.php(1137): CodeIgniter\View\View->render('resultado', [], true)
 5 APPPATH\Controllers\Home.php(119): view('resultado', [...])
 6 SYSTEMPATH\CodeIgniter.php(904): App\Controllers\Home->comparador()
 7 SYSTEMPATH\CodeIgniter.php(457): CodeIgniter\CodeIgniter->runController(Object(App\Controllers\Home))
 8 SYSTEMPATH\CodeIgniter.php(340): CodeIgniter\CodeIgniter->handleRequest(null, Object(Config\Cache), false)
 9 FCPATH\index.php(67): CodeIgniter\CodeIgniter->run()
CRITICAL - 2022-12-06 12:23:53 --> Undefined array key ""
in APPPATH\Views\resultado.php on line 19.
 1 APPPATH\Views\resultado.php(19): CodeIgniter\Debug\Exceptions->errorHandler(2, 'Undefined array key ""', 'APPPATH\\Views\\resultado.php', 19)
 2 SYSTEMPATH\View\View.php(213): include('APPPATH\\Views\\resultado.php')
 3 SYSTEMPATH\View\View.php(216): CodeIgniter\View\View->CodeIgniter\View\{closure}()
 4 SYSTEMPATH\Common.php(1137): CodeIgniter\View\View->render('resultado', [], true)
 5 APPPATH\Controllers\Home.php(119): view('resultado', [...])
 6 SYSTEMPATH\CodeIgniter.php(904): App\Controllers\Home->comparador()
 7 SYSTEMPATH\CodeIgniter.php(457): CodeIgniter\CodeIgniter->runController(Object(App\Controllers\Home))
 8 SYSTEMPATH\CodeIgniter.php(340): CodeIgniter\CodeIgniter->handleRequest(null, Object(Config\Cache), false)
 9 FCPATH\index.php(67): CodeIgniter\CodeIgniter->run()
CRITICAL - 2022-12-06 12:24:01 --> Undefined array key "m"
in APPPATH\Views\resultado.php on line 19.
 1 APPPATH\Views\resultado.php(19): CodeIgniter\Debug\Exceptions->errorHandler(2, 'Undefined array key "m"', 'APPPATH\\Views\\resultado.php', 19)
 2 SYSTEMPATH\View\View.php(213): include('APPPATH\\Views\\resultado.php')
 3 SYSTEMPATH\View\View.php(216): CodeIgniter\View\View->CodeIgniter\View\{closure}()
 4 SYSTEMPATH\Common.php(1137): CodeIgniter\View\View->render('resultado', [], true)
 5 APPPATH\Controllers\Home.php(119): view('resultado', [...])
 6 SYSTEMPATH\CodeIgniter.php(904): App\Controllers\Home->comparador()
 7 SYSTEMPATH\CodeIgniter.php(457): CodeIgniter\CodeIgniter->runController(Object(App\Controllers\Home))
 8 SYSTEMPATH\CodeIgniter.php(340): CodeIgniter\CodeIgniter->handleRequest(null, Object(Config\Cache), false)
 9 FCPATH\index.php(67): CodeIgniter\CodeIgniter->run()
CRITICAL - 2022-12-06 12:24:20 --> Undefined array key "mhz"
in APPPATH\Views\resultado.php on line 19.
 1 APPPATH\Views\resultado.php(19): CodeIgniter\Debug\Exceptions->errorHandler(2, 'Undefined array key "mhz"', 'APPPATH\\Views\\resultado.php', 19)
 2 SYSTEMPATH\View\View.php(213): include('APPPATH\\Views\\resultado.php')
 3 SYSTEMPATH\View\View.php(216): CodeIgniter\View\View->CodeIgniter\View\{closure}()
 4 SYSTEMPATH\Common.php(1137): CodeIgniter\View\View->render('resultado', [], true)
 5 APPPATH\Controllers\Home.php(119): view('resultado', [...])
 6 SYSTEMPATH\CodeIgniter.php(904): App\Controllers\Home->comparador()
 7 SYSTEMPATH\CodeIgniter.php(457): CodeIgniter\CodeIgniter->runController(Object(App\Controllers\Home))
 8 SYSTEMPATH\CodeIgniter.php(340): CodeIgniter\CodeIgniter->handleRequest(null, Object(Config\Cache), false)
 9 FCPATH\index.php(67): CodeIgniter\CodeIgniter->run()
CRITICAL - 2022-12-06 12:25:16 --> Undefined array key "equipos1"
in APPPATH\Views\resultado.php on line 19.
 1 APPPATH\Views\resultado.php(19): CodeIgniter\Debug\Exceptions->errorHandler(2, 'Undefined array key "equipos1"', 'APPPATH\\Views\\resultado.php', 19)
 2 SYSTEMPATH\View\View.php(213): include('APPPATH\\Views\\resultado.php')
 3 SYSTEMPATH\View\View.php(216): CodeIgniter\View\View->CodeIgniter\View\{closure}()
 4 SYSTEMPATH\Common.php(1137): CodeIgniter\View\View->render('resultado', [], true)
 5 APPPATH\Controllers\Home.php(119): view('resultado', [...])
 6 SYSTEMPATH\CodeIgniter.php(904): App\Controllers\Home->comparador()
 7 SYSTEMPATH\CodeIgniter.php(457): CodeIgniter\CodeIgniter->runController(Object(App\Controllers\Home))
 8 SYSTEMPATH\CodeIgniter.php(340): CodeIgniter\CodeIgniter->handleRequest(null, Object(Config\Cache), false)
 9 FCPATH\index.php(67): CodeIgniter\CodeIgniter->run()
CRITICAL - 2022-12-06 12:26:50 --> Undefined constant "cod_juego"
in APPPATH\Views\resultado.php on line 19.
 1 SYSTEMPATH\View\View.php(213): include()
 2 SYSTEMPATH\View\View.php(216): CodeIgniter\View\View->CodeIgniter\View\{closure}()
 3 SYSTEMPATH\Common.php(1137): CodeIgniter\View\View->render('resultado', [], true)
 4 APPPATH\Controllers\Home.php(119): view('resultado', [...])
 5 SYSTEMPATH\CodeIgniter.php(904): App\Controllers\Home->comparador()
 6 SYSTEMPATH\CodeIgniter.php(457): CodeIgniter\CodeIgniter->runController(Object(App\Controllers\Home))
 7 SYSTEMPATH\CodeIgniter.php(340): CodeIgniter\CodeIgniter->handleRequest(null, Object(Config\Cache), false)
 8 FCPATH\index.php(67): CodeIgniter\CodeIgniter->run()
CRITICAL - 2022-12-06 12:27:08 --> Undefined array key "cod_juego"
in APPPATH\Views\resultado.php on line 19.
 1 APPPATH\Views\resultado.php(19): CodeIgniter\Debug\Exceptions->errorHandler(2, 'Undefined array key "cod_juego"', 'APPPATH\\Views\\resultado.php', 19)
 2 SYSTEMPATH\View\View.php(213): include('APPPATH\\Views\\resultado.php')
 3 SYSTEMPATH\View\View.php(216): CodeIgniter\View\View->CodeIgniter\View\{closure}()
 4 SYSTEMPATH\Common.php(1137): CodeIgniter\View\View->render('resultado', [], true)
 5 APPPATH\Controllers\Home.php(119): view('resultado', [...])
 6 SYSTEMPATH\CodeIgniter.php(904): App\Controllers\Home->comparador()
 7 SYSTEMPATH\CodeIgniter.php(457): CodeIgniter\CodeIgniter->runController(Object(App\Controllers\Home))
 8 SYSTEMPATH\CodeIgniter.php(340): CodeIgniter\CodeIgniter->handleRequest(null, Object(Config\Cache), false)
 9 FCPATH\index.php(67): CodeIgniter\CodeIgniter->run()
CRITICAL - 2022-12-06 12:28:44 --> Undefined array key "titulo"
in APPPATH\Views\resultado.php on line 7.
 1 APPPATH\Views\resultado.php(7): CodeIgniter\Debug\Exceptions->errorHandler(2, 'Undefined array key "titulo"', 'APPPATH\\Views\\resultado.php', 7)
 2 SYSTEMPATH\View\View.php(213): include('APPPATH\\Views\\resultado.php')
 3 SYSTEMPATH\View\View.php(216): CodeIgniter\View\View->CodeIgniter\View\{closure}()
 4 SYSTEMPATH\Common.php(1137): CodeIgniter\View\View->render('resultado', [], true)
 5 APPPATH\Controllers\Home.php(119): view('resultado', [...])
 6 SYSTEMPATH\CodeIgniter.php(904): App\Controllers\Home->comparador()
 7 SYSTEMPATH\CodeIgniter.php(457): CodeIgniter\CodeIgniter->runController(Object(App\Controllers\Home))
 8 SYSTEMPATH\CodeIgniter.php(340): CodeIgniter\CodeIgniter->handleRequest(null, Object(Config\Cache), false)
 9 FCPATH\index.php(67): CodeIgniter\CodeIgniter->run()
CRITICAL - 2022-12-06 12:30:37 --> syntax error, unexpected variable "$juegos", expecting "("
in APPPATH\Views\resultado.php on line 7.
 1 SYSTEMPATH\View\View.php(216): CodeIgniter\View\View->CodeIgniter\View\{closure}()
 2 SYSTEMPATH\Common.php(1137): CodeIgniter\View\View->render('resultado', [], true)
 3 APPPATH\Controllers\Home.php(119): view('resultado', [...])
 4 SYSTEMPATH\CodeIgniter.php(904): App\Controllers\Home->comparador()
 5 SYSTEMPATH\CodeIgniter.php(457): CodeIgniter\CodeIgniter->runController(Object(App\Controllers\Home))
 6 SYSTEMPATH\CodeIgniter.php(340): CodeIgniter\CodeIgniter->handleRequest(null, Object(Config\Cache), false)
 7 FCPATH\index.php(67): CodeIgniter\CodeIgniter->run()
CRITICAL - 2022-12-06 12:31:15 --> syntax error, unexpected variable "$juegos", expecting "("
in APPPATH\Views\resultado.php on line 7.
 1 SYSTEMPATH\View\View.php(216): CodeIgniter\View\View->CodeIgniter\View\{closure}()
 2 SYSTEMPATH\Common.php(1137): CodeIgniter\View\View->render('resultado', [], true)
 3 APPPATH\Controllers\Home.php(119): view('resultado', [...])
 4 SYSTEMPATH\CodeIgniter.php(904): App\Controllers\Home->comparador()
 5 SYSTEMPATH\CodeIgniter.php(457): CodeIgniter\CodeIgniter->runController(Object(App\Controllers\Home))
 6 SYSTEMPATH\CodeIgniter.php(340): CodeIgniter\CodeIgniter->handleRequest(null, Object(Config\Cache), false)
 7 FCPATH\index.php(67): CodeIgniter\CodeIgniter->run()
CRITICAL - 2022-12-06 12:39:30 --> syntax error, unexpected token "echo"
in APPPATH\Views\resultado.php on line 24.
 1 SYSTEMPATH\View\View.php(216): CodeIgniter\View\View->CodeIgniter\View\{closure}()
 2 SYSTEMPATH\Common.php(1137): CodeIgniter\View\View->render('resultado', [], true)
 3 APPPATH\Controllers\Home.php(119): view('resultado', [...])
 4 SYSTEMPATH\CodeIgniter.php(904): App\Controllers\Home->comparador()
 5 SYSTEMPATH\CodeIgniter.php(457): CodeIgniter\CodeIgniter->runController(Object(App\Controllers\Home))
 6 SYSTEMPATH\CodeIgniter.php(340): CodeIgniter\CodeIgniter->handleRequest(null, Object(Config\Cache), false)
 7 FCPATH\index.php(67): CodeIgniter\CodeIgniter->run()
CRITICAL - 2022-12-06 16:22:03 --> syntax error, unexpected token "/"
in APPPATH\Views\paginaPerfil.php on line 10.
 1 SYSTEMPATH\View\View.php(216): CodeIgniter\View\View->CodeIgniter\View\{closure}()
 2 SYSTEMPATH\Common.php(1137): CodeIgniter\View\View->render('paginaPerfil', [], true)
 3 APPPATH\Controllers\Perfil.php(26): view('paginaPerfil', [...])
 4 SYSTEMPATH\CodeIgniter.php(904): App\Controllers\Perfil->verPerfil()
 5 SYSTEMPATH\CodeIgniter.php(457): CodeIgniter\CodeIgniter->runController(Object(App\Controllers\Perfil))
 6 SYSTEMPATH\CodeIgniter.php(340): CodeIgniter\CodeIgniter->handleRequest(null, Object(Config\Cache), false)
 7 FCPATH\index.php(67): CodeIgniter\CodeIgniter->run()
CRITICAL - 2022-12-06 16:22:24 --> Call to undefined method CodeIgniter\Session\Session::getVar()
in APPPATH\Views\paginaPerfil.php on line 10.
 1 SYSTEMPATH\View\View.php(213): include()
 2 SYSTEMPATH\View\View.php(216): CodeIgniter\View\View->CodeIgniter\View\{closure}()
 3 SYSTEMPATH\Common.php(1137): CodeIgniter\View\View->render('paginaPerfil', [], true)
 4 APPPATH\Controllers\Perfil.php(26): view('paginaPerfil', [...])
 5 SYSTEMPATH\CodeIgniter.php(904): App\Controllers\Perfil->verPerfil()
 6 SYSTEMPATH\CodeIgniter.php(457): CodeIgniter\CodeIgniter->runController(Object(App\Controllers\Perfil))
 7 SYSTEMPATH\CodeIgniter.php(340): CodeIgniter\CodeIgniter->handleRequest(null, Object(Config\Cache), false)
 8 FCPATH\index.php(67): CodeIgniter\CodeIgniter->run()
CRITICAL - 2022-12-06 16:44:12 --> Call to undefined method CodeIgniter\Session\Session::getVar()
in APPPATH\Views\paginaPerfil.php on line 10.
 1 SYSTEMPATH\View\View.php(213): include()
 2 SYSTEMPATH\View\View.php(216): CodeIgniter\View\View->CodeIgniter\View\{closure}()
 3 SYSTEMPATH\Common.php(1137): CodeIgniter\View\View->render('paginaPerfil', [], true)
 4 APPPATH\Controllers\Perfil.php(26): view('paginaPerfil', [...])
 5 SYSTEMPATH\CodeIgniter.php(904): App\Controllers\Perfil->verPerfil()
 6 SYSTEMPATH\CodeIgniter.php(457): CodeIgniter\CodeIgniter->runController(Object(App\Controllers\Perfil))
 7 SYSTEMPATH\CodeIgniter.php(340): CodeIgniter\CodeIgniter->handleRequest(null, Object(Config\Cache), false)
 8 FCPATH\index.php(67): CodeIgniter\CodeIgniter->run()
CRITICAL - 2022-12-06 16:45:15 --> Call to undefined method CodeIgniter\Session\Session::getVar()
in APPPATH\Views\paginaPerfil.php on line 10.
 1 SYSTEMPATH\View\View.php(213): include()
 2 SYSTEMPATH\View\View.php(216): CodeIgniter\View\View->CodeIgniter\View\{closure}()
 3 SYSTEMPATH\Common.php(1137): CodeIgniter\View\View->render('paginaPerfil', [], true)
 4 APPPATH\Controllers\Perfil.php(26): view('paginaPerfil', [...])
 5 SYSTEMPATH\CodeIgniter.php(904): App\Controllers\Perfil->verPerfil()
 6 SYSTEMPATH\CodeIgniter.php(457): CodeIgniter\CodeIgniter->runController(Object(App\Controllers\Perfil))
 7 SYSTEMPATH\CodeIgniter.php(340): CodeIgniter\CodeIgniter->handleRequest(null, Object(Config\Cache), false)
 8 FCPATH\index.php(67): CodeIgniter\CodeIgniter->run()
CRITICAL - 2022-12-06 16:46:14 --> syntax error, unexpected identifier "dd"
in APPPATH\Views\paginaPerfil.php on line 10.
 1 SYSTEMPATH\View\View.php(216): CodeIgniter\View\View->CodeIgniter\View\{closure}()
 2 SYSTEMPATH\Common.php(1137): CodeIgniter\View\View->render('paginaPerfil', [], true)
 3 APPPATH\Controllers\Perfil.php(26): view('paginaPerfil', [...])
 4 SYSTEMPATH\CodeIgniter.php(904): App\Controllers\Perfil->verPerfil()
 5 SYSTEMPATH\CodeIgniter.php(457): CodeIgniter\CodeIgniter->runController(Object(App\Controllers\Perfil))
 6 SYSTEMPATH\CodeIgniter.php(340): CodeIgniter\CodeIgniter->handleRequest(null, Object(Config\Cache), false)
 7 FCPATH\index.php(67): CodeIgniter\CodeIgniter->run()
CRITICAL - 2022-12-06 16:50:50 --> Object of type CodeIgniter\Session\Session is not callable
in APPPATH\Views\paginaPerfil.php on line 10.
 1 SYSTEMPATH\View\View.php(213): include()
 2 SYSTEMPATH\View\View.php(216): CodeIgniter\View\View->CodeIgniter\View\{closure}()
 3 SYSTEMPATH\Common.php(1137): CodeIgniter\View\View->render('paginaPerfil', [], true)
 4 APPPATH\Controllers\Perfil.php(26): view('paginaPerfil', [...])
 5 SYSTEMPATH\CodeIgniter.php(904): App\Controllers\Perfil->verPerfil()
 6 SYSTEMPATH\CodeIgniter.php(457): CodeIgniter\CodeIgniter->runController(Object(App\Controllers\Perfil))
 7 SYSTEMPATH\CodeIgniter.php(340): CodeIgniter\CodeIgniter->handleRequest(null, Object(Config\Cache), false)
 8 FCPATH\index.php(67): CodeIgniter\CodeIgniter->run()
CRITICAL - 2022-12-06 17:36:29 --> syntax error, unexpected token ":", expecting "," or ";"
in APPPATH\Views\paginaPerfil.php on line 10.
 1 SYSTEMPATH\View\View.php(216): CodeIgniter\View\View->CodeIgniter\View\{closure}()
 2 SYSTEMPATH\Common.php(1137): CodeIgniter\View\View->render('paginaPerfil', [], true)
 3 APPPATH\Controllers\Perfil.php(26): view('paginaPerfil', [...])
 4 SYSTEMPATH\CodeIgniter.php(904): App\Controllers\Perfil->verPerfil()
 5 SYSTEMPATH\CodeIgniter.php(457): CodeIgniter\CodeIgniter->runController(Object(App\Controllers\Perfil))
 6 SYSTEMPATH\CodeIgniter.php(340): CodeIgniter\CodeIgniter->handleRequest(null, Object(Config\Cache), false)
 7 FCPATH\index.php(67): CodeIgniter\CodeIgniter->run()
CRITICAL - 2022-12-06 17:43:34 --> syntax error, unexpected token ")"
in APPPATH\Views\paginaPerfil.php on line 16.
 1 SYSTEMPATH\View\View.php(216): CodeIgniter\View\View->CodeIgniter\View\{closure}()
 2 SYSTEMPATH\Common.php(1137): CodeIgniter\View\View->render('paginaPerfil', [], true)
 3 APPPATH\Controllers\Perfil.php(26): view('paginaPerfil', [...])
 4 SYSTEMPATH\CodeIgniter.php(904): App\Controllers\Perfil->verPerfil()
 5 SYSTEMPATH\CodeIgniter.php(457): CodeIgniter\CodeIgniter->runController(Object(App\Controllers\Perfil))
 6 SYSTEMPATH\CodeIgniter.php(340): CodeIgniter\CodeIgniter->handleRequest(null, Object(Config\Cache), false)
 7 FCPATH\index.php(67): CodeIgniter\CodeIgniter->run()
