CRITICAL - 2022-10-13 12:43:17 --> Undefined variable $cabecera
in APPPATH\Views\rams\editarRam.php on line 1.
 1 APPPATH\Views\rams\editarRam.php(1): CodeIgniter\Debug\Exceptions->errorHandler(2, 'Undefined variable $cabecera', 'APPPATH\\Views\\rams\\editarRam.php', 1)
 2 SYSTEMPATH\View\View.php(213): include('APPPATH\\Views\\rams\\editarRam.php')
 3 SYSTEMPATH\View\View.php(216): CodeIgniter\View\View->CodeIgniter\View\{closure}()
 4 SYSTEMPATH\Common.php(1137): CodeIgniter\View\View->render('rams/editarRam', [], true)
 5 APPPATH\Controllers\Rams.php(121): view('rams/editarRam')
 6 SYSTEMPATH\CodeIgniter.php(904): App\Controllers\Rams->editarRam('70')
 7 SYSTEMPATH\CodeIgniter.php(457): CodeIgniter\CodeIgniter->runController(Object(App\Controllers\Rams))
 8 SYSTEMPATH\CodeIgniter.php(340): CodeIgniter\CodeIgniter->handleRequest(null, Object(Config\Cache), false)
 9 FCPATH\index.php(67): CodeIgniter\CodeIgniter->run()
CRITICAL - 2022-10-13 12:50:13 --> Call to a member function get() on array
in APPPATH\Views\rams\editarRam.php on line 18.
 1 SYSTEMPATH\View\View.php(213): include()
 2 SYSTEMPATH\View\View.php(216): CodeIgniter\View\View->CodeIgniter\View\{closure}()
 3 SYSTEMPATH\Common.php(1137): CodeIgniter\View\View->render('rams/editarRam', [], true)
 4 APPPATH\Controllers\Rams.php(121): view('rams/editarRam', [...])
 5 SYSTEMPATH\CodeIgniter.php(904): App\Controllers\Rams->editarRam('70')
 6 SYSTEMPATH\CodeIgniter.php(457): CodeIgniter\CodeIgniter->runController(Object(App\Controllers\Rams))
 7 SYSTEMPATH\CodeIgniter.php(340): CodeIgniter\CodeIgniter->handleRequest(null, Object(Config\Cache), false)
 8 FCPATH\index.php(67): CodeIgniter\CodeIgniter->run()
CRITICAL - 2022-10-13 13:26:58 --> Can't use method return value in write context
in APPPATH\Controllers\Rams.php on line 59.
 1 [internal function]: CodeIgniter\Debug\Exceptions->shutdownHandler()
CRITICAL - 2022-10-13 13:27:00 --> Can't use method return value in write context
in APPPATH\Controllers\Rams.php on line 59.
 1 [internal function]: CodeIgniter\Debug\Exceptions->shutdownHandler()
CRITICAL - 2022-10-13 13:27:02 --> Can't use method return value in write context
in APPPATH\Controllers\Rams.php on line 59.
 1 [internal function]: CodeIgniter\Debug\Exceptions->shutdownHandler()
CRITICAL - 2022-10-13 13:27:02 --> Can't use method return value in write context
in APPPATH\Controllers\Rams.php on line 59.
 1 [internal function]: CodeIgniter\Debug\Exceptions->shutdownHandler()
CRITICAL - 2022-10-13 13:34:13 --> syntax error, unexpected token "endif"
in APPPATH\Controllers\Rams.php on line 63.
 1 SYSTEMPATH\Autoloader\Autoloader.php(259): CodeIgniter\Autoloader\Autoloader->includeFile('APPPATH\\Controllers\\Rams.php')
 2 SYSTEMPATH\Autoloader\Autoloader.php(237): CodeIgniter\Autoloader\Autoloader->loadInNamespace('App\\Controllers\\Rams')
 3 [internal function]: CodeIgniter\Autoloader\Autoloader->loadClass('App\\Controllers\\Rams')
 4 SYSTEMPATH\CodeIgniter.php(854): class_exists('\\App\\Controllers\\Rams', true)
 5 SYSTEMPATH\CodeIgniter.php(444): CodeIgniter\CodeIgniter->startController()
 6 SYSTEMPATH\CodeIgniter.php(340): CodeIgniter\CodeIgniter->handleRequest(null, Object(Config\Cache), false)
 7 FCPATH\index.php(67): CodeIgniter\CodeIgniter->run()
CRITICAL - 2022-10-13 13:47:58 --> Undefined variable $cabecera
in APPPATH\Views\rams\crearRam.php on line 1.
 1 APPPATH\Views\rams\crearRam.php(1): CodeIgniter\Debug\Exceptions->errorHandler(2, 'Undefined variable $cabecera', 'APPPATH\\Views\\rams\\crearRam.php', 1)
 2 SYSTEMPATH\View\View.php(213): include('APPPATH\\Views\\rams\\crearRam.php')
 3 SYSTEMPATH\View\View.php(216): CodeIgniter\View\View->CodeIgniter\View\{closure}()
 4 SYSTEMPATH\Common.php(1137): CodeIgniter\View\View->render('rams/crearRam', [], true)
 5 APPPATH\Controllers\Rams.php(61): view('rams/crearRam', [...])
 6 SYSTEMPATH\CodeIgniter.php(904): App\Controllers\Rams->guardarRam()
 7 SYSTEMPATH\CodeIgniter.php(457): CodeIgniter\CodeIgniter->runController(Object(App\Controllers\Rams))
 8 SYSTEMPATH\CodeIgniter.php(340): CodeIgniter\CodeIgniter->handleRequest(null, Object(Config\Cache), false)
 9 FCPATH\index.php(67): CodeIgniter\CodeIgniter->run()
CRITICAL - 2022-10-13 13:52:16 --> syntax error, unexpected token "*"
in APPPATH\Controllers\Rams.php on line 50.
 1 SYSTEMPATH\Autoloader\Autoloader.php(259): CodeIgniter\Autoloader\Autoloader->includeFile('APPPATH\\Controllers\\Rams.php')
 2 SYSTEMPATH\Autoloader\Autoloader.php(237): CodeIgniter\Autoloader\Autoloader->loadInNamespace('App\\Controllers\\Rams')
 3 [internal function]: CodeIgniter\Autoloader\Autoloader->loadClass('App\\Controllers\\Rams')
 4 SYSTEMPATH\CodeIgniter.php(854): class_exists('\\App\\Controllers\\Rams', true)
 5 SYSTEMPATH\CodeIgniter.php(444): CodeIgniter\CodeIgniter->startController()
 6 SYSTEMPATH\CodeIgniter.php(340): CodeIgniter\CodeIgniter->handleRequest(null, Object(Config\Cache), false)
 7 FCPATH\index.php(67): CodeIgniter\CodeIgniter->run()
CRITICAL - 2022-10-13 13:52:23 --> syntax error, unexpected token "*"
in APPPATH\Controllers\Rams.php on line 50.
 1 SYSTEMPATH\Autoloader\Autoloader.php(259): CodeIgniter\Autoloader\Autoloader->includeFile('APPPATH\\Controllers\\Rams.php')
 2 SYSTEMPATH\Autoloader\Autoloader.php(237): CodeIgniter\Autoloader\Autoloader->loadInNamespace('App\\Controllers\\Rams')
 3 [internal function]: CodeIgniter\Autoloader\Autoloader->loadClass('App\\Controllers\\Rams')
 4 SYSTEMPATH\CodeIgniter.php(854): class_exists('\\App\\Controllers\\Rams', true)
 5 SYSTEMPATH\CodeIgniter.php(444): CodeIgniter\CodeIgniter->startController()
 6 SYSTEMPATH\CodeIgniter.php(340): CodeIgniter\CodeIgniter->handleRequest(null, Object(Config\Cache), false)
 7 FCPATH\index.php(67): CodeIgniter\CodeIgniter->run()
CRITICAL - 2022-10-13 13:52:34 --> syntax error, unexpected token "*"
in APPPATH\Controllers\Rams.php on line 66.
 1 SYSTEMPATH\Autoloader\Autoloader.php(259): CodeIgniter\Autoloader\Autoloader->includeFile('APPPATH\\Controllers\\Rams.php')
 2 SYSTEMPATH\Autoloader\Autoloader.php(237): CodeIgniter\Autoloader\Autoloader->loadInNamespace('App\\Controllers\\Rams')
 3 [internal function]: CodeIgniter\Autoloader\Autoloader->loadClass('App\\Controllers\\Rams')
 4 SYSTEMPATH\CodeIgniter.php(854): class_exists('\\App\\Controllers\\Rams', true)
 5 SYSTEMPATH\CodeIgniter.php(444): CodeIgniter\CodeIgniter->startController()
 6 SYSTEMPATH\CodeIgniter.php(340): CodeIgniter\CodeIgniter->handleRequest(null, Object(Config\Cache), false)
 7 FCPATH\index.php(67): CodeIgniter\CodeIgniter->run()
CRITICAL - 2022-10-13 14:01:44 --> Undefined variable $info
in APPPATH\Views\main.php on line 4.
 1 APPPATH\Views\main.php(4): CodeIgniter\Debug\Exceptions->errorHandler(2, 'Undefined variable $info', 'APPPATH\\Views\\main.php', 4)
 2 SYSTEMPATH\View\View.php(213): include('APPPATH\\Views\\main.php')
 3 SYSTEMPATH\View\View.php(216): CodeIgniter\View\View->CodeIgniter\View\{closure}()
 4 SYSTEMPATH\Common.php(1137): CodeIgniter\View\View->render('main', [], true)
 5 APPPATH\Controllers\Equipos.php(54): view('main', [...])
 6 SYSTEMPATH\CodeIgniter.php(904): App\Controllers\Equipos->crearEquipo()
 7 SYSTEMPATH\CodeIgniter.php(457): CodeIgniter\CodeIgniter->runController(Object(App\Controllers\Equipos))
 8 SYSTEMPATH\CodeIgniter.php(340): CodeIgniter\CodeIgniter->handleRequest(null, Object(Config\Cache), false)
 9 FCPATH\index.php(67): CodeIgniter\CodeIgniter->run()
CRITICAL - 2022-10-13 14:01:52 --> Undefined variable $info
in APPPATH\Views\main.php on line 4.
 1 APPPATH\Views\main.php(4): CodeIgniter\Debug\Exceptions->errorHandler(2, 'Undefined variable $info', 'APPPATH\\Views\\main.php', 4)
 2 SYSTEMPATH\View\View.php(213): include('APPPATH\\Views\\main.php')
 3 SYSTEMPATH\View\View.php(216): CodeIgniter\View\View->CodeIgniter\View\{closure}()
 4 SYSTEMPATH\Common.php(1137): CodeIgniter\View\View->render('main', [], true)
 5 APPPATH\Controllers\Equipos.php(54): view('main', [...])
 6 SYSTEMPATH\CodeIgniter.php(904): App\Controllers\Equipos->crearEquipo()
 7 SYSTEMPATH\CodeIgniter.php(457): CodeIgniter\CodeIgniter->runController(Object(App\Controllers\Equipos))
 8 SYSTEMPATH\CodeIgniter.php(340): CodeIgniter\CodeIgniter->handleRequest(null, Object(Config\Cache), false)
 9 FCPATH\index.php(67): CodeIgniter\CodeIgniter->run()
CRITICAL - 2022-10-13 14:02:09 --> Undefined variable $info
in APPPATH\Views\main.php on line 4.
 1 APPPATH\Views\main.php(4): CodeIgniter\Debug\Exceptions->errorHandler(2, 'Undefined variable $info', 'APPPATH\\Views\\main.php', 4)
 2 SYSTEMPATH\View\View.php(213): include('APPPATH\\Views\\main.php')
 3 SYSTEMPATH\View\View.php(216): CodeIgniter\View\View->CodeIgniter\View\{closure}()
 4 SYSTEMPATH\Common.php(1137): CodeIgniter\View\View->render('main', [], true)
 5 APPPATH\Controllers\Equipos.php(54): view('main', [...])
 6 SYSTEMPATH\CodeIgniter.php(904): App\Controllers\Equipos->crearEquipo()
 7 SYSTEMPATH\CodeIgniter.php(457): CodeIgniter\CodeIgniter->runController(Object(App\Controllers\Equipos))
 8 SYSTEMPATH\CodeIgniter.php(340): CodeIgniter\CodeIgniter->handleRequest(null, Object(Config\Cache), false)
 9 FCPATH\index.php(67): CodeIgniter\CodeIgniter->run()
CRITICAL - 2022-10-13 14:04:13 --> syntax error, unexpected token ":"
in APPPATH\Controllers\Equipos.php on line 51.
 1 SYSTEMPATH\Autoloader\Autoloader.php(259): CodeIgniter\Autoloader\Autoloader->includeFile('APPPATH\\Controllers\\Equipos.php')
 2 SYSTEMPATH\Autoloader\Autoloader.php(237): CodeIgniter\Autoloader\Autoloader->loadInNamespace('App\\Controllers\\Equipos')
 3 [internal function]: CodeIgniter\Autoloader\Autoloader->loadClass('App\\Controllers\\Equipos')
 4 SYSTEMPATH\CodeIgniter.php(854): class_exists('\\App\\Controllers\\Equipos', true)
 5 SYSTEMPATH\CodeIgniter.php(444): CodeIgniter\CodeIgniter->startController()
 6 SYSTEMPATH\CodeIgniter.php(340): CodeIgniter\CodeIgniter->handleRequest(null, Object(Config\Cache), false)
 7 FCPATH\index.php(67): CodeIgniter\CodeIgniter->run()
CRITICAL - 2022-10-13 14:41:00 --> Unclosed '(' on line 80 does not match '}'
in APPPATH\Controllers\Equipos.php on line 84.
 1 SYSTEMPATH\Autoloader\Autoloader.php(259): CodeIgniter\Autoloader\Autoloader->includeFile('APPPATH\\Controllers\\Equipos.php')
 2 SYSTEMPATH\Autoloader\Autoloader.php(237): CodeIgniter\Autoloader\Autoloader->loadInNamespace('App\\Controllers\\Equipos')
 3 [internal function]: CodeIgniter\Autoloader\Autoloader->loadClass('App\\Controllers\\Equipos')
 4 SYSTEMPATH\CodeIgniter.php(854): class_exists('\\App\\Controllers\\Equipos', true)
 5 SYSTEMPATH\CodeIgniter.php(444): CodeIgniter\CodeIgniter->startController()
 6 SYSTEMPATH\CodeIgniter.php(340): CodeIgniter\CodeIgniter->handleRequest(null, Object(Config\Cache), false)
 7 FCPATH\index.php(67): CodeIgniter\CodeIgniter->run()
CRITICAL - 2022-10-13 14:41:27 --> Class "App\Controllers\mysqli" not found
in APPPATH\Controllers\Equipos.php on line 66.
 1 SYSTEMPATH\CodeIgniter.php(904): App\Controllers\Equipos->guardarEquipo()
 2 SYSTEMPATH\CodeIgniter.php(457): CodeIgniter\CodeIgniter->runController(Object(App\Controllers\Equipos))
 3 SYSTEMPATH\CodeIgniter.php(340): CodeIgniter\CodeIgniter->handleRequest(null, Object(Config\Cache), false)
 4 FCPATH\index.php(67): CodeIgniter\CodeIgniter->run()
CRITICAL - 2022-10-13 15:09:56 --> Undefined variable $cod_equip
in APPPATH\Controllers\Equipos.php on line 74.
 1 APPPATH\Controllers\Equipos.php(74): CodeIgniter\Debug\Exceptions->errorHandler(2, 'Undefined variable $cod_equip', 'APPPATH\\Controllers\\Equipos.php', 74)
 2 SYSTEMPATH\CodeIgniter.php(904): App\Controllers\Equipos->guardarEquipo()
 3 SYSTEMPATH\CodeIgniter.php(457): CodeIgniter\CodeIgniter->runController(Object(App\Controllers\Equipos))
 4 SYSTEMPATH\CodeIgniter.php(340): CodeIgniter\CodeIgniter->handleRequest(null, Object(Config\Cache), false)
 5 FCPATH\index.php(67): CodeIgniter\CodeIgniter->run()
CRITICAL - 2022-10-13 15:20:15 --> Array to string conversion
in APPPATH\Controllers\Equipos.php on line 78.
 1 APPPATH\Controllers\Equipos.php(78): CodeIgniter\Debug\Exceptions->errorHandler(2, 'Array to string conversion', 'APPPATH\\Controllers\\Equipos.php', 78)
 2 SYSTEMPATH\CodeIgniter.php(904): App\Controllers\Equipos->guardarEquipo()
 3 SYSTEMPATH\CodeIgniter.php(457): CodeIgniter\CodeIgniter->runController(Object(App\Controllers\Equipos))
 4 SYSTEMPATH\CodeIgniter.php(340): CodeIgniter\CodeIgniter->handleRequest(null, Object(Config\Cache), false)
 5 FCPATH\index.php(67): CodeIgniter\CodeIgniter->run()
CRITICAL - 2022-10-13 15:20:34 --> Array to string conversion
in SYSTEMPATH\Database\BaseBuilder.php on line 2101.
 1 SYSTEMPATH\Database\BaseBuilder.php(2101): CodeIgniter\Debug\Exceptions->errorHandler(2, 'Array to string conversion', 'SYSTEMPATH\\Database\\BaseBuilder.php', 2101)
 2 SYSTEMPATH\Database\BaseBuilder.php(2073): CodeIgniter\Database\BaseBuilder->_update('`USUARIO`', [...])
 3 APPPATH\Controllers\Equipos.php(80): CodeIgniter\Database\BaseBuilder->update()
 4 SYSTEMPATH\CodeIgniter.php(904): App\Controllers\Equipos->guardarEquipo()
 5 SYSTEMPATH\CodeIgniter.php(457): CodeIgniter\CodeIgniter->runController(Object(App\Controllers\Equipos))
 6 SYSTEMPATH\CodeIgniter.php(340): CodeIgniter\CodeIgniter->handleRequest(null, Object(Config\Cache), false)
 7 FCPATH\index.php(67): CodeIgniter\CodeIgniter->run()
CRITICAL - 2022-10-13 15:24:54 --> Array to string conversion
in SYSTEMPATH\Database\BaseBuilder.php on line 2101.
 1 SYSTEMPATH\Database\BaseBuilder.php(2101): CodeIgniter\Debug\Exceptions->errorHandler(2, 'Array to string conversion', 'SYSTEMPATH\\Database\\BaseBuilder.php', 2101)
 2 SYSTEMPATH\Database\BaseBuilder.php(2073): CodeIgniter\Database\BaseBuilder->_update('`USUARIO`', [...])
 3 APPPATH\Controllers\Equipos.php(81): CodeIgniter\Database\BaseBuilder->update()
 4 SYSTEMPATH\CodeIgniter.php(904): App\Controllers\Equipos->guardarEquipo()
 5 SYSTEMPATH\CodeIgniter.php(457): CodeIgniter\CodeIgniter->runController(Object(App\Controllers\Equipos))
 6 SYSTEMPATH\CodeIgniter.php(340): CodeIgniter\CodeIgniter->handleRequest(null, Object(Config\Cache), false)
 7 FCPATH\index.php(67): CodeIgniter\CodeIgniter->run()
CRITICAL - 2022-10-13 17:43:34 --> syntax error, unexpected token "=", expecting "]"
in APPPATH\Controllers\Equipos.php on line 80.
 1 SYSTEMPATH\Autoloader\Autoloader.php(259): CodeIgniter\Autoloader\Autoloader->includeFile('APPPATH\\Controllers\\Equipos.php')
 2 SYSTEMPATH\Autoloader\Autoloader.php(237): CodeIgniter\Autoloader\Autoloader->loadInNamespace('App\\Controllers\\Equipos')
 3 [internal function]: CodeIgniter\Autoloader\Autoloader->loadClass('App\\Controllers\\Equipos')
 4 SYSTEMPATH\CodeIgniter.php(854): class_exists('\\App\\Controllers\\Equipos', true)
 5 SYSTEMPATH\CodeIgniter.php(444): CodeIgniter\CodeIgniter->startController()
 6 SYSTEMPATH\CodeIgniter.php(340): CodeIgniter\CodeIgniter->handleRequest(null, Object(Config\Cache), false)
 7 FCPATH\index.php(67): CodeIgniter\CodeIgniter->run()
CRITICAL - 2022-10-13 17:44:03 --> There is no data to update.
in SYSTEMPATH\BaseModel.php on line 846.
 1 SYSTEMPATH\BaseModel.php(846): CodeIgniter\Database\Exceptions\DataException::forEmptyDataset('update')
 2 SYSTEMPATH\Model.php(692): CodeIgniter\BaseModel->update(null, [])
 3 APPPATH\Controllers\Equipos.php(83): CodeIgniter\Model->update(null, [...])
 4 SYSTEMPATH\CodeIgniter.php(904): App\Controllers\Equipos->guardarEquipo()
 5 SYSTEMPATH\CodeIgniter.php(457): CodeIgniter\CodeIgniter->runController(Object(App\Controllers\Equipos))
 6 SYSTEMPATH\CodeIgniter.php(340): CodeIgniter\CodeIgniter->handleRequest(null, Object(Config\Cache), false)
 7 FCPATH\index.php(67): CodeIgniter\CodeIgniter->run()
CRITICAL - 2022-10-13 17:56:22 --> There is no data to update.
in SYSTEMPATH\BaseModel.php on line 846.
 1 SYSTEMPATH\BaseModel.php(846): CodeIgniter\Database\Exceptions\DataException::forEmptyDataset('update')
 2 SYSTEMPATH\Model.php(692): CodeIgniter\BaseModel->update(null, [])
 3 APPPATH\Controllers\Equipos.php(83): CodeIgniter\Model->update(null, [...])
 4 SYSTEMPATH\CodeIgniter.php(904): App\Controllers\Equipos->guardarEquipo()
 5 SYSTEMPATH\CodeIgniter.php(457): CodeIgniter\CodeIgniter->runController(Object(App\Controllers\Equipos))
 6 SYSTEMPATH\CodeIgniter.php(340): CodeIgniter\CodeIgniter->handleRequest(null, Object(Config\Cache), false)
 7 FCPATH\index.php(67): CodeIgniter\CodeIgniter->run()
CRITICAL - 2022-10-13 17:56:32 --> There is no data to update.
in SYSTEMPATH\BaseModel.php on line 846.
 1 SYSTEMPATH\BaseModel.php(846): CodeIgniter\Database\Exceptions\DataException::forEmptyDataset('update')
 2 SYSTEMPATH\Model.php(692): CodeIgniter\BaseModel->update(null, [])
 3 APPPATH\Controllers\Equipos.php(83): CodeIgniter\Model->update(null, [...])
 4 SYSTEMPATH\CodeIgniter.php(904): App\Controllers\Equipos->guardarEquipo()
 5 SYSTEMPATH\CodeIgniter.php(457): CodeIgniter\CodeIgniter->runController(Object(App\Controllers\Equipos))
 6 SYSTEMPATH\CodeIgniter.php(340): CodeIgniter\CodeIgniter->handleRequest(null, Object(Config\Cache), false)
 7 FCPATH\index.php(67): CodeIgniter\CodeIgniter->run()
CRITICAL - 2022-10-13 17:56:55 --> There is no data to update.
in SYSTEMPATH\BaseModel.php on line 846.
 1 SYSTEMPATH\BaseModel.php(846): CodeIgniter\Database\Exceptions\DataException::forEmptyDataset('update')
 2 SYSTEMPATH\Model.php(692): CodeIgniter\BaseModel->update(null, [])
 3 APPPATH\Controllers\Equipos.php(83): CodeIgniter\Model->update(null, [...])
 4 SYSTEMPATH\CodeIgniter.php(904): App\Controllers\Equipos->guardarEquipo()
 5 SYSTEMPATH\CodeIgniter.php(457): CodeIgniter\CodeIgniter->runController(Object(App\Controllers\Equipos))
 6 SYSTEMPATH\CodeIgniter.php(340): CodeIgniter\CodeIgniter->handleRequest(null, Object(Config\Cache), false)
 7 FCPATH\index.php(67): CodeIgniter\CodeIgniter->run()
CRITICAL - 2022-10-13 18:00:12 --> Undefined variable $data
in APPPATH\Controllers\Equipos.php on line 84.
 1 APPPATH\Controllers\Equipos.php(84): CodeIgniter\Debug\Exceptions->errorHandler(2, 'Undefined variable $data', 'APPPATH\\Controllers\\Equipos.php', 84)
 2 SYSTEMPATH\CodeIgniter.php(904): App\Controllers\Equipos->guardarEquipo()
 3 SYSTEMPATH\CodeIgniter.php(457): CodeIgniter\CodeIgniter->runController(Object(App\Controllers\Equipos))
 4 SYSTEMPATH\CodeIgniter.php(340): CodeIgniter\CodeIgniter->handleRequest(null, Object(Config\Cache), false)
 5 FCPATH\index.php(67): CodeIgniter\CodeIgniter->run()
CRITICAL - 2022-10-13 18:03:11 --> Too few arguments to function App\Controllers\Equipos::guardarEquipo(), 0 passed in C:\xampp\htdocs\comparador2\system\CodeIgniter.php on line 904 and exactly 1 expected
in APPPATH\Controllers\Equipos.php on line 59.
 1 SYSTEMPATH\CodeIgniter.php(904): App\Controllers\Equipos->guardarEquipo()
 2 SYSTEMPATH\CodeIgniter.php(457): CodeIgniter\CodeIgniter->runController(Object(App\Controllers\Equipos))
 3 SYSTEMPATH\CodeIgniter.php(340): CodeIgniter\CodeIgniter->handleRequest(null, Object(Config\Cache), false)
 4 FCPATH\index.php(67): CodeIgniter\CodeIgniter->run()
CRITICAL - 2022-10-13 18:03:45 --> Too few arguments to function App\Controllers\Equipos::guardarEquipo(), 0 passed in C:\xampp\htdocs\comparador2\system\CodeIgniter.php on line 904 and exactly 1 expected
in APPPATH\Controllers\Equipos.php on line 59.
 1 SYSTEMPATH\CodeIgniter.php(904): App\Controllers\Equipos->guardarEquipo()
 2 SYSTEMPATH\CodeIgniter.php(457): CodeIgniter\CodeIgniter->runController(Object(App\Controllers\Equipos))
 3 SYSTEMPATH\CodeIgniter.php(340): CodeIgniter\CodeIgniter->handleRequest(null, Object(Config\Cache), false)
 4 FCPATH\index.php(67): CodeIgniter\CodeIgniter->run()
CRITICAL - 2022-10-13 18:03:49 --> Too few arguments to function App\Controllers\Equipos::guardarEquipo(), 0 passed in C:\xampp\htdocs\comparador2\system\CodeIgniter.php on line 904 and exactly 1 expected
in APPPATH\Controllers\Equipos.php on line 59.
 1 SYSTEMPATH\CodeIgniter.php(904): App\Controllers\Equipos->guardarEquipo()
 2 SYSTEMPATH\CodeIgniter.php(457): CodeIgniter\CodeIgniter->runController(Object(App\Controllers\Equipos))
 3 SYSTEMPATH\CodeIgniter.php(340): CodeIgniter\CodeIgniter->handleRequest(null, Object(Config\Cache), false)
 4 FCPATH\index.php(67): CodeIgniter\CodeIgniter->run()
CRITICAL - 2022-10-13 18:08:56 --> Object of class stdClass could not be converted to string
in SYSTEMPATH\Database\Query.php on line 329.
 1 SYSTEMPATH\Database\Query.php(329): implode(',', [...])
 2 SYSTEMPATH\Database\Query.php(310): CodeIgniter\Database\Query->matchNamedBinds('UPDATE `USUARIO` SET `email` = :email:, `password` = :password:, `name` = :name:, `tipo_usuario` = :tipo_usuario:, `cod_equip` = :cod_equip:, `estado` = :estado:', [...])
 3 SYSTEMPATH\Database\Query.php(159): CodeIgniter\Database\Query->compileBinds()
 4 SYSTEMPATH\Database\BaseConnection.php(620): CodeIgniter\Database\Query->getQuery()
 5 SYSTEMPATH\Database\BaseBuilder.php(2078): CodeIgniter\Database\BaseConnection->query('UPDATE `USUARIO` SET `email` = :email:, `password` = :password:, `name` = :name:, `tipo_usuario` = :tipo_usuario:, `cod_equip` = :cod_equip:, `estado` = :estado:', [...], false)
 6 SYSTEMPATH\Model.php(337): CodeIgniter\Database\BaseBuilder->update()
 7 SYSTEMPATH\BaseModel.php(865): CodeIgniter\Model->doUpdate(null, [...])
 8 SYSTEMPATH\Model.php(692): CodeIgniter\BaseModel->update(null, [...])
 9 APPPATH\Controllers\Equipos.php(88): CodeIgniter\Model->update(null, [...])
10 SYSTEMPATH\CodeIgniter.php(904): App\Controllers\Equipos->guardarEquipo()
11 SYSTEMPATH\CodeIgniter.php(457): CodeIgniter\CodeIgniter->runController(Object(App\Controllers\Equipos))
12 SYSTEMPATH\CodeIgniter.php(340): CodeIgniter\CodeIgniter->handleRequest(null, Object(Config\Cache), false)
13 FCPATH\index.php(67): CodeIgniter\CodeIgniter->run()
CRITICAL - 2022-10-13 18:09:08 --> Object of class stdClass could not be converted to string
in SYSTEMPATH\Database\Query.php on line 329.
 1 SYSTEMPATH\Database\Query.php(329): implode(',', [...])
 2 SYSTEMPATH\Database\Query.php(310): CodeIgniter\Database\Query->matchNamedBinds('UPDATE `USUARIO` SET `email` = :email:, `password` = :password:, `name` = :name:, `tipo_usuario` = :tipo_usuario:, `cod_equip` = :cod_equip:, `estado` = :estado:', [...])
 3 SYSTEMPATH\Database\Query.php(159): CodeIgniter\Database\Query->compileBinds()
 4 SYSTEMPATH\Database\BaseConnection.php(620): CodeIgniter\Database\Query->getQuery()
 5 SYSTEMPATH\Database\BaseBuilder.php(2078): CodeIgniter\Database\BaseConnection->query('UPDATE `USUARIO` SET `email` = :email:, `password` = :password:, `name` = :name:, `tipo_usuario` = :tipo_usuario:, `cod_equip` = :cod_equip:, `estado` = :estado:', [...], false)
 6 SYSTEMPATH\Model.php(337): CodeIgniter\Database\BaseBuilder->update()
 7 SYSTEMPATH\BaseModel.php(865): CodeIgniter\Model->doUpdate(null, [...])
 8 SYSTEMPATH\Model.php(692): CodeIgniter\BaseModel->update(null, [...])
 9 APPPATH\Controllers\Equipos.php(88): CodeIgniter\Model->update(null, [...])
10 SYSTEMPATH\CodeIgniter.php(904): App\Controllers\Equipos->guardarEquipo()
11 SYSTEMPATH\CodeIgniter.php(457): CodeIgniter\CodeIgniter->runController(Object(App\Controllers\Equipos))
12 SYSTEMPATH\CodeIgniter.php(340): CodeIgniter\CodeIgniter->handleRequest(null, Object(Config\Cache), false)
13 FCPATH\index.php(67): CodeIgniter\CodeIgniter->run()
CRITICAL - 2022-10-13 18:16:02 --> syntax error, unexpected variable "$usuario"
in APPPATH\Controllers\Equipos.php on line 89.
 1 SYSTEMPATH\Autoloader\Autoloader.php(259): CodeIgniter\Autoloader\Autoloader->includeFile('APPPATH\\Controllers\\Equipos.php')
 2 SYSTEMPATH\Autoloader\Autoloader.php(237): CodeIgniter\Autoloader\Autoloader->loadInNamespace('App\\Controllers\\Equipos')
 3 [internal function]: CodeIgniter\Autoloader\Autoloader->loadClass('App\\Controllers\\Equipos')
 4 SYSTEMPATH\CodeIgniter.php(854): class_exists('\\App\\Controllers\\Equipos', true)
 5 SYSTEMPATH\CodeIgniter.php(444): CodeIgniter\CodeIgniter->startController()
 6 SYSTEMPATH\CodeIgniter.php(340): CodeIgniter\CodeIgniter->handleRequest(null, Object(Config\Cache), false)
 7 FCPATH\index.php(67): CodeIgniter\CodeIgniter->run()
CRITICAL - 2022-10-13 18:16:51 --> Undefined variable $info
in APPPATH\Views\main.php on line 4.
 1 APPPATH\Views\main.php(4): CodeIgniter\Debug\Exceptions->errorHandler(2, 'Undefined variable $info', 'APPPATH\\Views\\main.php', 4)
 2 SYSTEMPATH\View\View.php(213): include('APPPATH\\Views\\main.php')
 3 SYSTEMPATH\View\View.php(216): CodeIgniter\View\View->CodeIgniter\View\{closure}()
 4 SYSTEMPATH\Common.php(1137): CodeIgniter\View\View->render('main', [], true)
 5 APPPATH\Controllers\Equipos.php(55): view('main', [...])
 6 SYSTEMPATH\CodeIgniter.php(904): App\Controllers\Equipos->crearEquipo()
 7 SYSTEMPATH\CodeIgniter.php(457): CodeIgniter\CodeIgniter->runController(Object(App\Controllers\Equipos))
 8 SYSTEMPATH\CodeIgniter.php(340): CodeIgniter\CodeIgniter->handleRequest(null, Object(Config\Cache), false)
 9 FCPATH\index.php(67): CodeIgniter\CodeIgniter->run()
CRITICAL - 2022-10-13 18:20:35 --> Object of class stdClass could not be converted to string
in SYSTEMPATH\Database\Query.php on line 329.
 1 SYSTEMPATH\Database\Query.php(329): implode(',', [...])
 2 SYSTEMPATH\Database\Query.php(310): CodeIgniter\Database\Query->matchNamedBinds('UPDATE `USUARIO` SET `email` = :email:, `password` = :password:, `name` = :name:, `tipo_usuario` = :tipo_usuario:, `cod_equip` = :cod_equip:, `estado` = :estado:
WHERE `USUARIO`.`id` IN :USUARIO.id:', [...])
 3 SYSTEMPATH\Database\Query.php(159): CodeIgniter\Database\Query->compileBinds()
 4 SYSTEMPATH\Database\BaseConnection.php(620): CodeIgniter\Database\Query->getQuery()
 5 SYSTEMPATH\Database\BaseBuilder.php(2078): CodeIgniter\Database\BaseConnection->query('UPDATE `USUARIO` SET `email` = :email:, `password` = :password:, `name` = :name:, `tipo_usuario` = :tipo_usuario:, `cod_equip` = :cod_equip:, `estado` = :estado:
WHERE `USUARIO`.`id` IN :USUARIO.id:', [...], false)
 6 SYSTEMPATH\Model.php(337): CodeIgniter\Database\BaseBuilder->update()
 7 SYSTEMPATH\BaseModel.php(865): CodeIgniter\Model->doUpdate([...], [...])
 8 SYSTEMPATH\Model.php(692): CodeIgniter\BaseModel->update([...], [...])
 9 APPPATH\Controllers\Equipos.php(89): CodeIgniter\Model->update('44', [...])
10 SYSTEMPATH\CodeIgniter.php(904): App\Controllers\Equipos->guardarEquipo()
11 SYSTEMPATH\CodeIgniter.php(457): CodeIgniter\CodeIgniter->runController(Object(App\Controllers\Equipos))
12 SYSTEMPATH\CodeIgniter.php(340): CodeIgniter\CodeIgniter->handleRequest(null, Object(Config\Cache), false)
13 FCPATH\index.php(67): CodeIgniter\CodeIgniter->run()
ERROR - 2022-10-13 18:21:36 --> mysqli_sql_exception: Cannot add or update a child row: a foreign key constraint fails (`multimedia`.`usuario`, CONSTRAINT `FK_usuario_equipo` FOREIGN KEY (`cod_equip`) REFERENCES `equipo` (`cod_equip`) ON DELETE NO ACTION ON UPDATE NO ACTION) in C:\xampp\htdocs\comparador2\system\Database\MySQLi\Connection.php:292
Stack trace:
#0 C:\xampp\htdocs\comparador2\system\Database\MySQLi\Connection.php(292): mysqli->query('UPDATE `USUARIO...', 0)
#1 C:\xampp\htdocs\comparador2\system\Database\BaseConnection.php(693): CodeIgniter\Database\MySQLi\Connection->execute('UPDATE `USUARIO...')
#2 C:\xampp\htdocs\comparador2\system\Database\BaseConnection.php(620): CodeIgniter\Database\BaseConnection->simpleQuery('UPDATE `USUARIO...')
#3 C:\xampp\htdocs\comparador2\system\Database\BaseBuilder.php(2078): CodeIgniter\Database\BaseConnection->query('UPDATE `USUARIO...', Array, false)
#4 C:\xampp\htdocs\comparador2\system\Model.php(337): CodeIgniter\Database\BaseBuilder->update()
#5 C:\xampp\htdocs\comparador2\system\BaseModel.php(865): CodeIgniter\Model->doUpdate(Array, Array)
#6 C:\xampp\htdocs\comparador2\system\Model.php(692): CodeIgniter\BaseModel->update(Array, Array)
#7 C:\xampp\htdocs\comparador2\app\Controllers\Equipos.php(89): CodeIgniter\Model->update('44', Array)
#8 C:\xampp\htdocs\comparador2\system\CodeIgniter.php(904): App\Controllers\Equipos->guardarEquipo()
#9 C:\xampp\htdocs\comparador2\system\CodeIgniter.php(457): CodeIgniter\CodeIgniter->runController(Object(App\Controllers\Equipos))
#10 C:\xampp\htdocs\comparador2\system\CodeIgniter.php(340): CodeIgniter\CodeIgniter->handleRequest(NULL, Object(Config\Cache), false)
#11 C:\xampp\htdocs\comparador2\public\index.php(67): CodeIgniter\CodeIgniter->run()
#12 {main}
ERROR - 2022-10-13 18:22:19 --> mysqli_sql_exception: Cannot add or update a child row: a foreign key constraint fails (`multimedia`.`usuario`, CONSTRAINT `FK_usuario_equipo` FOREIGN KEY (`cod_equip`) REFERENCES `equipo` (`cod_equip`) ON DELETE NO ACTION ON UPDATE NO ACTION) in C:\xampp\htdocs\comparador2\system\Database\MySQLi\Connection.php:292
Stack trace:
#0 C:\xampp\htdocs\comparador2\system\Database\MySQLi\Connection.php(292): mysqli->query('UPDATE `USUARIO...', 0)
#1 C:\xampp\htdocs\comparador2\system\Database\BaseConnection.php(693): CodeIgniter\Database\MySQLi\Connection->execute('UPDATE `USUARIO...')
#2 C:\xampp\htdocs\comparador2\system\Database\BaseConnection.php(620): CodeIgniter\Database\BaseConnection->simpleQuery('UPDATE `USUARIO...')
#3 C:\xampp\htdocs\comparador2\system\Database\BaseBuilder.php(2078): CodeIgniter\Database\BaseConnection->query('UPDATE `USUARIO...', Array, false)
#4 C:\xampp\htdocs\comparador2\system\Model.php(337): CodeIgniter\Database\BaseBuilder->update()
#5 C:\xampp\htdocs\comparador2\system\BaseModel.php(865): CodeIgniter\Model->doUpdate(Array, Array)
#6 C:\xampp\htdocs\comparador2\system\Model.php(692): CodeIgniter\BaseModel->update(Array, Array)
#7 C:\xampp\htdocs\comparador2\app\Controllers\Equipos.php(89): CodeIgniter\Model->update('44', Array)
#8 C:\xampp\htdocs\comparador2\system\CodeIgniter.php(904): App\Controllers\Equipos->guardarEquipo()
#9 C:\xampp\htdocs\comparador2\system\CodeIgniter.php(457): CodeIgniter\CodeIgniter->runController(Object(App\Controllers\Equipos))
#10 C:\xampp\htdocs\comparador2\system\CodeIgniter.php(340): CodeIgniter\CodeIgniter->handleRequest(NULL, Object(Config\Cache), false)
#11 C:\xampp\htdocs\comparador2\public\index.php(67): CodeIgniter\CodeIgniter->run()
#12 {main}
ERROR - 2022-10-13 18:23:56 --> mysqli_sql_exception: Cannot add or update a child row: a foreign key constraint fails (`multimedia`.`usuario`, CONSTRAINT `FK_usuario_equipo` FOREIGN KEY (`cod_equip`) REFERENCES `equipo` (`cod_equip`) ON DELETE NO ACTION ON UPDATE NO ACTION) in C:\xampp\htdocs\comparador2\system\Database\MySQLi\Connection.php:292
Stack trace:
#0 C:\xampp\htdocs\comparador2\system\Database\MySQLi\Connection.php(292): mysqli->query('UPDATE `USUARIO...', 0)
#1 C:\xampp\htdocs\comparador2\system\Database\BaseConnection.php(693): CodeIgniter\Database\MySQLi\Connection->execute('UPDATE `USUARIO...')
#2 C:\xampp\htdocs\comparador2\system\Database\BaseConnection.php(620): CodeIgniter\Database\BaseConnection->simpleQuery('UPDATE `USUARIO...')
#3 C:\xampp\htdocs\comparador2\system\Database\BaseBuilder.php(2078): CodeIgniter\Database\BaseConnection->query('UPDATE `USUARIO...', Array, false)
#4 C:\xampp\htdocs\comparador2\system\Model.php(337): CodeIgniter\Database\BaseBuilder->update()
#5 C:\xampp\htdocs\comparador2\system\BaseModel.php(865): CodeIgniter\Model->doUpdate(Array, Array)
#6 C:\xampp\htdocs\comparador2\system\Model.php(692): CodeIgniter\BaseModel->update(Array, Array)
#7 C:\xampp\htdocs\comparador2\app\Controllers\Equipos.php(89): CodeIgniter\Model->update('45', Array)
#8 C:\xampp\htdocs\comparador2\system\CodeIgniter.php(904): App\Controllers\Equipos->guardarEquipo()
#9 C:\xampp\htdocs\comparador2\system\CodeIgniter.php(457): CodeIgniter\CodeIgniter->runController(Object(App\Controllers\Equipos))
#10 C:\xampp\htdocs\comparador2\system\CodeIgniter.php(340): CodeIgniter\CodeIgniter->handleRequest(NULL, Object(Config\Cache), false)
#11 C:\xampp\htdocs\comparador2\public\index.php(67): CodeIgniter\CodeIgniter->run()
#12 {main}
ERROR - 2022-10-13 18:24:34 --> mysqli_sql_exception: Cannot add or update a child row: a foreign key constraint fails (`multimedia`.`usuario`, CONSTRAINT `FK_usuario_equipo` FOREIGN KEY (`cod_equip`) REFERENCES `equipo` (`cod_equip`) ON DELETE NO ACTION ON UPDATE NO ACTION) in C:\xampp\htdocs\comparador2\system\Database\MySQLi\Connection.php:292
Stack trace:
#0 C:\xampp\htdocs\comparador2\system\Database\MySQLi\Connection.php(292): mysqli->query('UPDATE `USUARIO...', 0)
#1 C:\xampp\htdocs\comparador2\system\Database\BaseConnection.php(693): CodeIgniter\Database\MySQLi\Connection->execute('UPDATE `USUARIO...')
#2 C:\xampp\htdocs\comparador2\system\Database\BaseConnection.php(620): CodeIgniter\Database\BaseConnection->simpleQuery('UPDATE `USUARIO...')
#3 C:\xampp\htdocs\comparador2\system\Database\BaseBuilder.php(2078): CodeIgniter\Database\BaseConnection->query('UPDATE `USUARIO...', Array, false)
#4 C:\xampp\htdocs\comparador2\system\Model.php(337): CodeIgniter\Database\BaseBuilder->update()
#5 C:\xampp\htdocs\comparador2\system\BaseModel.php(865): CodeIgniter\Model->doUpdate(Array, Array)
#6 C:\xampp\htdocs\comparador2\system\Model.php(692): CodeIgniter\BaseModel->update(Array, Array)
#7 C:\xampp\htdocs\comparador2\app\Controllers\Equipos.php(89): CodeIgniter\Model->update('45', Array)
#8 C:\xampp\htdocs\comparador2\system\CodeIgniter.php(904): App\Controllers\Equipos->guardarEquipo()
#9 C:\xampp\htdocs\comparador2\system\CodeIgniter.php(457): CodeIgniter\CodeIgniter->runController(Object(App\Controllers\Equipos))
#10 C:\xampp\htdocs\comparador2\system\CodeIgniter.php(340): CodeIgniter\CodeIgniter->handleRequest(NULL, Object(Config\Cache), false)
#11 C:\xampp\htdocs\comparador2\public\index.php(67): CodeIgniter\CodeIgniter->run()
#12 {main}
ERROR - 2022-10-13 18:25:33 --> mysqli_sql_exception: Cannot add or update a child row: a foreign key constraint fails (`multimedia`.`usuario`, CONSTRAINT `FK_usuario_equipo` FOREIGN KEY (`cod_equip`) REFERENCES `equipo` (`cod_equip`) ON DELETE NO ACTION ON UPDATE NO ACTION) in C:\xampp\htdocs\comparador2\system\Database\MySQLi\Connection.php:292
Stack trace:
#0 C:\xampp\htdocs\comparador2\system\Database\MySQLi\Connection.php(292): mysqli->query('UPDATE `USUARIO...', 0)
#1 C:\xampp\htdocs\comparador2\system\Database\BaseConnection.php(693): CodeIgniter\Database\MySQLi\Connection->execute('UPDATE `USUARIO...')
#2 C:\xampp\htdocs\comparador2\system\Database\BaseConnection.php(620): CodeIgniter\Database\BaseConnection->simpleQuery('UPDATE `USUARIO...')
#3 C:\xampp\htdocs\comparador2\system\Database\BaseBuilder.php(2078): CodeIgniter\Database\BaseConnection->query('UPDATE `USUARIO...', Array, false)
#4 C:\xampp\htdocs\comparador2\system\Model.php(337): CodeIgniter\Database\BaseBuilder->update()
#5 C:\xampp\htdocs\comparador2\system\BaseModel.php(865): CodeIgniter\Model->doUpdate(Array, Array)
#6 C:\xampp\htdocs\comparador2\system\Model.php(692): CodeIgniter\BaseModel->update(Array, Array)
#7 C:\xampp\htdocs\comparador2\app\Controllers\Equipos.php(89): CodeIgniter\Model->update('45', Array)
#8 C:\xampp\htdocs\comparador2\system\CodeIgniter.php(904): App\Controllers\Equipos->guardarEquipo()
#9 C:\xampp\htdocs\comparador2\system\CodeIgniter.php(457): CodeIgniter\CodeIgniter->runController(Object(App\Controllers\Equipos))
#10 C:\xampp\htdocs\comparador2\system\CodeIgniter.php(340): CodeIgniter\CodeIgniter->handleRequest(NULL, Object(Config\Cache), false)
#11 C:\xampp\htdocs\comparador2\public\index.php(67): CodeIgniter\CodeIgniter->run()
#12 {main}
ERROR - 2022-10-13 18:27:33 --> mysqli_sql_exception: Cannot add or update a child row: a foreign key constraint fails (`multimedia`.`usuario`, CONSTRAINT `FK_usuario_equipo` FOREIGN KEY (`cod_equip`) REFERENCES `equipo` (`cod_equip`) ON DELETE NO ACTION ON UPDATE NO ACTION) in C:\xampp\htdocs\comparador2\system\Database\MySQLi\Connection.php:292
Stack trace:
#0 C:\xampp\htdocs\comparador2\system\Database\MySQLi\Connection.php(292): mysqli->query('UPDATE `USUARIO...', 0)
#1 C:\xampp\htdocs\comparador2\system\Database\BaseConnection.php(693): CodeIgniter\Database\MySQLi\Connection->execute('UPDATE `USUARIO...')
#2 C:\xampp\htdocs\comparador2\system\Database\BaseConnection.php(620): CodeIgniter\Database\BaseConnection->simpleQuery('UPDATE `USUARIO...')
#3 C:\xampp\htdocs\comparador2\system\Database\BaseBuilder.php(2078): CodeIgniter\Database\BaseConnection->query('UPDATE `USUARIO...', Array, false)
#4 C:\xampp\htdocs\comparador2\system\Model.php(337): CodeIgniter\Database\BaseBuilder->update()
#5 C:\xampp\htdocs\comparador2\system\BaseModel.php(865): CodeIgniter\Model->doUpdate(Array, Array)
#6 C:\xampp\htdocs\comparador2\system\Model.php(692): CodeIgniter\BaseModel->update(Array, Array)
#7 C:\xampp\htdocs\comparador2\app\Controllers\Equipos.php(89): CodeIgniter\Model->update('45', Array)
#8 C:\xampp\htdocs\comparador2\system\CodeIgniter.php(904): App\Controllers\Equipos->guardarEquipo()
#9 C:\xampp\htdocs\comparador2\system\CodeIgniter.php(457): CodeIgniter\CodeIgniter->runController(Object(App\Controllers\Equipos))
#10 C:\xampp\htdocs\comparador2\system\CodeIgniter.php(340): CodeIgniter\CodeIgniter->handleRequest(NULL, Object(Config\Cache), false)
#11 C:\xampp\htdocs\comparador2\public\index.php(67): CodeIgniter\CodeIgniter->run()
#12 {main}
CRITICAL - 2022-10-13 18:56:18 --> Undefined variable $usuarios
in APPPATH\Controllers\Equipos.php on line 53.
 1 APPPATH\Controllers\Equipos.php(53): CodeIgniter\Debug\Exceptions->errorHandler(2, 'Undefined variable $usuarios', 'APPPATH\\Controllers\\Equipos.php', 53)
 2 SYSTEMPATH\CodeIgniter.php(904): App\Controllers\Equipos->crearEquipo()
 3 SYSTEMPATH\CodeIgniter.php(457): CodeIgniter\CodeIgniter->runController(Object(App\Controllers\Equipos))
 4 SYSTEMPATH\CodeIgniter.php(340): CodeIgniter\CodeIgniter->handleRequest(null, Object(Config\Cache), false)
 5 FCPATH\index.php(67): CodeIgniter\CodeIgniter->run()
CRITICAL - 2022-10-13 18:56:55 --> Trying to access array offset on value of type null
in APPPATH\Views\equipos\crearEquipo.php on line 42.
 1 APPPATH\Views\equipos\crearEquipo.php(42): CodeIgniter\Debug\Exceptions->errorHandler(2, 'Trying to access array offset on value of type null', 'APPPATH\\Views\\equipos\\crearEquipo.php', 42)
 2 SYSTEMPATH\View\View.php(213): include('APPPATH\\Views\\equipos\\crearEquipo.php')
 3 SYSTEMPATH\View\View.php(216): CodeIgniter\View\View->CodeIgniter\View\{closure}()
 4 SYSTEMPATH\Common.php(1137): CodeIgniter\View\View->render('equipos/crearEquipo', [], true)
 5 APPPATH\Controllers\Equipos.php(55): view('equipos/crearEquipo', [...])
 6 SYSTEMPATH\CodeIgniter.php(904): App\Controllers\Equipos->crearEquipo()
 7 SYSTEMPATH\CodeIgniter.php(457): CodeIgniter\CodeIgniter->runController(Object(App\Controllers\Equipos))
 8 SYSTEMPATH\CodeIgniter.php(340): CodeIgniter\CodeIgniter->handleRequest(null, Object(Config\Cache), false)
 9 FCPATH\index.php(67): CodeIgniter\CodeIgniter->run()
CRITICAL - 2022-10-13 18:58:16 --> Undefined variable $usuario
in APPPATH\Views\equipos\crearEquipo.php on line 42.
 1 APPPATH\Views\equipos\crearEquipo.php(42): CodeIgniter\Debug\Exceptions->errorHandler(2, 'Undefined variable $usuario', 'APPPATH\\Views\\equipos\\crearEquipo.php', 42)
 2 SYSTEMPATH\View\View.php(213): include('APPPATH\\Views\\equipos\\crearEquipo.php')
 3 SYSTEMPATH\View\View.php(216): CodeIgniter\View\View->CodeIgniter\View\{closure}()
 4 SYSTEMPATH\Common.php(1137): CodeIgniter\View\View->render('equipos/crearEquipo', [], true)
 5 APPPATH\Controllers\Equipos.php(55): view('equipos/crearEquipo', [...])
 6 SYSTEMPATH\CodeIgniter.php(904): App\Controllers\Equipos->crearEquipo()
 7 SYSTEMPATH\CodeIgniter.php(457): CodeIgniter\CodeIgniter->runController(Object(App\Controllers\Equipos))
 8 SYSTEMPATH\CodeIgniter.php(340): CodeIgniter\CodeIgniter->handleRequest(null, Object(Config\Cache), false)
 9 FCPATH\index.php(67): CodeIgniter\CodeIgniter->run()
CRITICAL - 2022-10-13 18:58:48 --> Cannot use object of type App\Models\Usuario as array
in APPPATH\Views\equipos\crearEquipo.php on line 42.
 1 SYSTEMPATH\View\View.php(213): include()
 2 SYSTEMPATH\View\View.php(216): CodeIgniter\View\View->CodeIgniter\View\{closure}()
 3 SYSTEMPATH\Common.php(1137): CodeIgniter\View\View->render('equipos/crearEquipo', [], true)
 4 APPPATH\Controllers\Equipos.php(55): view('equipos/crearEquipo', [...])
 5 SYSTEMPATH\CodeIgniter.php(904): App\Controllers\Equipos->crearEquipo()
 6 SYSTEMPATH\CodeIgniter.php(457): CodeIgniter\CodeIgniter->runController(Object(App\Controllers\Equipos))
 7 SYSTEMPATH\CodeIgniter.php(340): CodeIgniter\CodeIgniter->handleRequest(null, Object(Config\Cache), false)
 8 FCPATH\index.php(67): CodeIgniter\CodeIgniter->run()
CRITICAL - 2022-10-13 19:00:39 --> Cannot use object of type App\Models\Usuario as array
in APPPATH\Views\equipos\crearEquipo.php on line 42.
 1 SYSTEMPATH\View\View.php(213): include()
 2 SYSTEMPATH\View\View.php(216): CodeIgniter\View\View->CodeIgniter\View\{closure}()
 3 SYSTEMPATH\Common.php(1137): CodeIgniter\View\View->render('equipos/crearEquipo', [], true)
 4 APPPATH\Controllers\Equipos.php(55): view('equipos/crearEquipo', [...])
 5 SYSTEMPATH\CodeIgniter.php(904): App\Controllers\Equipos->crearEquipo()
 6 SYSTEMPATH\CodeIgniter.php(457): CodeIgniter\CodeIgniter->runController(Object(App\Controllers\Equipos))
 7 SYSTEMPATH\CodeIgniter.php(340): CodeIgniter\CodeIgniter->handleRequest(null, Object(Config\Cache), false)
 8 FCPATH\index.php(67): CodeIgniter\CodeIgniter->run()
CRITICAL - 2022-10-13 19:02:34 --> Cannot use object of type App\Models\Usuario as array
in APPPATH\Views\equipos\crearEquipo.php on line 43.
 1 SYSTEMPATH\View\View.php(213): include()
 2 SYSTEMPATH\View\View.php(216): CodeIgniter\View\View->CodeIgniter\View\{closure}()
 3 SYSTEMPATH\Common.php(1137): CodeIgniter\View\View->render('equipos/crearEquipo', [], true)
 4 APPPATH\Controllers\Equipos.php(55): view('equipos/crearEquipo', [...])
 5 SYSTEMPATH\CodeIgniter.php(904): App\Controllers\Equipos->crearEquipo()
 6 SYSTEMPATH\CodeIgniter.php(457): CodeIgniter\CodeIgniter->runController(Object(App\Controllers\Equipos))
 7 SYSTEMPATH\CodeIgniter.php(340): CodeIgniter\CodeIgniter->handleRequest(null, Object(Config\Cache), false)
 8 FCPATH\index.php(67): CodeIgniter\CodeIgniter->run()
CRITICAL - 2022-10-13 19:04:22 --> syntax error, unexpected token ";"
in APPPATH\Views\equipos\crearEquipo.php on line 43.
 1 SYSTEMPATH\View\View.php(216): CodeIgniter\View\View->CodeIgniter\View\{closure}()
 2 SYSTEMPATH\Common.php(1137): CodeIgniter\View\View->render('equipos/crearEquipo', [], true)
 3 APPPATH\Controllers\Equipos.php(55): view('equipos/crearEquipo', [...])
 4 SYSTEMPATH\CodeIgniter.php(904): App\Controllers\Equipos->crearEquipo()
 5 SYSTEMPATH\CodeIgniter.php(457): CodeIgniter\CodeIgniter->runController(Object(App\Controllers\Equipos))
 6 SYSTEMPATH\CodeIgniter.php(340): CodeIgniter\CodeIgniter->handleRequest(null, Object(Config\Cache), false)
 7 FCPATH\index.php(67): CodeIgniter\CodeIgniter->run()
CRITICAL - 2022-10-13 19:07:33 --> Attempt to read property "id" on array
in APPPATH\Views\equipos\crearEquipo.php on line 42.
 1 APPPATH\Views\equipos\crearEquipo.php(42): CodeIgniter\Debug\Exceptions->errorHandler(2, 'Attempt to read property "id" on array', 'APPPATH\\Views\\equipos\\crearEquipo.php', 42)
 2 SYSTEMPATH\View\View.php(213): include('APPPATH\\Views\\equipos\\crearEquipo.php')
 3 SYSTEMPATH\View\View.php(216): CodeIgniter\View\View->CodeIgniter\View\{closure}()
 4 SYSTEMPATH\Common.php(1137): CodeIgniter\View\View->render('equipos/crearEquipo', [], true)
 5 APPPATH\Controllers\Equipos.php(55): view('equipos/crearEquipo', [...])
 6 SYSTEMPATH\CodeIgniter.php(904): App\Controllers\Equipos->crearEquipo()
 7 SYSTEMPATH\CodeIgniter.php(457): CodeIgniter\CodeIgniter->runController(Object(App\Controllers\Equipos))
 8 SYSTEMPATH\CodeIgniter.php(340): CodeIgniter\CodeIgniter->handleRequest(null, Object(Config\Cache), false)
 9 FCPATH\index.php(67): CodeIgniter\CodeIgniter->run()
CRITICAL - 2022-10-13 19:14:39 --> syntax error, unexpected token "as"
in APPPATH\Views\equipos\crearEquipo.php on line 41.
 1 SYSTEMPATH\View\View.php(216): CodeIgniter\View\View->CodeIgniter\View\{closure}()
 2 SYSTEMPATH\Common.php(1137): CodeIgniter\View\View->render('equipos/crearEquipo', [], true)
 3 APPPATH\Controllers\Equipos.php(55): view('equipos/crearEquipo', [...])
 4 SYSTEMPATH\CodeIgniter.php(904): App\Controllers\Equipos->crearEquipo()
 5 SYSTEMPATH\CodeIgniter.php(457): CodeIgniter\CodeIgniter->runController(Object(App\Controllers\Equipos))
 6 SYSTEMPATH\CodeIgniter.php(340): CodeIgniter\CodeIgniter->handleRequest(null, Object(Config\Cache), false)
 7 FCPATH\index.php(67): CodeIgniter\CodeIgniter->run()
CRITICAL - 2022-10-13 19:14:41 --> syntax error, unexpected token "as"
in APPPATH\Views\equipos\crearEquipo.php on line 41.
 1 SYSTEMPATH\View\View.php(216): CodeIgniter\View\View->CodeIgniter\View\{closure}()
 2 SYSTEMPATH\Common.php(1137): CodeIgniter\View\View->render('equipos/crearEquipo', [], true)
 3 APPPATH\Controllers\Equipos.php(55): view('equipos/crearEquipo', [...])
 4 SYSTEMPATH\CodeIgniter.php(904): App\Controllers\Equipos->crearEquipo()
 5 SYSTEMPATH\CodeIgniter.php(457): CodeIgniter\CodeIgniter->runController(Object(App\Controllers\Equipos))
 6 SYSTEMPATH\CodeIgniter.php(340): CodeIgniter\CodeIgniter->handleRequest(null, Object(Config\Cache), false)
 7 FCPATH\index.php(67): CodeIgniter\CodeIgniter->run()
ERROR - 2022-10-13 19:16:53 --> mysqli_sql_exception: Cannot add or update a child row: a foreign key constraint fails (`multimedia`.`equipo`, CONSTRAINT `FK_equipo_usuario` FOREIGN KEY (`id`) REFERENCES `usuario` (`id`) ON DELETE NO ACTION ON UPDATE NO ACTION) in C:\xampp\htdocs\comparador2\system\Database\MySQLi\Connection.php:292
Stack trace:
#0 C:\xampp\htdocs\comparador2\system\Database\MySQLi\Connection.php(292): mysqli->query('INSERT INTO `EQ...', 0)
#1 C:\xampp\htdocs\comparador2\system\Database\BaseConnection.php(693): CodeIgniter\Database\MySQLi\Connection->execute('INSERT INTO `EQ...')
#2 C:\xampp\htdocs\comparador2\system\Database\BaseConnection.php(620): CodeIgniter\Database\BaseConnection->simpleQuery('INSERT INTO `EQ...')
#3 C:\xampp\htdocs\comparador2\system\Database\BaseBuilder.php(1916): CodeIgniter\Database\BaseConnection->query('INSERT INTO `EQ...', Array, false)
#4 C:\xampp\htdocs\comparador2\system\Model.php(278): CodeIgniter\Database\BaseBuilder->insert()
#5 C:\xampp\htdocs\comparador2\system\BaseModel.php(738): CodeIgniter\Model->doInsert(Array)
#6 C:\xampp\htdocs\comparador2\system\Model.php(666): CodeIgniter\BaseModel->insert(Array, true)
#7 C:\xampp\htdocs\comparador2\app\Controllers\Equipos.php(71): CodeIgniter\Model->insert(Array)
#8 C:\xampp\htdocs\comparador2\system\CodeIgniter.php(904): App\Controllers\Equipos->guardarEquipo()
#9 C:\xampp\htdocs\comparador2\system\CodeIgniter.php(457): CodeIgniter\CodeIgniter->runController(Object(App\Controllers\Equipos))
#10 C:\xampp\htdocs\comparador2\system\CodeIgniter.php(340): CodeIgniter\CodeIgniter->handleRequest(NULL, Object(Config\Cache), false)
#11 C:\xampp\htdocs\comparador2\public\index.php(67): CodeIgniter\CodeIgniter->run()
#12 {main}
CRITICAL - 2022-10-13 19:20:46 --> Unclosed '{' on line 9
in APPPATH\Controllers\Equipos.php on line 102.
 1 SYSTEMPATH\Autoloader\Autoloader.php(259): CodeIgniter\Autoloader\Autoloader->includeFile('APPPATH\\Controllers\\Equipos.php')
 2 SYSTEMPATH\Autoloader\Autoloader.php(237): CodeIgniter\Autoloader\Autoloader->loadInNamespace('App\\Controllers\\Equipos')
 3 [internal function]: CodeIgniter\Autoloader\Autoloader->loadClass('App\\Controllers\\Equipos')
 4 SYSTEMPATH\CodeIgniter.php(854): class_exists('\\App\\Controllers\\Equipos', true)
 5 SYSTEMPATH\CodeIgniter.php(444): CodeIgniter\CodeIgniter->startController()
 6 SYSTEMPATH\CodeIgniter.php(340): CodeIgniter\CodeIgniter->handleRequest(null, Object(Config\Cache), false)
 7 FCPATH\index.php(67): CodeIgniter\CodeIgniter->run()
CRITICAL - 2022-10-13 19:21:12 --> Undefined array key "valor"
in APPPATH\Views\equipos\listarEquipos.php on line 20.
 1 APPPATH\Views\equipos\listarEquipos.php(20): CodeIgniter\Debug\Exceptions->errorHandler(2, 'Undefined array key "valor"', 'APPPATH\\Views\\equipos\\listarEquipos.php', 20)
 2 SYSTEMPATH\View\View.php(213): include('APPPATH\\Views\\equipos\\listarEquipos.php')
 3 SYSTEMPATH\View\View.php(216): CodeIgniter\View\View->CodeIgniter\View\{closure}()
 4 SYSTEMPATH\Common.php(1137): CodeIgniter\View\View->render('equipos/listarEquipos', [], true)
 5 APPPATH\Controllers\Equipos.php(22): view('equipos/listarEquipos', [...])
 6 SYSTEMPATH\CodeIgniter.php(904): App\Controllers\Equipos->listarEquipos()
 7 SYSTEMPATH\CodeIgniter.php(457): CodeIgniter\CodeIgniter->runController(Object(App\Controllers\Equipos))
 8 SYSTEMPATH\CodeIgniter.php(340): CodeIgniter\CodeIgniter->handleRequest(null, Object(Config\Cache), false)
 9 FCPATH\index.php(67): CodeIgniter\CodeIgniter->run()
ERROR - 2022-10-13 19:25:09 --> mysqli_sql_exception: Cannot delete or update a parent row: a foreign key constraint fails (`multimedia`.`equipo`, CONSTRAINT `FK_equipo_usuario` FOREIGN KEY (`id`) REFERENCES `usuario` (`id`) ON DELETE NO ACTION ON UPDATE NO ACTION) in C:\xampp\htdocs\comparador2\system\Database\MySQLi\Connection.php:292
Stack trace:
#0 C:\xampp\htdocs\comparador2\system\Database\MySQLi\Connection.php(292): mysqli->query('DELETE FROM `US...', 0)
#1 C:\xampp\htdocs\comparador2\system\Database\BaseConnection.php(693): CodeIgniter\Database\MySQLi\Connection->execute('DELETE FROM `US...')
#2 C:\xampp\htdocs\comparador2\system\Database\BaseConnection.php(620): CodeIgniter\Database\BaseConnection->simpleQuery('DELETE FROM `US...')
#3 C:\xampp\htdocs\comparador2\system\Database\BaseBuilder.php(2390): CodeIgniter\Database\BaseConnection->query('DELETE FROM `US...', Array, false)
#4 C:\xampp\htdocs\comparador2\system\Model.php(400): CodeIgniter\Database\BaseBuilder->delete()
#5 C:\xampp\htdocs\comparador2\system\BaseModel.php(963): CodeIgniter\Model->doDelete(Array, false)
#6 C:\xampp\htdocs\comparador2\app\Controllers\Usuarios.php(68): CodeIgniter\BaseModel->delete(Array)
#7 C:\xampp\htdocs\comparador2\system\CodeIgniter.php(904): App\Controllers\Usuarios->borrarUsuario('47')
#8 C:\xampp\htdocs\comparador2\system\CodeIgniter.php(457): CodeIgniter\CodeIgniter->runController(Object(App\Controllers\Usuarios))
#9 C:\xampp\htdocs\comparador2\system\CodeIgniter.php(340): CodeIgniter\CodeIgniter->handleRequest(NULL, Object(Config\Cache), false)
#10 C:\xampp\htdocs\comparador2\public\index.php(67): CodeIgniter\CodeIgniter->run()
#11 {main}
ERROR - 2022-10-13 19:25:12 --> mysqli_sql_exception: Cannot delete or update a parent row: a foreign key constraint fails (`multimedia`.`equipo`, CONSTRAINT `FK_equipo_usuario` FOREIGN KEY (`id`) REFERENCES `usuario` (`id`) ON DELETE NO ACTION ON UPDATE NO ACTION) in C:\xampp\htdocs\comparador2\system\Database\MySQLi\Connection.php:292
Stack trace:
#0 C:\xampp\htdocs\comparador2\system\Database\MySQLi\Connection.php(292): mysqli->query('DELETE FROM `US...', 0)
#1 C:\xampp\htdocs\comparador2\system\Database\BaseConnection.php(693): CodeIgniter\Database\MySQLi\Connection->execute('DELETE FROM `US...')
#2 C:\xampp\htdocs\comparador2\system\Database\BaseConnection.php(620): CodeIgniter\Database\BaseConnection->simpleQuery('DELETE FROM `US...')
#3 C:\xampp\htdocs\comparador2\system\Database\BaseBuilder.php(2390): CodeIgniter\Database\BaseConnection->query('DELETE FROM `US...', Array, false)
#4 C:\xampp\htdocs\comparador2\system\Model.php(400): CodeIgniter\Database\BaseBuilder->delete()
#5 C:\xampp\htdocs\comparador2\system\BaseModel.php(963): CodeIgniter\Model->doDelete(Array, false)
#6 C:\xampp\htdocs\comparador2\app\Controllers\Usuarios.php(68): CodeIgniter\BaseModel->delete(Array)
#7 C:\xampp\htdocs\comparador2\system\CodeIgniter.php(904): App\Controllers\Usuarios->borrarUsuario('47')
#8 C:\xampp\htdocs\comparador2\system\CodeIgniter.php(457): CodeIgniter\CodeIgniter->runController(Object(App\Controllers\Usuarios))
#9 C:\xampp\htdocs\comparador2\system\CodeIgniter.php(340): CodeIgniter\CodeIgniter->handleRequest(NULL, Object(Config\Cache), false)
#10 C:\xampp\htdocs\comparador2\public\index.php(67): CodeIgniter\CodeIgniter->run()
#11 {main}
