CRITICAL - 2022-10-08 12:10:19 --> Invalid file: rams/crearProcesador.php
in SYSTEMPATH\Exceptions\FrameworkException.php on line 33.
 1 SYSTEMPATH\View\View.php(201): CodeIgniter\Exceptions\FrameworkException::forInvalidFile('rams/crearProcesador.php')
 2 SYSTEMPATH\Common.php(1137): CodeIgniter\View\View->render('rams/crearProcesador', [], true)
 3 APPPATH\Controllers\Procesadores.php(102): view('rams/crearProcesador', [...])
 4 SYSTEMPATH\CodeIgniter.php(904): App\Controllers\Procesadores->guardarProcesador()
 5 SYSTEMPATH\CodeIgniter.php(457): CodeIgniter\CodeIgniter->runController(Object(App\Controllers\Procesadores))
 6 SYSTEMPATH\CodeIgniter.php(340): CodeIgniter\CodeIgniter->handleRequest(null, Object(Config\Cache), false)
 7 FCPATH\index.php(67): CodeIgniter\CodeIgniter->run()
CRITICAL - 2022-10-08 12:12:16 --> Invalid file: rams/crearProcesador.php
in SYSTEMPATH\Exceptions\FrameworkException.php on line 33.
 1 SYSTEMPATH\View\View.php(201): CodeIgniter\Exceptions\FrameworkException::forInvalidFile('rams/crearProcesador.php')
 2 SYSTEMPATH\Common.php(1137): CodeIgniter\View\View->render('rams/crearProcesador', [], true)
 3 APPPATH\Controllers\Procesadores.php(102): view('rams/crearProcesador', [...])
 4 SYSTEMPATH\CodeIgniter.php(904): App\Controllers\Procesadores->guardarProcesador()
 5 SYSTEMPATH\CodeIgniter.php(457): CodeIgniter\CodeIgniter->runController(Object(App\Controllers\Procesadores))
 6 SYSTEMPATH\CodeIgniter.php(340): CodeIgniter\CodeIgniter->handleRequest(null, Object(Config\Cache), false)
 7 FCPATH\index.php(67): CodeIgniter\CodeIgniter->run()
CRITICAL - 2022-10-08 12:14:29 --> Invalid file: rams/crearProcesador.php
in SYSTEMPATH\Exceptions\FrameworkException.php on line 33.
 1 SYSTEMPATH\View\View.php(201): CodeIgniter\Exceptions\FrameworkException::forInvalidFile('rams/crearProcesador.php')
 2 SYSTEMPATH\Common.php(1137): CodeIgniter\View\View->render('rams/crearProcesador', [], true)
 3 APPPATH\Controllers\Procesadores.php(102): view('rams/crearProcesador', [...])
 4 SYSTEMPATH\CodeIgniter.php(904): App\Controllers\Procesadores->guardarProcesador()
 5 SYSTEMPATH\CodeIgniter.php(457): CodeIgniter\CodeIgniter->runController(Object(App\Controllers\Procesadores))
 6 SYSTEMPATH\CodeIgniter.php(340): CodeIgniter\CodeIgniter->handleRequest(null, Object(Config\Cache), false)
 7 FCPATH\index.php(67): CodeIgniter\CodeIgniter->run()
CRITICAL - 2022-10-08 12:14:36 --> Invalid file: rams/crearProcesador.php
in SYSTEMPATH\Exceptions\FrameworkException.php on line 33.
 1 SYSTEMPATH\View\View.php(201): CodeIgniter\Exceptions\FrameworkException::forInvalidFile('rams/crearProcesador.php')
 2 SYSTEMPATH\Common.php(1137): CodeIgniter\View\View->render('rams/crearProcesador', [], true)
 3 APPPATH\Controllers\Procesadores.php(102): view('rams/crearProcesador', [...])
 4 SYSTEMPATH\CodeIgniter.php(904): App\Controllers\Procesadores->guardarProcesador()
 5 SYSTEMPATH\CodeIgniter.php(457): CodeIgniter\CodeIgniter->runController(Object(App\Controllers\Procesadores))
 6 SYSTEMPATH\CodeIgniter.php(340): CodeIgniter\CodeIgniter->handleRequest(null, Object(Config\Cache), false)
 7 FCPATH\index.php(67): CodeIgniter\CodeIgniter->run()
CRITICAL - 2022-10-08 12:17:59 --> syntax error, unexpected variable "$errors", expecting "function" or "const"
in APPPATH\Models\Ram.php on line 24.
 1 SYSTEMPATH\Autoloader\Autoloader.php(259): CodeIgniter\Autoloader\Autoloader->includeFile('APPPATH\\Models\\Ram.php')
 2 SYSTEMPATH\Autoloader\Autoloader.php(237): CodeIgniter\Autoloader\Autoloader->loadInNamespace('App\\Models\\Ram')
 3 APPPATH\Controllers\Equipos.php(49): CodeIgniter\Autoloader\Autoloader->loadClass('App\\Models\\Ram')
 4 SYSTEMPATH\CodeIgniter.php(904): App\Controllers\Equipos->crearEquipo()
 5 SYSTEMPATH\CodeIgniter.php(457): CodeIgniter\CodeIgniter->runController(Object(App\Controllers\Equipos))
 6 SYSTEMPATH\CodeIgniter.php(340): CodeIgniter\CodeIgniter->handleRequest(null, Object(Config\Cache), false)
 7 FCPATH\index.php(67): CodeIgniter\CodeIgniter->run()
ERROR - 2022-10-08 12:30:21 --> mysqli_sql_exception: Unknown column 'RAM.deleted_at' in 'where clause' in C:\xampp\htdocs\comparador2\system\Database\MySQLi\Connection.php:292
Stack trace:
#0 C:\xampp\htdocs\comparador2\system\Database\MySQLi\Connection.php(292): mysqli->query('SELECT *\nFROM `...', 0)
#1 C:\xampp\htdocs\comparador2\system\Database\BaseConnection.php(693): CodeIgniter\Database\MySQLi\Connection->execute('SELECT *\nFROM `...')
#2 C:\xampp\htdocs\comparador2\system\Database\BaseConnection.php(620): CodeIgniter\Database\BaseConnection->simpleQuery('SELECT *\nFROM `...')
#3 C:\xampp\htdocs\comparador2\system\Database\BaseBuilder.php(1585): CodeIgniter\Database\BaseConnection->query('SELECT *\nFROM `...', Array, false)
#4 C:\xampp\htdocs\comparador2\system\Model.php(222): CodeIgniter\Database\BaseBuilder->get()
#5 C:\xampp\htdocs\comparador2\system\BaseModel.php(584): CodeIgniter\Model->doFindAll(0, 0)
#6 C:\xampp\htdocs\comparador2\app\Controllers\Rams.php(72): CodeIgniter\BaseModel->findAll()
#7 C:\xampp\htdocs\comparador2\system\CodeIgniter.php(904): App\Controllers\Rams->listarRams()
#8 C:\xampp\htdocs\comparador2\system\CodeIgniter.php(457): CodeIgniter\CodeIgniter->runController(Object(App\Controllers\Rams))
#9 C:\xampp\htdocs\comparador2\system\CodeIgniter.php(340): CodeIgniter\CodeIgniter->handleRequest(NULL, Object(Config\Cache), false)
#10 C:\xampp\htdocs\comparador2\public\index.php(67): CodeIgniter\CodeIgniter->run()
#11 {main}
CRITICAL - 2022-10-08 12:30:21 --> Call to a member function getResult() on bool
in SYSTEMPATH\Model.php on line 223.
 1 SYSTEMPATH\BaseModel.php(584): CodeIgniter\Model->doFindAll(0, 0)
 2 APPPATH\Controllers\Rams.php(72): CodeIgniter\BaseModel->findAll()
 3 SYSTEMPATH\CodeIgniter.php(904): App\Controllers\Rams->listarRams()
 4 SYSTEMPATH\CodeIgniter.php(457): CodeIgniter\CodeIgniter->runController(Object(App\Controllers\Rams))
 5 SYSTEMPATH\CodeIgniter.php(340): CodeIgniter\CodeIgniter->handleRequest(null, Object(Config\Cache), false)
 6 FCPATH\index.php(67): CodeIgniter\CodeIgniter->run()
ERROR - 2022-10-08 12:31:02 --> mysqli_sql_exception: Unknown column 'RAM.deleted_at' in 'where clause' in C:\xampp\htdocs\comparador2\system\Database\MySQLi\Connection.php:292
Stack trace:
#0 C:\xampp\htdocs\comparador2\system\Database\MySQLi\Connection.php(292): mysqli->query('SELECT *\nFROM `...', 0)
#1 C:\xampp\htdocs\comparador2\system\Database\BaseConnection.php(693): CodeIgniter\Database\MySQLi\Connection->execute('SELECT *\nFROM `...')
#2 C:\xampp\htdocs\comparador2\system\Database\BaseConnection.php(620): CodeIgniter\Database\BaseConnection->simpleQuery('SELECT *\nFROM `...')
#3 C:\xampp\htdocs\comparador2\system\Database\BaseBuilder.php(1585): CodeIgniter\Database\BaseConnection->query('SELECT *\nFROM `...', Array, false)
#4 C:\xampp\htdocs\comparador2\system\Model.php(222): CodeIgniter\Database\BaseBuilder->get()
#5 C:\xampp\htdocs\comparador2\system\BaseModel.php(584): CodeIgniter\Model->doFindAll(0, 0)
#6 C:\xampp\htdocs\comparador2\app\Controllers\Rams.php(72): CodeIgniter\BaseModel->findAll()
#7 C:\xampp\htdocs\comparador2\system\CodeIgniter.php(904): App\Controllers\Rams->listarRams()
#8 C:\xampp\htdocs\comparador2\system\CodeIgniter.php(457): CodeIgniter\CodeIgniter->runController(Object(App\Controllers\Rams))
#9 C:\xampp\htdocs\comparador2\system\CodeIgniter.php(340): CodeIgniter\CodeIgniter->handleRequest(NULL, Object(Config\Cache), false)
#10 C:\xampp\htdocs\comparador2\public\index.php(67): CodeIgniter\CodeIgniter->run()
#11 {main}
CRITICAL - 2022-10-08 12:31:02 --> Call to a member function getResult() on bool
in SYSTEMPATH\Model.php on line 223.
 1 SYSTEMPATH\BaseModel.php(584): CodeIgniter\Model->doFindAll(0, 0)
 2 APPPATH\Controllers\Rams.php(72): CodeIgniter\BaseModel->findAll()
 3 SYSTEMPATH\CodeIgniter.php(904): App\Controllers\Rams->listarRams()
 4 SYSTEMPATH\CodeIgniter.php(457): CodeIgniter\CodeIgniter->runController(Object(App\Controllers\Rams))
 5 SYSTEMPATH\CodeIgniter.php(340): CodeIgniter\CodeIgniter->handleRequest(null, Object(Config\Cache), false)
 6 FCPATH\index.php(67): CodeIgniter\CodeIgniter->run()
