CRITICAL - 2022-11-29 20:21:35 --> Class "App\Controllers\mysqli" not found
in APPPATH\Controllers\Home.php on line 73.
 1 SYSTEMPATH\CodeIgniter.php(904): App\Controllers\Home->comparar()
 2 SYSTEMPATH\CodeIgniter.php(457): CodeIgniter\CodeIgniter->runController(Object(App\Controllers\Home))
 3 SYSTEMPATH\CodeIgniter.php(340): CodeIgniter\CodeIgniter->handleRequest(null, Object(Config\Cache), false)
 4 FCPATH\index.php(67): CodeIgniter\CodeIgniter->run()
CRITICAL - 2022-11-29 20:27:02 --> Class "App\Controllers\mysqli_connect" not found
in APPPATH\Controllers\Home.php on line 73.
 1 SYSTEMPATH\CodeIgniter.php(904): App\Controllers\Home->comparar()
 2 SYSTEMPATH\CodeIgniter.php(457): CodeIgniter\CodeIgniter->runController(Object(App\Controllers\Home))
 3 SYSTEMPATH\CodeIgniter.php(340): CodeIgniter\CodeIgniter->handleRequest(null, Object(Config\Cache), false)
 4 FCPATH\index.php(67): CodeIgniter\CodeIgniter->run()
CRITICAL - 2022-11-29 20:27:20 --> Call to undefined function App\Controllers\equipo()
in APPPATH\Controllers\Home.php on line 85.
 1 SYSTEMPATH\CodeIgniter.php(904): App\Controllers\Home->comparar()
 2 SYSTEMPATH\CodeIgniter.php(457): CodeIgniter\CodeIgniter->runController(Object(App\Controllers\Home))
 3 SYSTEMPATH\CodeIgniter.php(340): CodeIgniter\CodeIgniter->handleRequest(null, Object(Config\Cache), false)
 4 FCPATH\index.php(67): CodeIgniter\CodeIgniter->run()
CRITICAL - 2022-11-29 20:32:13 --> Call to undefined function App\Controllers\mysqli_quey()
in APPPATH\Controllers\Home.php on line 76.
 1 SYSTEMPATH\CodeIgniter.php(904): App\Controllers\Home->comparar()
 2 SYSTEMPATH\CodeIgniter.php(457): CodeIgniter\CodeIgniter->runController(Object(App\Controllers\Home))
 3 SYSTEMPATH\CodeIgniter.php(340): CodeIgniter\CodeIgniter->handleRequest(null, Object(Config\Cache), false)
 4 FCPATH\index.php(67): CodeIgniter\CodeIgniter->run()
CRITICAL - 2022-11-29 20:37:08 --> Undefined variable $ram
in APPPATH\Views\comparador.php on line 12.
 1 APPPATH\Views\comparador.php(12): CodeIgniter\Debug\Exceptions->errorHandler(2, 'Undefined variable $ram', 'APPPATH\\Views\\comparador.php', 12)
 2 SYSTEMPATH\View\View.php(213): include('APPPATH\\Views\\comparador.php')
 3 SYSTEMPATH\View\View.php(216): CodeIgniter\View\View->CodeIgniter\View\{closure}()
 4 SYSTEMPATH\Common.php(1137): CodeIgniter\View\View->render('comparador', [], true)
 5 APPPATH\Controllers\Home.php(86): view('comparador', [...])
 6 SYSTEMPATH\CodeIgniter.php(904): App\Controllers\Home->comparar()
 7 SYSTEMPATH\CodeIgniter.php(457): CodeIgniter\CodeIgniter->runController(Object(App\Controllers\Home))
 8 SYSTEMPATH\CodeIgniter.php(340): CodeIgniter\CodeIgniter->handleRequest(null, Object(Config\Cache), false)
 9 FCPATH\index.php(67): CodeIgniter\CodeIgniter->run()
CRITICAL - 2022-11-29 20:42:53 --> Undefined variable $equipo
in APPPATH\Views\comparador.php on line 12.
 1 APPPATH\Views\comparador.php(12): CodeIgniter\Debug\Exceptions->errorHandler(2, 'Undefined variable $equipo', 'APPPATH\\Views\\comparador.php', 12)
 2 SYSTEMPATH\View\View.php(213): include('APPPATH\\Views\\comparador.php')
 3 SYSTEMPATH\View\View.php(216): CodeIgniter\View\View->CodeIgniter\View\{closure}()
 4 SYSTEMPATH\Common.php(1137): CodeIgniter\View\View->render('comparador', [], true)
 5 APPPATH\Controllers\Home.php(86): view('comparador', [...])
 6 SYSTEMPATH\CodeIgniter.php(904): App\Controllers\Home->comparar()
 7 SYSTEMPATH\CodeIgniter.php(457): CodeIgniter\CodeIgniter->runController(Object(App\Controllers\Home))
 8 SYSTEMPATH\CodeIgniter.php(340): CodeIgniter\CodeIgniter->handleRequest(null, Object(Config\Cache), false)
 9 FCPATH\index.php(67): CodeIgniter\CodeIgniter->run()
CRITICAL - 2022-11-29 20:44:27 --> Undefined variable $equipo
in APPPATH\Views\comparador.php on line 12.
 1 APPPATH\Views\comparador.php(12): CodeIgniter\Debug\Exceptions->errorHandler(2, 'Undefined variable $equipo', 'APPPATH\\Views\\comparador.php', 12)
 2 SYSTEMPATH\View\View.php(213): include('APPPATH\\Views\\comparador.php')
 3 SYSTEMPATH\View\View.php(216): CodeIgniter\View\View->CodeIgniter\View\{closure}()
 4 SYSTEMPATH\Common.php(1137): CodeIgniter\View\View->render('comparador', [], true)
 5 APPPATH\Controllers\Home.php(86): view('comparador', [...])
 6 SYSTEMPATH\CodeIgniter.php(904): App\Controllers\Home->comparar()
 7 SYSTEMPATH\CodeIgniter.php(457): CodeIgniter\CodeIgniter->runController(Object(App\Controllers\Home))
 8 SYSTEMPATH\CodeIgniter.php(340): CodeIgniter\CodeIgniter->handleRequest(null, Object(Config\Cache), false)
 9 FCPATH\index.php(67): CodeIgniter\CodeIgniter->run()
CRITICAL - 2022-11-29 20:45:23 --> Undefined variable $equipo
in APPPATH\Views\comparador.php on line 12.
 1 APPPATH\Views\comparador.php(12): CodeIgniter\Debug\Exceptions->errorHandler(2, 'Undefined variable $equipo', 'APPPATH\\Views\\comparador.php', 12)
 2 SYSTEMPATH\View\View.php(213): include('APPPATH\\Views\\comparador.php')
 3 SYSTEMPATH\View\View.php(216): CodeIgniter\View\View->CodeIgniter\View\{closure}()
 4 SYSTEMPATH\Common.php(1137): CodeIgniter\View\View->render('comparador', [], true)
 5 APPPATH\Controllers\Home.php(86): view('comparador', [...])
 6 SYSTEMPATH\CodeIgniter.php(904): App\Controllers\Home->comparar()
 7 SYSTEMPATH\CodeIgniter.php(457): CodeIgniter\CodeIgniter->runController(Object(App\Controllers\Home))
 8 SYSTEMPATH\CodeIgniter.php(340): CodeIgniter\CodeIgniter->handleRequest(null, Object(Config\Cache), false)
 9 FCPATH\index.php(67): CodeIgniter\CodeIgniter->run()
CRITICAL - 2022-11-29 20:47:10 --> Undefined array key "compania_ram"
in APPPATH\Views\comparador.php on line 14.
 1 APPPATH\Views\comparador.php(14): CodeIgniter\Debug\Exceptions->errorHandler(2, 'Undefined array key "compania_ram"', 'APPPATH\\Views\\comparador.php', 14)
 2 SYSTEMPATH\View\View.php(213): include('APPPATH\\Views\\comparador.php')
 3 SYSTEMPATH\View\View.php(216): CodeIgniter\View\View->CodeIgniter\View\{closure}()
 4 SYSTEMPATH\Common.php(1137): CodeIgniter\View\View->render('comparador', [], true)
 5 APPPATH\Controllers\Home.php(86): view('comparador', [...])
 6 SYSTEMPATH\CodeIgniter.php(904): App\Controllers\Home->comparar()
 7 SYSTEMPATH\CodeIgniter.php(457): CodeIgniter\CodeIgniter->runController(Object(App\Controllers\Home))
 8 SYSTEMPATH\CodeIgniter.php(340): CodeIgniter\CodeIgniter->handleRequest(null, Object(Config\Cache), false)
 9 FCPATH\index.php(67): CodeIgniter\CodeIgniter->run()
CRITICAL - 2022-11-29 20:49:23 --> Undefined array key "compania_pro"
in APPPATH\Views\comparador.php on line 14.
 1 APPPATH\Views\comparador.php(14): CodeIgniter\Debug\Exceptions->errorHandler(2, 'Undefined array key "compania_pro"', 'APPPATH\\Views\\comparador.php', 14)
 2 SYSTEMPATH\View\View.php(213): include('APPPATH\\Views\\comparador.php')
 3 SYSTEMPATH\View\View.php(216): CodeIgniter\View\View->CodeIgniter\View\{closure}()
 4 SYSTEMPATH\Common.php(1137): CodeIgniter\View\View->render('comparador', [], true)
 5 APPPATH\Controllers\Home.php(86): view('comparador', [...])
 6 SYSTEMPATH\CodeIgniter.php(904): App\Controllers\Home->comparar()
 7 SYSTEMPATH\CodeIgniter.php(457): CodeIgniter\CodeIgniter->runController(Object(App\Controllers\Home))
 8 SYSTEMPATH\CodeIgniter.php(340): CodeIgniter\CodeIgniter->handleRequest(null, Object(Config\Cache), false)
 9 FCPATH\index.php(67): CodeIgniter\CodeIgniter->run()
CRITICAL - 2022-11-29 20:55:06 --> syntax error, unexpected token ";"
in APPPATH\Views\comparador.php on line 15.
 1 SYSTEMPATH\View\View.php(216): CodeIgniter\View\View->CodeIgniter\View\{closure}()
 2 SYSTEMPATH\Common.php(1137): CodeIgniter\View\View->render('comparador', [], true)
 3 APPPATH\Controllers\Home.php(84): view('comparador', [...])
 4 SYSTEMPATH\CodeIgniter.php(904): App\Controllers\Home->comparar()
 5 SYSTEMPATH\CodeIgniter.php(457): CodeIgniter\CodeIgniter->runController(Object(App\Controllers\Home))
 6 SYSTEMPATH\CodeIgniter.php(340): CodeIgniter\CodeIgniter->handleRequest(null, Object(Config\Cache), false)
 7 FCPATH\index.php(67): CodeIgniter\CodeIgniter->run()
CRITICAL - 2022-11-29 21:04:11 --> Undefined array key "cod_juego"
in APPPATH\Views\comparador.php on line 34.
 1 APPPATH\Views\comparador.php(34): CodeIgniter\Debug\Exceptions->errorHandler(2, 'Undefined array key "cod_juego"', 'APPPATH\\Views\\comparador.php', 34)
 2 SYSTEMPATH\View\View.php(213): include('APPPATH\\Views\\comparador.php')
 3 SYSTEMPATH\View\View.php(216): CodeIgniter\View\View->CodeIgniter\View\{closure}()
 4 SYSTEMPATH\Common.php(1137): CodeIgniter\View\View->render('comparador', [], true)
 5 APPPATH\Controllers\Home.php(84): view('comparador', [...])
 6 SYSTEMPATH\CodeIgniter.php(904): App\Controllers\Home->comparar()
 7 SYSTEMPATH\CodeIgniter.php(457): CodeIgniter\CodeIgniter->runController(Object(App\Controllers\Home))
 8 SYSTEMPATH\CodeIgniter.php(340): CodeIgniter\CodeIgniter->handleRequest(null, Object(Config\Cache), false)
 9 FCPATH\index.php(67): CodeIgniter\CodeIgniter->run()
CRITICAL - 2022-11-29 21:07:02 --> Array to string conversion
in APPPATH\Views\comparador.php on line 14.
 1 APPPATH\Views\comparador.php(14): CodeIgniter\Debug\Exceptions->errorHandler(2, 'Array to string conversion', 'APPPATH\\Views\\comparador.php', 14)
 2 SYSTEMPATH\View\View.php(213): include('APPPATH\\Views\\comparador.php')
 3 SYSTEMPATH\View\View.php(216): CodeIgniter\View\View->CodeIgniter\View\{closure}()
 4 SYSTEMPATH\Common.php(1137): CodeIgniter\View\View->render('comparador', [], true)
 5 APPPATH\Controllers\Home.php(84): view('comparador', [...])
 6 SYSTEMPATH\CodeIgniter.php(904): App\Controllers\Home->comparar()
 7 SYSTEMPATH\CodeIgniter.php(457): CodeIgniter\CodeIgniter->runController(Object(App\Controllers\Home))
 8 SYSTEMPATH\CodeIgniter.php(340): CodeIgniter\CodeIgniter->handleRequest(null, Object(Config\Cache), false)
 9 FCPATH\index.php(67): CodeIgniter\CodeIgniter->run()
CRITICAL - 2022-11-29 21:40:13 --> Invalid file: comparador.php
in SYSTEMPATH\Exceptions\FrameworkException.php on line 33.
 1 SYSTEMPATH\View\View.php(201): CodeIgniter\Exceptions\FrameworkException::forInvalidFile('comparador.php')
 2 SYSTEMPATH\Common.php(1137): CodeIgniter\View\View->render('comparador', [], true)
 3 APPPATH\Controllers\Home.php(97): view('comparador', [...])
 4 SYSTEMPATH\CodeIgniter.php(904): App\Controllers\Home->comparador()
 5 SYSTEMPATH\CodeIgniter.php(457): CodeIgniter\CodeIgniter->runController(Object(App\Controllers\Home))
 6 SYSTEMPATH\CodeIgniter.php(340): CodeIgniter\CodeIgniter->handleRequest(null, Object(Config\Cache), false)
 7 FCPATH\index.php(67): CodeIgniter\CodeIgniter->run()
CRITICAL - 2022-11-29 21:41:17 --> Undefined variable $cabecera
in APPPATH\Views\comparador.php on line 1.
 1 APPPATH\Views\comparador.php(1): CodeIgniter\Debug\Exceptions->errorHandler(2, 'Undefined variable $cabecera', 'APPPATH\\Views\\comparador.php', 1)
 2 SYSTEMPATH\View\View.php(213): include('APPPATH\\Views\\comparador.php')
 3 SYSTEMPATH\View\View.php(216): CodeIgniter\View\View->CodeIgniter\View\{closure}()
 4 SYSTEMPATH\Common.php(1137): CodeIgniter\View\View->render('comparador', [], true)
 5 APPPATH\Controllers\Home.php(97): view('comparador', [...])
 6 SYSTEMPATH\CodeIgniter.php(904): App\Controllers\Home->comparador()
 7 SYSTEMPATH\CodeIgniter.php(457): CodeIgniter\CodeIgniter->runController(Object(App\Controllers\Home))
 8 SYSTEMPATH\CodeIgniter.php(340): CodeIgniter\CodeIgniter->handleRequest(null, Object(Config\Cache), false)
 9 FCPATH\index.php(67): CodeIgniter\CodeIgniter->run()
CRITICAL - 2022-11-29 21:41:39 --> Undefined variable $cabecera
in APPPATH\Views\comparador.php on line 1.
 1 APPPATH\Views\comparador.php(1): CodeIgniter\Debug\Exceptions->errorHandler(2, 'Undefined variable $cabecera', 'APPPATH\\Views\\comparador.php', 1)
 2 SYSTEMPATH\View\View.php(213): include('APPPATH\\Views\\comparador.php')
 3 SYSTEMPATH\View\View.php(216): CodeIgniter\View\View->CodeIgniter\View\{closure}()
 4 SYSTEMPATH\Common.php(1137): CodeIgniter\View\View->render('comparador', [], true)
 5 APPPATH\Controllers\Home.php(97): view('comparador', [...])
 6 SYSTEMPATH\CodeIgniter.php(904): App\Controllers\Home->comparador()
 7 SYSTEMPATH\CodeIgniter.php(457): CodeIgniter\CodeIgniter->runController(Object(App\Controllers\Home))
 8 SYSTEMPATH\CodeIgniter.php(340): CodeIgniter\CodeIgniter->handleRequest(null, Object(Config\Cache), false)
 9 FCPATH\index.php(67): CodeIgniter\CodeIgniter->run()
CRITICAL - 2022-11-29 21:42:08 --> Undefined variable $cabecera
in APPPATH\Views\comparador.php on line 1.
 1 APPPATH\Views\comparador.php(1): CodeIgniter\Debug\Exceptions->errorHandler(2, 'Undefined variable $cabecera', 'APPPATH\\Views\\comparador.php', 1)
 2 SYSTEMPATH\View\View.php(213): include('APPPATH\\Views\\comparador.php')
 3 SYSTEMPATH\View\View.php(216): CodeIgniter\View\View->CodeIgniter\View\{closure}()
 4 SYSTEMPATH\Common.php(1137): CodeIgniter\View\View->render('comparador', [], true)
 5 APPPATH\Controllers\Home.php(97): view('comparador', [...])
 6 SYSTEMPATH\CodeIgniter.php(904): App\Controllers\Home->comparador()
 7 SYSTEMPATH\CodeIgniter.php(457): CodeIgniter\CodeIgniter->runController(Object(App\Controllers\Home))
 8 SYSTEMPATH\CodeIgniter.php(340): CodeIgniter\CodeIgniter->handleRequest(null, Object(Config\Cache), false)
 9 FCPATH\index.php(67): CodeIgniter\CodeIgniter->run()
CRITICAL - 2022-11-29 21:43:14 --> Undefined variable $cabecera
in APPPATH\Views\comparador.php on line 1.
 1 APPPATH\Views\comparador.php(1): CodeIgniter\Debug\Exceptions->errorHandler(2, 'Undefined variable $cabecera', 'APPPATH\\Views\\comparador.php', 1)
 2 SYSTEMPATH\View\View.php(213): include('APPPATH\\Views\\comparador.php')
 3 SYSTEMPATH\View\View.php(216): CodeIgniter\View\View->CodeIgniter\View\{closure}()
 4 SYSTEMPATH\Common.php(1137): CodeIgniter\View\View->render('comparador', [], true)
 5 APPPATH\Controllers\Home.php(97): view('comparador', [...])
 6 SYSTEMPATH\CodeIgniter.php(904): App\Controllers\Home->comparador()
 7 SYSTEMPATH\CodeIgniter.php(457): CodeIgniter\CodeIgniter->runController(Object(App\Controllers\Home))
 8 SYSTEMPATH\CodeIgniter.php(340): CodeIgniter\CodeIgniter->handleRequest(null, Object(Config\Cache), false)
 9 FCPATH\index.php(67): CodeIgniter\CodeIgniter->run()
CRITICAL - 2022-11-29 21:45:12 --> Undefined variable $cabecera
in APPPATH\Views\comparador.php on line 1.
 1 APPPATH\Views\comparador.php(1): CodeIgniter\Debug\Exceptions->errorHandler(2, 'Undefined variable $cabecera', 'APPPATH\\Views\\comparador.php', 1)
 2 SYSTEMPATH\View\View.php(213): include('APPPATH\\Views\\comparador.php')
 3 SYSTEMPATH\View\View.php(216): CodeIgniter\View\View->CodeIgniter\View\{closure}()
 4 SYSTEMPATH\Common.php(1137): CodeIgniter\View\View->render('comparador', [], true)
 5 APPPATH\Controllers\Home.php(97): view('comparador', [...])
 6 SYSTEMPATH\CodeIgniter.php(904): App\Controllers\Home->comparador()
 7 SYSTEMPATH\CodeIgniter.php(457): CodeIgniter\CodeIgniter->runController(Object(App\Controllers\Home))
 8 SYSTEMPATH\CodeIgniter.php(340): CodeIgniter\CodeIgniter->handleRequest(null, Object(Config\Cache), false)
 9 FCPATH\index.php(67): CodeIgniter\CodeIgniter->run()
CRITICAL - 2022-11-29 21:45:32 --> Undefined variable $navbar
in APPPATH\Views\comparador.php on line 1.
 1 APPPATH\Views\comparador.php(1): CodeIgniter\Debug\Exceptions->errorHandler(2, 'Undefined variable $navbar', 'APPPATH\\Views\\comparador.php', 1)
 2 SYSTEMPATH\View\View.php(213): include('APPPATH\\Views\\comparador.php')
 3 SYSTEMPATH\View\View.php(216): CodeIgniter\View\View->CodeIgniter\View\{closure}()
 4 SYSTEMPATH\Common.php(1137): CodeIgniter\View\View->render('comparador', [], true)
 5 APPPATH\Controllers\Home.php(97): view('comparador', [...])
 6 SYSTEMPATH\CodeIgniter.php(904): App\Controllers\Home->comparador()
 7 SYSTEMPATH\CodeIgniter.php(457): CodeIgniter\CodeIgniter->runController(Object(App\Controllers\Home))
 8 SYSTEMPATH\CodeIgniter.php(340): CodeIgniter\CodeIgniter->handleRequest(null, Object(Config\Cache), false)
 9 FCPATH\index.php(67): CodeIgniter\CodeIgniter->run()
