CRITICAL - 2022-10-04 03:05:40 --> Undefined variable $cabecera
in APPPATH\Views\rams\crear.php on line 1.
 1 APPPATH\Views\rams\crear.php(1): CodeIgniter\Debug\Exceptions->errorHandler(2, 'Undefined variable $cabecera', 'APPPATH\\Views\\rams\\crear.php', 1)
 2 SYSTEMPATH\View\View.php(213): include('APPPATH\\Views\\rams\\crear.php')
 3 SYSTEMPATH\View\View.php(216): CodeIgniter\View\View->CodeIgniter\View\{closure}()
 4 SYSTEMPATH\Common.php(1137): CodeIgniter\View\View->render('rams/crear', [], true)
 5 APPPATH\Controllers\Home.php(9): view('rams/crear')
 6 SYSTEMPATH\CodeIgniter.php(904): App\Controllers\Home->index()
 7 SYSTEMPATH\CodeIgniter.php(457): CodeIgniter\CodeIgniter->runController(Object(App\Controllers\Home))
 8 SYSTEMPATH\CodeIgniter.php(340): CodeIgniter\CodeIgniter->handleRequest(null, Object(Config\Cache), false)
 9 FCPATH\index.php(67): CodeIgniter\CodeIgniter->run()
CRITICAL - 2022-10-04 03:06:49 --> Undefined variable $cabecera
in APPPATH\Views\rams\crear.php on line 1.
 1 APPPATH\Views\rams\crear.php(1): CodeIgniter\Debug\Exceptions->errorHandler(2, 'Undefined variable $cabecera', 'APPPATH\\Views\\rams\\crear.php', 1)
 2 SYSTEMPATH\View\View.php(213): include('APPPATH\\Views\\rams\\crear.php')
 3 SYSTEMPATH\View\View.php(216): CodeIgniter\View\View->CodeIgniter\View\{closure}()
 4 SYSTEMPATH\Common.php(1137): CodeIgniter\View\View->render('rams/crear', [], true)
 5 APPPATH\Controllers\Home.php(9): view('rams/crear')
 6 SYSTEMPATH\CodeIgniter.php(904): App\Controllers\Home->index()
 7 SYSTEMPATH\CodeIgniter.php(457): CodeIgniter\CodeIgniter->runController(Object(App\Controllers\Home))
 8 SYSTEMPATH\CodeIgniter.php(340): CodeIgniter\CodeIgniter->handleRequest(null, Object(Config\Cache), false)
 9 FCPATH\index.php(67): CodeIgniter\CodeIgniter->run()
CRITICAL - 2022-10-04 03:06:50 --> Undefined variable $cabecera
in APPPATH\Views\rams\crear.php on line 1.
 1 APPPATH\Views\rams\crear.php(1): CodeIgniter\Debug\Exceptions->errorHandler(2, 'Undefined variable $cabecera', 'APPPATH\\Views\\rams\\crear.php', 1)
 2 SYSTEMPATH\View\View.php(213): include('APPPATH\\Views\\rams\\crear.php')
 3 SYSTEMPATH\View\View.php(216): CodeIgniter\View\View->CodeIgniter\View\{closure}()
 4 SYSTEMPATH\Common.php(1137): CodeIgniter\View\View->render('rams/crear', [], true)
 5 APPPATH\Controllers\Home.php(9): view('rams/crear')
 6 SYSTEMPATH\CodeIgniter.php(904): App\Controllers\Home->index()
 7 SYSTEMPATH\CodeIgniter.php(457): CodeIgniter\CodeIgniter->runController(Object(App\Controllers\Home))
 8 SYSTEMPATH\CodeIgniter.php(340): CodeIgniter\CodeIgniter->handleRequest(null, Object(Config\Cache), false)
 9 FCPATH\index.php(67): CodeIgniter\CodeIgniter->run()
CRITICAL - 2022-10-04 03:06:51 --> Undefined variable $cabecera
in APPPATH\Views\rams\crear.php on line 1.
 1 APPPATH\Views\rams\crear.php(1): CodeIgniter\Debug\Exceptions->errorHandler(2, 'Undefined variable $cabecera', 'APPPATH\\Views\\rams\\crear.php', 1)
 2 SYSTEMPATH\View\View.php(213): include('APPPATH\\Views\\rams\\crear.php')
 3 SYSTEMPATH\View\View.php(216): CodeIgniter\View\View->CodeIgniter\View\{closure}()
 4 SYSTEMPATH\Common.php(1137): CodeIgniter\View\View->render('rams/crear', [], true)
 5 APPPATH\Controllers\Home.php(9): view('rams/crear')
 6 SYSTEMPATH\CodeIgniter.php(904): App\Controllers\Home->index()
 7 SYSTEMPATH\CodeIgniter.php(457): CodeIgniter\CodeIgniter->runController(Object(App\Controllers\Home))
 8 SYSTEMPATH\CodeIgniter.php(340): CodeIgniter\CodeIgniter->handleRequest(null, Object(Config\Cache), false)
 9 FCPATH\index.php(67): CodeIgniter\CodeIgniter->run()
CRITICAL - 2022-10-04 03:09:06 --> Invalid file: /.php
in SYSTEMPATH\Exceptions\FrameworkException.php on line 33.
 1 SYSTEMPATH\View\View.php(201): CodeIgniter\Exceptions\FrameworkException::forInvalidFile('/.php')
 2 SYSTEMPATH\Common.php(1137): CodeIgniter\View\View->render('C:\\', [], true)
 3 APPPATH\Controllers\Home.php(12): view('C:\\', [...])
 4 SYSTEMPATH\CodeIgniter.php(904): App\Controllers\Home->index()
 5 SYSTEMPATH\CodeIgniter.php(457): CodeIgniter\CodeIgniter->runController(Object(App\Controllers\Home))
 6 SYSTEMPATH\CodeIgniter.php(340): CodeIgniter\CodeIgniter->handleRequest(null, Object(Config\Cache), false)
 7 FCPATH\index.php(67): CodeIgniter\CodeIgniter->run()
CRITICAL - 2022-10-04 03:09:19 --> Invalid file: .php
in SYSTEMPATH\Exceptions\FrameworkException.php on line 33.
 1 SYSTEMPATH\View\View.php(201): CodeIgniter\Exceptions\FrameworkException::forInvalidFile('.php')
 2 SYSTEMPATH\Common.php(1137): CodeIgniter\View\View->render('ROOTPATH\\public', [], true)
 3 APPPATH\Controllers\Home.php(12): view('ROOTPATH\\public', [...])
 4 SYSTEMPATH\CodeIgniter.php(904): App\Controllers\Home->index()
 5 SYSTEMPATH\CodeIgniter.php(457): CodeIgniter\CodeIgniter->runController(Object(App\Controllers\Home))
 6 SYSTEMPATH\CodeIgniter.php(340): CodeIgniter\CodeIgniter->handleRequest(null, Object(Config\Cache), false)
 7 FCPATH\index.php(67): CodeIgniter\CodeIgniter->run()
CRITICAL - 2022-10-04 03:09:22 --> Invalid file: .php
in SYSTEMPATH\Exceptions\FrameworkException.php on line 33.
 1 SYSTEMPATH\View\View.php(201): CodeIgniter\Exceptions\FrameworkException::forInvalidFile('.php')
 2 SYSTEMPATH\Common.php(1137): CodeIgniter\View\View->render('ROOTPATH\\public', [], true)
 3 APPPATH\Controllers\Home.php(12): view('ROOTPATH\\public', [...])
 4 SYSTEMPATH\CodeIgniter.php(904): App\Controllers\Home->index()
 5 SYSTEMPATH\CodeIgniter.php(457): CodeIgniter\CodeIgniter->runController(Object(App\Controllers\Home))
 6 SYSTEMPATH\CodeIgniter.php(340): CodeIgniter\CodeIgniter->handleRequest(null, Object(Config\Cache), false)
 7 FCPATH\index.php(67): CodeIgniter\CodeIgniter->run()
CRITICAL - 2022-10-04 03:40:46 --> Undefined variable $cabecera
in APPPATH\Views\signup.php on line 1.
 1 APPPATH\Views\signup.php(1): CodeIgniter\Debug\Exceptions->errorHandler(2, 'Undefined variable $cabecera', 'APPPATH\\Views\\signup.php', 1)
 2 SYSTEMPATH\View\View.php(213): include('APPPATH\\Views\\signup.php')
 3 SYSTEMPATH\View\View.php(216): CodeIgniter\View\View->CodeIgniter\View\{closure}()
 4 SYSTEMPATH\Common.php(1137): CodeIgniter\View\View->render('signup', [], true)
 5 APPPATH\Controllers\SignupController.php(12): view('signup', [])
 6 SYSTEMPATH\CodeIgniter.php(904): App\Controllers\SignupController->index()
 7 SYSTEMPATH\CodeIgniter.php(457): CodeIgniter\CodeIgniter->runController(Object(App\Controllers\SignupController))
 8 SYSTEMPATH\CodeIgniter.php(340): CodeIgniter\CodeIgniter->handleRequest(null, Object(Config\Cache), false)
 9 FCPATH\index.php(67): CodeIgniter\CodeIgniter->run()
CRITICAL - 2022-10-04 03:41:29 --> Undefined variable $navbar
in APPPATH\Views\signup.php on line 2.
 1 APPPATH\Views\signup.php(2): CodeIgniter\Debug\Exceptions->errorHandler(2, 'Undefined variable $navbar', 'APPPATH\\Views\\signup.php', 2)
 2 SYSTEMPATH\View\View.php(213): include('APPPATH\\Views\\signup.php')
 3 SYSTEMPATH\View\View.php(216): CodeIgniter\View\View->CodeIgniter\View\{closure}()
 4 SYSTEMPATH\Common.php(1137): CodeIgniter\View\View->render('signup', [], true)
 5 APPPATH\Controllers\SignupController.php(15): view('signup', [...])
 6 SYSTEMPATH\CodeIgniter.php(904): App\Controllers\SignupController->index()
 7 SYSTEMPATH\CodeIgniter.php(457): CodeIgniter\CodeIgniter->runController(Object(App\Controllers\SignupController))
 8 SYSTEMPATH\CodeIgniter.php(340): CodeIgniter\CodeIgniter->handleRequest(null, Object(Config\Cache), false)
 9 FCPATH\index.php(67): CodeIgniter\CodeIgniter->run()
CRITICAL - 2022-10-04 03:41:30 --> Undefined variable $navbar
in APPPATH\Views\signup.php on line 2.
 1 APPPATH\Views\signup.php(2): CodeIgniter\Debug\Exceptions->errorHandler(2, 'Undefined variable $navbar', 'APPPATH\\Views\\signup.php', 2)
 2 SYSTEMPATH\View\View.php(213): include('APPPATH\\Views\\signup.php')
 3 SYSTEMPATH\View\View.php(216): CodeIgniter\View\View->CodeIgniter\View\{closure}()
 4 SYSTEMPATH\Common.php(1137): CodeIgniter\View\View->render('signup', [], true)
 5 APPPATH\Controllers\SignupController.php(15): view('signup', [...])
 6 SYSTEMPATH\CodeIgniter.php(904): App\Controllers\SignupController->index()
 7 SYSTEMPATH\CodeIgniter.php(457): CodeIgniter\CodeIgniter->runController(Object(App\Controllers\SignupController))
 8 SYSTEMPATH\CodeIgniter.php(340): CodeIgniter\CodeIgniter->handleRequest(null, Object(Config\Cache), false)
 9 FCPATH\index.php(67): CodeIgniter\CodeIgniter->run()
CRITICAL - 2022-10-04 03:43:22 --> Undefined variable $cabecera
in APPPATH\Views\signin.php on line 1.
 1 APPPATH\Views\signin.php(1): CodeIgniter\Debug\Exceptions->errorHandler(2, 'Undefined variable $cabecera', 'APPPATH\\Views\\signin.php', 1)
 2 SYSTEMPATH\View\View.php(213): include('APPPATH\\Views\\signin.php')
 3 SYSTEMPATH\View\View.php(216): CodeIgniter\View\View->CodeIgniter\View\{closure}()
 4 SYSTEMPATH\Common.php(1137): CodeIgniter\View\View->render('signin', [], true)
 5 APPPATH\Controllers\SigninController.php(14): view('signin')
 6 SYSTEMPATH\CodeIgniter.php(904): App\Controllers\SigninController->index()
 7 SYSTEMPATH\CodeIgniter.php(457): CodeIgniter\CodeIgniter->runController(Object(App\Controllers\SigninController))
 8 SYSTEMPATH\CodeIgniter.php(340): CodeIgniter\CodeIgniter->handleRequest(null, Object(Config\Cache), false)
 9 FCPATH\index.php(67): CodeIgniter\CodeIgniter->run()
CRITICAL - 2022-10-04 03:49:39 --> Invalid file: procesadores/listarRams.php
in SYSTEMPATH\Exceptions\FrameworkException.php on line 33.
 1 SYSTEMPATH\View\View.php(201): CodeIgniter\Exceptions\FrameworkException::forInvalidFile('procesadores/listarRams.php')
 2 SYSTEMPATH\Common.php(1137): CodeIgniter\View\View->render('procesadores/listarRams', [], true)
 3 APPPATH\Controllers\Rams.php(17): view('procesadores/listarRams', [...])
 4 SYSTEMPATH\CodeIgniter.php(904): App\Controllers\Rams->listarRams()
 5 SYSTEMPATH\CodeIgniter.php(457): CodeIgniter\CodeIgniter->runController(Object(App\Controllers\Rams))
 6 SYSTEMPATH\CodeIgniter.php(340): CodeIgniter\CodeIgniter->handleRequest(null, Object(Config\Cache), false)
 7 FCPATH\index.php(67): CodeIgniter\CodeIgniter->run()
CRITICAL - 2022-10-04 03:53:51 --> Invalid file: rams/crearRams.php
in SYSTEMPATH\Exceptions\FrameworkException.php on line 33.
 1 SYSTEMPATH\View\View.php(201): CodeIgniter\Exceptions\FrameworkException::forInvalidFile('rams/crearRams.php')
 2 SYSTEMPATH\Common.php(1137): CodeIgniter\View\View->render('rams/crearRams', [], true)
 3 APPPATH\Controllers\Rams.php(26): view('rams/crearRams', [...])
 4 SYSTEMPATH\CodeIgniter.php(904): App\Controllers\Rams->crearRam()
 5 SYSTEMPATH\CodeIgniter.php(457): CodeIgniter\CodeIgniter->runController(Object(App\Controllers\Rams))
 6 SYSTEMPATH\CodeIgniter.php(340): CodeIgniter\CodeIgniter->handleRequest(null, Object(Config\Cache), false)
 7 FCPATH\index.php(67): CodeIgniter\CodeIgniter->run()
CRITICAL - 2022-10-04 03:54:27 --> Invalid file: rams/crearRams.php
in SYSTEMPATH\Exceptions\FrameworkException.php on line 33.
 1 SYSTEMPATH\View\View.php(201): CodeIgniter\Exceptions\FrameworkException::forInvalidFile('rams/crearRams.php')
 2 SYSTEMPATH\Common.php(1137): CodeIgniter\View\View->render('rams/crearRams', [], true)
 3 APPPATH\Controllers\Rams.php(26): view('rams/crearRams', [...])
 4 SYSTEMPATH\CodeIgniter.php(904): App\Controllers\Rams->crearRam()
 5 SYSTEMPATH\CodeIgniter.php(457): CodeIgniter\CodeIgniter->runController(Object(App\Controllers\Rams))
 6 SYSTEMPATH\CodeIgniter.php(340): CodeIgniter\CodeIgniter->handleRequest(null, Object(Config\Cache), false)
 7 FCPATH\index.php(67): CodeIgniter\CodeIgniter->run()
CRITICAL - 2022-10-04 03:59:09 --> Undefined variable $cabecera
in APPPATH\Views\signup.php on line 1.
 1 APPPATH\Views\signup.php(1): CodeIgniter\Debug\Exceptions->errorHandler(2, 'Undefined variable $cabecera', 'APPPATH\\Views\\signup.php', 1)
 2 SYSTEMPATH\View\View.php(213): include('APPPATH\\Views\\signup.php')
 3 SYSTEMPATH\View\View.php(216): CodeIgniter\View\View->CodeIgniter\View\{closure}()
 4 SYSTEMPATH\Common.php(1137): CodeIgniter\View\View->render('signup', [], true)
 5 APPPATH\Controllers\SignupController.php(39): view('signup', [...])
 6 SYSTEMPATH\CodeIgniter.php(904): App\Controllers\SignupController->store()
 7 SYSTEMPATH\CodeIgniter.php(457): CodeIgniter\CodeIgniter->runController(Object(App\Controllers\SignupController))
 8 SYSTEMPATH\CodeIgniter.php(340): CodeIgniter\CodeIgniter->handleRequest(null, Object(Config\Cache), false)
 9 FCPATH\index.php(67): CodeIgniter\CodeIgniter->run()
CRITICAL - 2022-10-04 04:01:00 --> CodeIgniter\HTTP\RedirectResponse::to(): Argument #2 ($code) must be of type ?int, array given, called in C:\xampp\htdocs\comparador2\app\Controllers\SignupController.php on line 38
in SYSTEMPATH\HTTP\RedirectResponse.php on line 32.
 1 APPPATH\Controllers\SignupController.php(38): CodeIgniter\HTTP\RedirectResponse->to('/signin', [...])
 2 SYSTEMPATH\CodeIgniter.php(904): App\Controllers\SignupController->store()
 3 SYSTEMPATH\CodeIgniter.php(457): CodeIgniter\CodeIgniter->runController(Object(App\Controllers\SignupController))
 4 SYSTEMPATH\CodeIgniter.php(340): CodeIgniter\CodeIgniter->handleRequest(null, Object(Config\Cache), false)
 5 FCPATH\index.php(67): CodeIgniter\CodeIgniter->run()
CRITICAL - 2022-10-04 04:02:41 --> CodeIgniter\HTTP\RedirectResponse::to(): Argument #2 ($code) must be of type ?int, array given, called in C:\xampp\htdocs\comparador2\app\Controllers\SignupController.php on line 38
in SYSTEMPATH\HTTP\RedirectResponse.php on line 32.
 1 APPPATH\Controllers\SignupController.php(38): CodeIgniter\HTTP\RedirectResponse->to('/signin', [...])
 2 SYSTEMPATH\CodeIgniter.php(904): App\Controllers\SignupController->store()
 3 SYSTEMPATH\CodeIgniter.php(457): CodeIgniter\CodeIgniter->runController(Object(App\Controllers\SignupController))
 4 SYSTEMPATH\CodeIgniter.php(340): CodeIgniter\CodeIgniter->handleRequest(null, Object(Config\Cache), false)
 5 FCPATH\index.php(67): CodeIgniter\CodeIgniter->run()
CRITICAL - 2022-10-04 04:04:01 --> CodeIgniter\HTTP\RedirectResponse::to(): Argument #2 ($code) must be of type ?int, array given, called in C:\xampp\htdocs\comparador2\app\Controllers\SignupController.php on line 38
in SYSTEMPATH\HTTP\RedirectResponse.php on line 32.
 1 APPPATH\Controllers\SignupController.php(38): CodeIgniter\HTTP\RedirectResponse->to('/signin', [...])
 2 SYSTEMPATH\CodeIgniter.php(904): App\Controllers\SignupController->store()
 3 SYSTEMPATH\CodeIgniter.php(457): CodeIgniter\CodeIgniter->runController(Object(App\Controllers\SignupController))
 4 SYSTEMPATH\CodeIgniter.php(340): CodeIgniter\CodeIgniter->handleRequest(null, Object(Config\Cache), false)
 5 FCPATH\index.php(67): CodeIgniter\CodeIgniter->run()
CRITICAL - 2022-10-04 04:42:41 --> Undefined property: App\Controllers\CreadorSesiones::$consulta
in APPPATH\Controllers\CreadorSesiones.php on line 33.
 1 APPPATH\Controllers\CreadorSesiones.php(33): CodeIgniter\Debug\Exceptions->errorHandler(2, 'Undefined property: App\\Controllers\\CreadorSesiones::$consulta', 'APPPATH\\Controllers\\CreadorSesiones.php', 33)
 2 SYSTEMPATH\CodeIgniter.php(904): App\Controllers\CreadorSesiones->almacenarSesion()
 3 SYSTEMPATH\CodeIgniter.php(457): CodeIgniter\CodeIgniter->runController(Object(App\Controllers\CreadorSesiones))
 4 SYSTEMPATH\CodeIgniter.php(340): CodeIgniter\CodeIgniter->handleRequest(null, Object(Config\Cache), false)
 5 FCPATH\index.php(67): CodeIgniter\CodeIgniter->run()
CRITICAL - 2022-10-04 04:43:23 --> Undefined property: App\Controllers\CreadorSesiones::$consulta
in APPPATH\Controllers\CreadorSesiones.php on line 33.
 1 APPPATH\Controllers\CreadorSesiones.php(33): CodeIgniter\Debug\Exceptions->errorHandler(2, 'Undefined property: App\\Controllers\\CreadorSesiones::$consulta', 'APPPATH\\Controllers\\CreadorSesiones.php', 33)
 2 SYSTEMPATH\CodeIgniter.php(904): App\Controllers\CreadorSesiones->almacenarSesion()
 3 SYSTEMPATH\CodeIgniter.php(457): CodeIgniter\CodeIgniter->runController(Object(App\Controllers\CreadorSesiones))
 4 SYSTEMPATH\CodeIgniter.php(340): CodeIgniter\CodeIgniter->handleRequest(null, Object(Config\Cache), false)
 5 FCPATH\index.php(67): CodeIgniter\CodeIgniter->run()
CRITICAL - 2022-10-04 04:47:07 --> view(): Argument #1 ($name) must be of type string, array given, called in C:\xampp\htdocs\comparador2\app\Controllers\Perfil.php on line 14
in SYSTEMPATH\Common.php on line 1123.
 1 APPPATH\Controllers\Perfil.php(14): view([...])
 2 SYSTEMPATH\CodeIgniter.php(904): App\Controllers\Perfil->index()
 3 SYSTEMPATH\CodeIgniter.php(457): CodeIgniter\CodeIgniter->runController(Object(App\Controllers\Perfil))
 4 SYSTEMPATH\CodeIgniter.php(340): CodeIgniter\CodeIgniter->handleRequest(null, Object(Config\Cache), false)
 5 FCPATH\index.php(67): CodeIgniter\CodeIgniter->run()
CRITICAL - 2022-10-04 05:08:59 --> Undefined variable $contrasena
in APPPATH\Controllers\IniciadorSesiones.php on line 28.
 1 APPPATH\Controllers\IniciadorSesiones.php(28): CodeIgniter\Debug\Exceptions->errorHandler(2, 'Undefined variable $contrasena', 'APPPATH\\Controllers\\IniciadorSesiones.php', 28)
 2 SYSTEMPATH\CodeIgniter.php(904): App\Controllers\IniciadorSesiones->loginAuth()
 3 SYSTEMPATH\CodeIgniter.php(457): CodeIgniter\CodeIgniter->runController(Object(App\Controllers\IniciadorSesiones))
 4 SYSTEMPATH\CodeIgniter.php(340): CodeIgniter\CodeIgniter->handleRequest(null, Object(Config\Cache), false)
 5 FCPATH\index.php(67): CodeIgniter\CodeIgniter->run()
CRITICAL - 2022-10-04 05:11:51 --> Undefined variable $cabecera
in APPPATH\Views\creacionSesion.php on line 1.
 1 APPPATH\Views\creacionSesion.php(1): CodeIgniter\Debug\Exceptions->errorHandler(2, 'Undefined variable $cabecera', 'APPPATH\\Views\\creacionSesion.php', 1)
 2 SYSTEMPATH\View\View.php(213): include('APPPATH\\Views\\creacionSesion.php')
 3 SYSTEMPATH\View\View.php(216): CodeIgniter\View\View->CodeIgniter\View\{closure}()
 4 SYSTEMPATH\Common.php(1137): CodeIgniter\View\View->render('creacionSesion', [], true)
 5 APPPATH\Controllers\CreadorSesiones.php(43): view('creacionSesion', [...])
 6 SYSTEMPATH\CodeIgniter.php(904): App\Controllers\CreadorSesiones->almacenarSesion()
 7 SYSTEMPATH\CodeIgniter.php(457): CodeIgniter\CodeIgniter->runController(Object(App\Controllers\CreadorSesiones))
 8 SYSTEMPATH\CodeIgniter.php(340): CodeIgniter\CodeIgniter->handleRequest(null, Object(Config\Cache), false)
 9 FCPATH\index.php(67): CodeIgniter\CodeIgniter->run()
CRITICAL - 2022-10-04 05:12:35 --> Undefined variable $cabecera
in APPPATH\Views\creacionSesion.php on line 1.
 1 APPPATH\Views\creacionSesion.php(1): CodeIgniter\Debug\Exceptions->errorHandler(2, 'Undefined variable $cabecera', 'APPPATH\\Views\\creacionSesion.php', 1)
 2 SYSTEMPATH\View\View.php(213): include('APPPATH\\Views\\creacionSesion.php')
 3 SYSTEMPATH\View\View.php(216): CodeIgniter\View\View->CodeIgniter\View\{closure}()
 4 SYSTEMPATH\Common.php(1137): CodeIgniter\View\View->render('creacionSesion', [], true)
 5 APPPATH\Controllers\CreadorSesiones.php(43): view('creacionSesion', [...])
 6 SYSTEMPATH\CodeIgniter.php(904): App\Controllers\CreadorSesiones->almacenarSesion()
 7 SYSTEMPATH\CodeIgniter.php(457): CodeIgniter\CodeIgniter->runController(Object(App\Controllers\CreadorSesiones))
 8 SYSTEMPATH\CodeIgniter.php(340): CodeIgniter\CodeIgniter->handleRequest(null, Object(Config\Cache), false)
 9 FCPATH\index.php(67): CodeIgniter\CodeIgniter->run()
CRITICAL - 2022-10-04 05:16:19 --> Undefined variable $cabecera
in APPPATH\Views\creacionSesion.php on line 1.
 1 APPPATH\Views\creacionSesion.php(1): CodeIgniter\Debug\Exceptions->errorHandler(2, 'Undefined variable $cabecera', 'APPPATH\\Views\\creacionSesion.php', 1)
 2 SYSTEMPATH\View\View.php(213): include('APPPATH\\Views\\creacionSesion.php')
 3 SYSTEMPATH\View\View.php(216): CodeIgniter\View\View->CodeIgniter\View\{closure}()
 4 SYSTEMPATH\Common.php(1137): CodeIgniter\View\View->render('creacionSesion', [], true)
 5 APPPATH\Controllers\CreadorSesiones.php(43): view('creacionSesion')
 6 SYSTEMPATH\CodeIgniter.php(904): App\Controllers\CreadorSesiones->almacenarSesion()
 7 SYSTEMPATH\CodeIgniter.php(457): CodeIgniter\CodeIgniter->runController(Object(App\Controllers\CreadorSesiones))
 8 SYSTEMPATH\CodeIgniter.php(340): CodeIgniter\CodeIgniter->handleRequest(null, Object(Config\Cache), false)
 9 FCPATH\index.php(67): CodeIgniter\CodeIgniter->run()
CRITICAL - 2022-10-04 05:23:04 --> Undefined variable $cabecera
in APPPATH\Views\creacionSesion.php on line 1.
 1 APPPATH\Views\creacionSesion.php(1): CodeIgniter\Debug\Exceptions->errorHandler(2, 'Undefined variable $cabecera', 'APPPATH\\Views\\creacionSesion.php', 1)
 2 SYSTEMPATH\View\View.php(213): include('APPPATH\\Views\\creacionSesion.php')
 3 SYSTEMPATH\View\View.php(216): CodeIgniter\View\View->CodeIgniter\View\{closure}()
 4 SYSTEMPATH\Common.php(1137): CodeIgniter\View\View->render('creacionSesion', [], true)
 5 APPPATH\Controllers\CreadorSesiones.php(43): view('creacionSesion', [...])
 6 SYSTEMPATH\CodeIgniter.php(904): App\Controllers\CreadorSesiones->almacenarSesion()
 7 SYSTEMPATH\CodeIgniter.php(457): CodeIgniter\CodeIgniter->runController(Object(App\Controllers\CreadorSesiones))
 8 SYSTEMPATH\CodeIgniter.php(340): CodeIgniter\CodeIgniter->handleRequest(null, Object(Config\Cache), false)
 9 FCPATH\index.php(67): CodeIgniter\CodeIgniter->run()
CRITICAL - 2022-10-04 05:25:31 --> Undefined variable $cabecera
in APPPATH\Views\creacionSesion.php on line 1.
 1 APPPATH\Views\creacionSesion.php(1): CodeIgniter\Debug\Exceptions->errorHandler(2, 'Undefined variable $cabecera', 'APPPATH\\Views\\creacionSesion.php', 1)
 2 SYSTEMPATH\View\View.php(213): include('APPPATH\\Views\\creacionSesion.php')
 3 SYSTEMPATH\View\View.php(216): CodeIgniter\View\View->CodeIgniter\View\{closure}()
 4 SYSTEMPATH\Common.php(1137): CodeIgniter\View\View->render('creacionSesion', [], true)
 5 APPPATH\Controllers\CreadorSesiones.php(43): view('creacionSesion', [...])
 6 SYSTEMPATH\CodeIgniter.php(904): App\Controllers\CreadorSesiones->almacenarSesion()
 7 SYSTEMPATH\CodeIgniter.php(457): CodeIgniter\CodeIgniter->runController(Object(App\Controllers\CreadorSesiones))
 8 SYSTEMPATH\CodeIgniter.php(340): CodeIgniter\CodeIgniter->handleRequest(null, Object(Config\Cache), false)
 9 FCPATH\index.php(67): CodeIgniter\CodeIgniter->run()
CRITICAL - 2022-10-04 05:26:38 --> Undefined array key "password"
in APPPATH\Controllers\IniciadorSesiones.php on line 27.
 1 APPPATH\Controllers\IniciadorSesiones.php(27): CodeIgniter\Debug\Exceptions->errorHandler(2, 'Undefined array key "password"', 'APPPATH\\Controllers\\IniciadorSesiones.php', 27)
 2 SYSTEMPATH\CodeIgniter.php(904): App\Controllers\IniciadorSesiones->loginAuth()
 3 SYSTEMPATH\CodeIgniter.php(457): CodeIgniter\CodeIgniter->runController(Object(App\Controllers\IniciadorSesiones))
 4 SYSTEMPATH\CodeIgniter.php(340): CodeIgniter\CodeIgniter->handleRequest(null, Object(Config\Cache), false)
 5 FCPATH\index.php(67): CodeIgniter\CodeIgniter->run()
CRITICAL - 2022-10-04 05:56:47 --> Undefined array key "password"
in APPPATH\Controllers\IniciadorSesiones.php on line 27.
 1 APPPATH\Controllers\IniciadorSesiones.php(27): CodeIgniter\Debug\Exceptions->errorHandler(2, 'Undefined array key "password"', 'APPPATH\\Controllers\\IniciadorSesiones.php', 27)
 2 SYSTEMPATH\CodeIgniter.php(904): App\Controllers\IniciadorSesiones->loginAuth()
 3 SYSTEMPATH\CodeIgniter.php(457): CodeIgniter\CodeIgniter->runController(Object(App\Controllers\IniciadorSesiones))
 4 SYSTEMPATH\CodeIgniter.php(340): CodeIgniter\CodeIgniter->handleRequest(null, Object(Config\Cache), false)
 5 FCPATH\index.php(67): CodeIgniter\CodeIgniter->run()
CRITICAL - 2022-10-04 05:56:59 --> Undefined array key "password"
in APPPATH\Controllers\IniciadorSesiones.php on line 27.
 1 APPPATH\Controllers\IniciadorSesiones.php(27): CodeIgniter\Debug\Exceptions->errorHandler(2, 'Undefined array key "password"', 'APPPATH\\Controllers\\IniciadorSesiones.php', 27)
 2 SYSTEMPATH\CodeIgniter.php(904): App\Controllers\IniciadorSesiones->loginAuth()
 3 SYSTEMPATH\CodeIgniter.php(457): CodeIgniter\CodeIgniter->runController(Object(App\Controllers\IniciadorSesiones))
 4 SYSTEMPATH\CodeIgniter.php(340): CodeIgniter\CodeIgniter->handleRequest(null, Object(Config\Cache), false)
 5 FCPATH\index.php(67): CodeIgniter\CodeIgniter->run()
CRITICAL - 2022-10-04 06:07:05 --> Undefined array key "password"
in APPPATH\Controllers\IniciadorSesiones.php on line 27.
 1 APPPATH\Controllers\IniciadorSesiones.php(27): CodeIgniter\Debug\Exceptions->errorHandler(2, 'Undefined array key "password"', 'APPPATH\\Controllers\\IniciadorSesiones.php', 27)
 2 SYSTEMPATH\CodeIgniter.php(904): App\Controllers\IniciadorSesiones->loginAuth()
 3 SYSTEMPATH\CodeIgniter.php(457): CodeIgniter\CodeIgniter->runController(Object(App\Controllers\IniciadorSesiones))
 4 SYSTEMPATH\CodeIgniter.php(340): CodeIgniter\CodeIgniter->handleRequest(null, Object(Config\Cache), false)
 5 FCPATH\index.php(67): CodeIgniter\CodeIgniter->run()
CRITICAL - 2022-10-04 14:40:40 --> print_r(): Argument #2 ($return) must be of type bool, array given
in APPPATH\Controllers\IniciadorSesiones.php on line 24.
 1 APPPATH\Controllers\IniciadorSesiones.php(24): print_r('1234', [...])
 2 SYSTEMPATH\CodeIgniter.php(904): App\Controllers\IniciadorSesiones->prueba()
 3 SYSTEMPATH\CodeIgniter.php(457): CodeIgniter\CodeIgniter->runController(Object(App\Controllers\IniciadorSesiones))
 4 SYSTEMPATH\CodeIgniter.php(340): CodeIgniter\CodeIgniter->handleRequest(null, Object(Config\Cache), false)
 5 FCPATH\index.php(67): CodeIgniter\CodeIgniter->run()
CRITICAL - 2022-10-04 15:14:13 --> Undefined variable $cabecera
in APPPATH\Views\creacionSesion.php on line 1.
 1 APPPATH\Views\creacionSesion.php(1): CodeIgniter\Debug\Exceptions->errorHandler(2, 'Undefined variable $cabecera', 'APPPATH\\Views\\creacionSesion.php', 1)
 2 SYSTEMPATH\View\View.php(213): include('APPPATH\\Views\\creacionSesion.php')
 3 SYSTEMPATH\View\View.php(216): CodeIgniter\View\View->CodeIgniter\View\{closure}()
 4 SYSTEMPATH\Common.php(1137): CodeIgniter\View\View->render('creacionSesion', [], true)
 5 APPPATH\Controllers\CreadorSesiones.php(41): view('creacionSesion', [...])
 6 SYSTEMPATH\CodeIgniter.php(904): App\Controllers\CreadorSesiones->almacenarSesion()
 7 SYSTEMPATH\CodeIgniter.php(457): CodeIgniter\CodeIgniter->runController(Object(App\Controllers\CreadorSesiones))
 8 SYSTEMPATH\CodeIgniter.php(340): CodeIgniter\CodeIgniter->handleRequest(null, Object(Config\Cache), false)
 9 FCPATH\index.php(67): CodeIgniter\CodeIgniter->run()
ERROR - 2022-10-04 19:01:19 --> mysqli_sql_exception: Column 'cod_pro' cannot be null in C:\xampp\htdocs\comparador2\system\Database\MySQLi\Connection.php:292
Stack trace:
#0 C:\xampp\htdocs\comparador2\system\Database\MySQLi\Connection.php(292): mysqli->query('INSERT INTO `EQ...', 0)
#1 C:\xampp\htdocs\comparador2\system\Database\BaseConnection.php(693): CodeIgniter\Database\MySQLi\Connection->execute('INSERT INTO `EQ...')
#2 C:\xampp\htdocs\comparador2\system\Database\BaseConnection.php(620): CodeIgniter\Database\BaseConnection->simpleQuery('INSERT INTO `EQ...')
#3 C:\xampp\htdocs\comparador2\system\Database\BaseBuilder.php(1916): CodeIgniter\Database\BaseConnection->query('INSERT INTO `EQ...', Array, false)
#4 C:\xampp\htdocs\comparador2\system\Model.php(278): CodeIgniter\Database\BaseBuilder->insert()
#5 C:\xampp\htdocs\comparador2\system\BaseModel.php(738): CodeIgniter\Model->doInsert(Array)
#6 C:\xampp\htdocs\comparador2\system\Model.php(666): CodeIgniter\BaseModel->insert(Array, true)
#7 C:\xampp\htdocs\comparador2\app\Controllers\Equipos.php(55): CodeIgniter\Model->insert(Array)
#8 C:\xampp\htdocs\comparador2\system\CodeIgniter.php(904): App\Controllers\Equipos->guardarEquipo()
#9 C:\xampp\htdocs\comparador2\system\CodeIgniter.php(457): CodeIgniter\CodeIgniter->runController(Object(App\Controllers\Equipos))
#10 C:\xampp\htdocs\comparador2\system\CodeIgniter.php(340): CodeIgniter\CodeIgniter->handleRequest(NULL, Object(Config\Cache), false)
#11 C:\xampp\htdocs\comparador2\public\index.php(67): CodeIgniter\CodeIgniter->run()
#12 {main}
ERROR - 2022-10-04 19:01:27 --> mysqli_sql_exception: Column 'cod_pro' cannot be null in C:\xampp\htdocs\comparador2\system\Database\MySQLi\Connection.php:292
Stack trace:
#0 C:\xampp\htdocs\comparador2\system\Database\MySQLi\Connection.php(292): mysqli->query('INSERT INTO `EQ...', 0)
#1 C:\xampp\htdocs\comparador2\system\Database\BaseConnection.php(693): CodeIgniter\Database\MySQLi\Connection->execute('INSERT INTO `EQ...')
#2 C:\xampp\htdocs\comparador2\system\Database\BaseConnection.php(620): CodeIgniter\Database\BaseConnection->simpleQuery('INSERT INTO `EQ...')
#3 C:\xampp\htdocs\comparador2\system\Database\BaseBuilder.php(1916): CodeIgniter\Database\BaseConnection->query('INSERT INTO `EQ...', Array, false)
#4 C:\xampp\htdocs\comparador2\system\Model.php(278): CodeIgniter\Database\BaseBuilder->insert()
#5 C:\xampp\htdocs\comparador2\system\BaseModel.php(738): CodeIgniter\Model->doInsert(Array)
#6 C:\xampp\htdocs\comparador2\system\Model.php(666): CodeIgniter\BaseModel->insert(Array, true)
#7 C:\xampp\htdocs\comparador2\app\Controllers\Equipos.php(55): CodeIgniter\Model->insert(Array)
#8 C:\xampp\htdocs\comparador2\system\CodeIgniter.php(904): App\Controllers\Equipos->guardarEquipo()
#9 C:\xampp\htdocs\comparador2\system\CodeIgniter.php(457): CodeIgniter\CodeIgniter->runController(Object(App\Controllers\Equipos))
#10 C:\xampp\htdocs\comparador2\system\CodeIgniter.php(340): CodeIgniter\CodeIgniter->handleRequest(NULL, Object(Config\Cache), false)
#11 C:\xampp\htdocs\comparador2\public\index.php(67): CodeIgniter\CodeIgniter->run()
#12 {main}
