CRITICAL - 2022-11-11 22:18:08 --> Undefined array key "name"
in APPPATH\Controllers\Home.php on line 23.
 1 APPPATH\Controllers\Home.php(23): CodeIgniter\Debug\Exceptions->errorHandler(2, 'Undefined array key "name"', 'APPPATH\\Controllers\\Home.php', 23)
 2 SYSTEMPATH\CodeIgniter.php(904): App\Controllers\Home->crearCorreo()
 3 SYSTEMPATH\CodeIgniter.php(457): CodeIgniter\CodeIgniter->runController(Object(App\Controllers\Home))
 4 SYSTEMPATH\CodeIgniter.php(340): CodeIgniter\CodeIgniter->handleRequest(null, Object(Config\Cache), false)
 5 FCPATH\index.php(67): CodeIgniter\CodeIgniter->run()
CRITICAL - 2022-11-11 22:35:02 --> mail(): &quot;sendmail_from&quot; not set in php.ini or custom &quot;From:&quot; header missing
in APPPATH\Controllers\Home.php on line 36.
 1 [internal function]: CodeIgniter\Debug\Exceptions->errorHandler(2, 'mail(): &quot;sendmail_from&quot; not set in php.ini or custom &quot;From:&quot; header missing', 'APPPATH\\Controllers\\Home.php', 36)
 2 APPPATH\Controllers\Home.php(36): mail('roberthawwk@gmail.com', 'holaaa', 'SASAS', 'X-Mailer: PHP/8.1.6')
 3 SYSTEMPATH\CodeIgniter.php(904): App\Controllers\Home->enviarCorreo()
 4 SYSTEMPATH\CodeIgniter.php(457): CodeIgniter\CodeIgniter->runController(Object(App\Controllers\Home))
 5 SYSTEMPATH\CodeIgniter.php(340): CodeIgniter\CodeIgniter->handleRequest(null, Object(Config\Cache), false)
 6 FCPATH\index.php(67): CodeIgniter\CodeIgniter->run()
CRITICAL - 2022-11-11 22:36:12 --> mail(): Failed to connect to mailserver at &quot;localhost&quot; port 25, verify your &quot;SMTP&quot; and &quot;smtp_port&quot; setting in php.ini or use ini_set()
in APPPATH\Controllers\Home.php on line 34.
 1 [internal function]: CodeIgniter\Debug\Exceptions->errorHandler(2, 'mail(): Failed to connect to mailserver at &quot;localhost&quot; port 25, verify your &quot;SMTP&quot; and &quot;smtp_port&quot; setting in php.ini or use ini_set()', 'APPPATH\\Controllers\\Home.php', 34)
 2 APPPATH\Controllers\Home.php(34): mail('roberthawwk@gmail.com', 'holaaa', 'SASAS', 'From: noresponder@ejemplo.com')
 3 SYSTEMPATH\CodeIgniter.php(904): App\Controllers\Home->enviarCorreo()
 4 SYSTEMPATH\CodeIgniter.php(457): CodeIgniter\CodeIgniter->runController(Object(App\Controllers\Home))
 5 SYSTEMPATH\CodeIgniter.php(340): CodeIgniter\CodeIgniter->handleRequest(null, Object(Config\Cache), false)
 6 FCPATH\index.php(67): CodeIgniter\CodeIgniter->run()
