ERROR - 2022-11-08 10:52:51 --> mysqli_sql_exception: Cannot delete or update a parent row: a foreign key constraint fails (`multimedia`.`equipo`, CONSTRAINT `FK_equipo_ram` FOREIGN KEY (`cod_ram`) REFERENCES `ram` (`cod_ram`) ON DELETE NO ACTION ON UPDATE NO ACTION) in C:\xampp\htdocs\comparador2\system\Database\MySQLi\Connection.php:292
Stack trace:
#0 C:\xampp\htdocs\comparador2\system\Database\MySQLi\Connection.php(292): mysqli->query('DELETE FROM `RA...', 0)
#1 C:\xampp\htdocs\comparador2\system\Database\BaseConnection.php(693): CodeIgniter\Database\MySQLi\Connection->execute('DELETE FROM `RA...')
#2 C:\xampp\htdocs\comparador2\system\Database\BaseConnection.php(620): CodeIgniter\Database\BaseConnection->simpleQuery('DELETE FROM `RA...')
#3 C:\xampp\htdocs\comparador2\system\Database\BaseBuilder.php(2390): CodeIgniter\Database\BaseConnection->query('DELETE FROM `RA...', Array, false)
#4 C:\xampp\htdocs\comparador2\system\Model.php(400): CodeIgniter\Database\BaseBuilder->delete()
#5 C:\xampp\htdocs\comparador2\system\BaseModel.php(963): CodeIgniter\Model->doDelete(Array, false)
#6 C:\xampp\htdocs\comparador2\app\Controllers\Rams.php(148): CodeIgniter\BaseModel->delete(Array)
#7 C:\xampp\htdocs\comparador2\system\CodeIgniter.php(904): App\Controllers\Rams->borrarRam('73')
#8 C:\xampp\htdocs\comparador2\system\CodeIgniter.php(457): CodeIgniter\CodeIgniter->runController(Object(App\Controllers\Rams))
#9 C:\xampp\htdocs\comparador2\system\CodeIgniter.php(340): CodeIgniter\CodeIgniter->handleRequest(NULL, Object(Config\Cache), false)
#10 C:\xampp\htdocs\comparador2\public\index.php(67): CodeIgniter\CodeIgniter->run()
#11 {main}
ERROR - 2022-11-08 10:52:54 --> mysqli_sql_exception: Cannot delete or update a parent row: a foreign key constraint fails (`multimedia`.`equipo`, CONSTRAINT `FK_equipo_ram` FOREIGN KEY (`cod_ram`) REFERENCES `ram` (`cod_ram`) ON DELETE NO ACTION ON UPDATE NO ACTION) in C:\xampp\htdocs\comparador2\system\Database\MySQLi\Connection.php:292
Stack trace:
#0 C:\xampp\htdocs\comparador2\system\Database\MySQLi\Connection.php(292): mysqli->query('DELETE FROM `RA...', 0)
#1 C:\xampp\htdocs\comparador2\system\Database\BaseConnection.php(693): CodeIgniter\Database\MySQLi\Connection->execute('DELETE FROM `RA...')
#2 C:\xampp\htdocs\comparador2\system\Database\BaseConnection.php(620): CodeIgniter\Database\BaseConnection->simpleQuery('DELETE FROM `RA...')
#3 C:\xampp\htdocs\comparador2\system\Database\BaseBuilder.php(2390): CodeIgniter\Database\BaseConnection->query('DELETE FROM `RA...', Array, false)
#4 C:\xampp\htdocs\comparador2\system\Model.php(400): CodeIgniter\Database\BaseBuilder->delete()
#5 C:\xampp\htdocs\comparador2\system\BaseModel.php(963): CodeIgniter\Model->doDelete(Array, false)
#6 C:\xampp\htdocs\comparador2\app\Controllers\Rams.php(148): CodeIgniter\BaseModel->delete(Array)
#7 C:\xampp\htdocs\comparador2\system\CodeIgniter.php(904): App\Controllers\Rams->borrarRam('73')
#8 C:\xampp\htdocs\comparador2\system\CodeIgniter.php(457): CodeIgniter\CodeIgniter->runController(Object(App\Controllers\Rams))
#9 C:\xampp\htdocs\comparador2\system\CodeIgniter.php(340): CodeIgniter\CodeIgniter->handleRequest(NULL, Object(Config\Cache), false)
#10 C:\xampp\htdocs\comparador2\public\index.php(67): CodeIgniter\CodeIgniter->run()
#11 {main}
ERROR - 2022-11-08 10:52:55 --> mysqli_sql_exception: Cannot delete or update a parent row: a foreign key constraint fails (`multimedia`.`equipo`, CONSTRAINT `FK_equipo_ram` FOREIGN KEY (`cod_ram`) REFERENCES `ram` (`cod_ram`) ON DELETE NO ACTION ON UPDATE NO ACTION) in C:\xampp\htdocs\comparador2\system\Database\MySQLi\Connection.php:292
Stack trace:
#0 C:\xampp\htdocs\comparador2\system\Database\MySQLi\Connection.php(292): mysqli->query('DELETE FROM `RA...', 0)
#1 C:\xampp\htdocs\comparador2\system\Database\BaseConnection.php(693): CodeIgniter\Database\MySQLi\Connection->execute('DELETE FROM `RA...')
#2 C:\xampp\htdocs\comparador2\system\Database\BaseConnection.php(620): CodeIgniter\Database\BaseConnection->simpleQuery('DELETE FROM `RA...')
#3 C:\xampp\htdocs\comparador2\system\Database\BaseBuilder.php(2390): CodeIgniter\Database\BaseConnection->query('DELETE FROM `RA...', Array, false)
#4 C:\xampp\htdocs\comparador2\system\Model.php(400): CodeIgniter\Database\BaseBuilder->delete()
#5 C:\xampp\htdocs\comparador2\system\BaseModel.php(963): CodeIgniter\Model->doDelete(Array, false)
#6 C:\xampp\htdocs\comparador2\app\Controllers\Rams.php(148): CodeIgniter\BaseModel->delete(Array)
#7 C:\xampp\htdocs\comparador2\system\CodeIgniter.php(904): App\Controllers\Rams->borrarRam('73')
#8 C:\xampp\htdocs\comparador2\system\CodeIgniter.php(457): CodeIgniter\CodeIgniter->runController(Object(App\Controllers\Rams))
#9 C:\xampp\htdocs\comparador2\system\CodeIgniter.php(340): CodeIgniter\CodeIgniter->handleRequest(NULL, Object(Config\Cache), false)
#10 C:\xampp\htdocs\comparador2\public\index.php(67): CodeIgniter\CodeIgniter->run()
#11 {main}
ERROR - 2022-11-08 10:53:19 --> mysqli_sql_exception: Cannot delete or update a parent row: a foreign key constraint fails (`multimedia`.`equipo`, CONSTRAINT `FK_equipo_ram` FOREIGN KEY (`cod_ram`) REFERENCES `ram` (`cod_ram`) ON DELETE NO ACTION ON UPDATE NO ACTION) in C:\xampp\htdocs\comparador2\system\Database\MySQLi\Connection.php:292
Stack trace:
#0 C:\xampp\htdocs\comparador2\system\Database\MySQLi\Connection.php(292): mysqli->query('DELETE FROM `RA...', 0)
#1 C:\xampp\htdocs\comparador2\system\Database\BaseConnection.php(693): CodeIgniter\Database\MySQLi\Connection->execute('DELETE FROM `RA...')
#2 C:\xampp\htdocs\comparador2\system\Database\BaseConnection.php(620): CodeIgniter\Database\BaseConnection->simpleQuery('DELETE FROM `RA...')
#3 C:\xampp\htdocs\comparador2\system\Database\BaseBuilder.php(2390): CodeIgniter\Database\BaseConnection->query('DELETE FROM `RA...', Array, false)
#4 C:\xampp\htdocs\comparador2\system\Model.php(400): CodeIgniter\Database\BaseBuilder->delete()
#5 C:\xampp\htdocs\comparador2\system\BaseModel.php(963): CodeIgniter\Model->doDelete(Array, false)
#6 C:\xampp\htdocs\comparador2\app\Controllers\Rams.php(148): CodeIgniter\BaseModel->delete(Array)
#7 C:\xampp\htdocs\comparador2\system\CodeIgniter.php(904): App\Controllers\Rams->borrarRam('73')
#8 C:\xampp\htdocs\comparador2\system\CodeIgniter.php(457): CodeIgniter\CodeIgniter->runController(Object(App\Controllers\Rams))
#9 C:\xampp\htdocs\comparador2\system\CodeIgniter.php(340): CodeIgniter\CodeIgniter->handleRequest(NULL, Object(Config\Cache), false)
#10 C:\xampp\htdocs\comparador2\public\index.php(67): CodeIgniter\CodeIgniter->run()
#11 {main}
ERROR - 2022-11-08 10:53:23 --> mysqli_sql_exception: Cannot delete or update a parent row: a foreign key constraint fails (`multimedia`.`equipo`, CONSTRAINT `FK_equipo_ram` FOREIGN KEY (`cod_ram`) REFERENCES `ram` (`cod_ram`) ON DELETE NO ACTION ON UPDATE NO ACTION) in C:\xampp\htdocs\comparador2\system\Database\MySQLi\Connection.php:292
Stack trace:
#0 C:\xampp\htdocs\comparador2\system\Database\MySQLi\Connection.php(292): mysqli->query('DELETE FROM `RA...', 0)
#1 C:\xampp\htdocs\comparador2\system\Database\BaseConnection.php(693): CodeIgniter\Database\MySQLi\Connection->execute('DELETE FROM `RA...')
#2 C:\xampp\htdocs\comparador2\system\Database\BaseConnection.php(620): CodeIgniter\Database\BaseConnection->simpleQuery('DELETE FROM `RA...')
#3 C:\xampp\htdocs\comparador2\system\Database\BaseBuilder.php(2390): CodeIgniter\Database\BaseConnection->query('DELETE FROM `RA...', Array, false)
#4 C:\xampp\htdocs\comparador2\system\Model.php(400): CodeIgniter\Database\BaseBuilder->delete()
#5 C:\xampp\htdocs\comparador2\system\BaseModel.php(963): CodeIgniter\Model->doDelete(Array, false)
#6 C:\xampp\htdocs\comparador2\app\Controllers\Rams.php(148): CodeIgniter\BaseModel->delete(Array)
#7 C:\xampp\htdocs\comparador2\system\CodeIgniter.php(904): App\Controllers\Rams->borrarRam('73')
#8 C:\xampp\htdocs\comparador2\system\CodeIgniter.php(457): CodeIgniter\CodeIgniter->runController(Object(App\Controllers\Rams))
#9 C:\xampp\htdocs\comparador2\system\CodeIgniter.php(340): CodeIgniter\CodeIgniter->handleRequest(NULL, Object(Config\Cache), false)
#10 C:\xampp\htdocs\comparador2\public\index.php(67): CodeIgniter\CodeIgniter->run()
#11 {main}
ERROR - 2022-11-08 11:09:54 --> mysqli_sql_exception: Cannot delete or update a parent row: a foreign key constraint fails (`multimedia`.`equipo`, CONSTRAINT `FK_equipo_ram` FOREIGN KEY (`cod_ram`) REFERENCES `ram` (`cod_ram`) ON DELETE NO ACTION ON UPDATE NO ACTION) in C:\xampp\htdocs\comparador2\system\Database\MySQLi\Connection.php:292
Stack trace:
#0 C:\xampp\htdocs\comparador2\system\Database\MySQLi\Connection.php(292): mysqli->query('DELETE FROM `RA...', 0)
#1 C:\xampp\htdocs\comparador2\system\Database\BaseConnection.php(693): CodeIgniter\Database\MySQLi\Connection->execute('DELETE FROM `RA...')
#2 C:\xampp\htdocs\comparador2\system\Database\BaseConnection.php(620): CodeIgniter\Database\BaseConnection->simpleQuery('DELETE FROM `RA...')
#3 C:\xampp\htdocs\comparador2\system\Database\BaseBuilder.php(2390): CodeIgniter\Database\BaseConnection->query('DELETE FROM `RA...', Array, false)
#4 C:\xampp\htdocs\comparador2\system\Model.php(400): CodeIgniter\Database\BaseBuilder->delete()
#5 C:\xampp\htdocs\comparador2\system\BaseModel.php(963): CodeIgniter\Model->doDelete(Array, false)
#6 C:\xampp\htdocs\comparador2\app\Controllers\Rams.php(146): CodeIgniter\BaseModel->delete(Array)
#7 C:\xampp\htdocs\comparador2\system\CodeIgniter.php(904): App\Controllers\Rams->borrarRam('73')
#8 C:\xampp\htdocs\comparador2\system\CodeIgniter.php(457): CodeIgniter\CodeIgniter->runController(Object(App\Controllers\Rams))
#9 C:\xampp\htdocs\comparador2\system\CodeIgniter.php(340): CodeIgniter\CodeIgniter->handleRequest(NULL, Object(Config\Cache), false)
#10 C:\xampp\htdocs\comparador2\public\index.php(67): CodeIgniter\CodeIgniter->run()
#11 {main}
CRITICAL - 2022-11-08 11:44:30 --> Undefined variable $cabecera
in APPPATH\Views\rams\editarRam.php on line 1.
 1 APPPATH\Views\rams\editarRam.php(1): CodeIgniter\Debug\Exceptions->errorHandler(2, 'Undefined variable $cabecera', 'APPPATH\\Views\\rams\\editarRam.php', 1)
 2 SYSTEMPATH\View\View.php(213): include('APPPATH\\Views\\rams\\editarRam.php')
 3 SYSTEMPATH\View\View.php(216): CodeIgniter\View\View->CodeIgniter\View\{closure}()
 4 SYSTEMPATH\Common.php(1137): CodeIgniter\View\View->render('rams/editarRam', [], true)
 5 APPPATH\Controllers\Rams.php(177): view('rams/editarRam', [...])
 6 SYSTEMPATH\CodeIgniter.php(904): App\Controllers\Rams->actualizarRam()
 7 SYSTEMPATH\CodeIgniter.php(457): CodeIgniter\CodeIgniter->runController(Object(App\Controllers\Rams))
 8 SYSTEMPATH\CodeIgniter.php(340): CodeIgniter\CodeIgniter->handleRequest(null, Object(Config\Cache), false)
 9 FCPATH\index.php(67): CodeIgniter\CodeIgniter->run()
