ERROR - 2022-10-18 15:50:46 --> mysqli_sql_exception: Table 'multimedia.juego' doesn't exist in C:\xampp\htdocs\comparador2\system\Database\MySQLi\Connection.php:292
Stack trace:
#0 C:\xampp\htdocs\comparador2\system\Database\MySQLi\Connection.php(292): mysqli->query('SELECT *\nFROM `...', 0)
#1 C:\xampp\htdocs\comparador2\system\Database\BaseConnection.php(693): CodeIgniter\Database\MySQLi\Connection->execute('SELECT *\nFROM `...')
#2 C:\xampp\htdocs\comparador2\system\Database\BaseConnection.php(620): CodeIgniter\Database\BaseConnection->simpleQuery('SELECT *\nFROM `...')
#3 C:\xampp\htdocs\comparador2\system\Database\BaseBuilder.php(1585): CodeIgniter\Database\BaseConnection->query('SELECT *\nFROM `...', Array, false)
#4 C:\xampp\htdocs\comparador2\system\Model.php(222): CodeIgniter\Database\BaseBuilder->get()
#5 C:\xampp\htdocs\comparador2\system\BaseModel.php(584): CodeIgniter\Model->doFindAll(0, 0)
#6 C:\xampp\htdocs\comparador2\app\Controllers\Juegos.php(44): CodeIgniter\BaseModel->findAll()
#7 C:\xampp\htdocs\comparador2\system\CodeIgniter.php(904): App\Controllers\Juegos->listarJuegos()
#8 C:\xampp\htdocs\comparador2\system\CodeIgniter.php(457): CodeIgniter\CodeIgniter->runController(Object(App\Controllers\Juegos))
#9 C:\xampp\htdocs\comparador2\system\CodeIgniter.php(340): CodeIgniter\CodeIgniter->handleRequest(NULL, Object(Config\Cache), false)
#10 C:\xampp\htdocs\comparador2\public\index.php(67): CodeIgniter\CodeIgniter->run()
#11 {main}
CRITICAL - 2022-10-18 15:50:46 --> Call to a member function getResult() on bool
in SYSTEMPATH\Model.php on line 223.
 1 SYSTEMPATH\BaseModel.php(584): CodeIgniter\Model->doFindAll(0, 0)
 2 APPPATH\Controllers\Juegos.php(44): CodeIgniter\BaseModel->findAll()
 3 SYSTEMPATH\CodeIgniter.php(904): App\Controllers\Juegos->listarJuegos()
 4 SYSTEMPATH\CodeIgniter.php(457): CodeIgniter\CodeIgniter->runController(Object(App\Controllers\Juegos))
 5 SYSTEMPATH\CodeIgniter.php(340): CodeIgniter\CodeIgniter->handleRequest(null, Object(Config\Cache), false)
 6 FCPATH\index.php(67): CodeIgniter\CodeIgniter->run()
CRITICAL - 2022-10-18 15:51:32 --> Invalid file: requisitosRecomendados/crearJuego.php
in SYSTEMPATH\Exceptions\FrameworkException.php on line 33.
 1 SYSTEMPATH\View\View.php(201): CodeIgniter\Exceptions\FrameworkException::forInvalidFile('requisitosRecomendados/crearJuego.php')
 2 SYSTEMPATH\Common.php(1137): CodeIgniter\View\View->render('requisitosRecomendados/crearJuego', [], true)
 3 APPPATH\Controllers\Juegos.php(21): view('requisitosRecomendados/crearJuego', [...])
 4 SYSTEMPATH\CodeIgniter.php(904): App\Controllers\Juegos->crearJuego()
 5 SYSTEMPATH\CodeIgniter.php(457): CodeIgniter\CodeIgniter->runController(Object(App\Controllers\Juegos))
 6 SYSTEMPATH\CodeIgniter.php(340): CodeIgniter\CodeIgniter->handleRequest(null, Object(Config\Cache), false)
 7 FCPATH\index.php(67): CodeIgniter\CodeIgniter->run()
ERROR - 2022-10-18 15:52:31 --> mysqli_sql_exception: Table 'multimedia.juego' doesn't exist in C:\xampp\htdocs\comparador2\system\Database\MySQLi\Connection.php:292
Stack trace:
#0 C:\xampp\htdocs\comparador2\system\Database\MySQLi\Connection.php(292): mysqli->query('INSERT INTO `JU...', 0)
#1 C:\xampp\htdocs\comparador2\system\Database\BaseConnection.php(693): CodeIgniter\Database\MySQLi\Connection->execute('INSERT INTO `JU...')
#2 C:\xampp\htdocs\comparador2\system\Database\BaseConnection.php(620): CodeIgniter\Database\BaseConnection->simpleQuery('INSERT INTO `JU...')
#3 C:\xampp\htdocs\comparador2\system\Database\BaseBuilder.php(1916): CodeIgniter\Database\BaseConnection->query('INSERT INTO `JU...', Array, false)
#4 C:\xampp\htdocs\comparador2\system\Model.php(278): CodeIgniter\Database\BaseBuilder->insert()
#5 C:\xampp\htdocs\comparador2\system\BaseModel.php(738): CodeIgniter\Model->doInsert(Array)
#6 C:\xampp\htdocs\comparador2\system\Model.php(666): CodeIgniter\BaseModel->insert(Array, true)
#7 C:\xampp\htdocs\comparador2\app\Controllers\Juegos.php(36): CodeIgniter\Model->insert(Array)
#8 C:\xampp\htdocs\comparador2\system\CodeIgniter.php(904): App\Controllers\Juegos->guardarJuego()
#9 C:\xampp\htdocs\comparador2\system\CodeIgniter.php(457): CodeIgniter\CodeIgniter->runController(Object(App\Controllers\Juegos))
#10 C:\xampp\htdocs\comparador2\system\CodeIgniter.php(340): CodeIgniter\CodeIgniter->handleRequest(NULL, Object(Config\Cache), false)
#11 C:\xampp\htdocs\comparador2\public\index.php(67): CodeIgniter\CodeIgniter->run()
#12 {main}
ERROR - 2022-10-18 15:52:31 --> mysqli_sql_exception: Table 'multimedia.juego' doesn't exist in C:\xampp\htdocs\comparador2\system\Database\MySQLi\Connection.php:292
Stack trace:
#0 C:\xampp\htdocs\comparador2\system\Database\MySQLi\Connection.php(292): mysqli->query('SELECT *\nFROM `...', 0)
#1 C:\xampp\htdocs\comparador2\system\Database\BaseConnection.php(693): CodeIgniter\Database\MySQLi\Connection->execute('SELECT *\nFROM `...')
#2 C:\xampp\htdocs\comparador2\system\Database\BaseConnection.php(620): CodeIgniter\Database\BaseConnection->simpleQuery('SELECT *\nFROM `...')
#3 C:\xampp\htdocs\comparador2\system\Database\BaseBuilder.php(1585): CodeIgniter\Database\BaseConnection->query('SELECT *\nFROM `...', Array, false)
#4 C:\xampp\htdocs\comparador2\system\Model.php(222): CodeIgniter\Database\BaseBuilder->get()
#5 C:\xampp\htdocs\comparador2\system\BaseModel.php(584): CodeIgniter\Model->doFindAll(0, 0)
#6 C:\xampp\htdocs\comparador2\app\Controllers\Juegos.php(44): CodeIgniter\BaseModel->findAll()
#7 C:\xampp\htdocs\comparador2\system\CodeIgniter.php(904): App\Controllers\Juegos->listarJuegos()
#8 C:\xampp\htdocs\comparador2\system\CodeIgniter.php(457): CodeIgniter\CodeIgniter->runController(Object(App\Controllers\Juegos))
#9 C:\xampp\htdocs\comparador2\system\CodeIgniter.php(340): CodeIgniter\CodeIgniter->handleRequest(NULL, Object(Config\Cache), false)
#10 C:\xampp\htdocs\comparador2\public\index.php(67): CodeIgniter\CodeIgniter->run()
#11 {main}
CRITICAL - 2022-10-18 15:52:31 --> Call to a member function getResult() on bool
in SYSTEMPATH\Model.php on line 223.
 1 SYSTEMPATH\BaseModel.php(584): CodeIgniter\Model->doFindAll(0, 0)
 2 APPPATH\Controllers\Juegos.php(44): CodeIgniter\BaseModel->findAll()
 3 SYSTEMPATH\CodeIgniter.php(904): App\Controllers\Juegos->listarJuegos()
 4 SYSTEMPATH\CodeIgniter.php(457): CodeIgniter\CodeIgniter->runController(Object(App\Controllers\Juegos))
 5 SYSTEMPATH\CodeIgniter.php(340): CodeIgniter\CodeIgniter->handleRequest(null, Object(Config\Cache), false)
 6 FCPATH\index.php(67): CodeIgniter\CodeIgniter->run()
ERROR - 2022-10-18 15:53:28 --> mysqli_sql_exception: Table 'multimedia.juego' doesn't exist in C:\xampp\htdocs\comparador2\system\Database\MySQLi\Connection.php:292
Stack trace:
#0 C:\xampp\htdocs\comparador2\system\Database\MySQLi\Connection.php(292): mysqli->query('SELECT *\nFROM `...', 0)
#1 C:\xampp\htdocs\comparador2\system\Database\BaseConnection.php(693): CodeIgniter\Database\MySQLi\Connection->execute('SELECT *\nFROM `...')
#2 C:\xampp\htdocs\comparador2\system\Database\BaseConnection.php(620): CodeIgniter\Database\BaseConnection->simpleQuery('SELECT *\nFROM `...')
#3 C:\xampp\htdocs\comparador2\system\Database\BaseBuilder.php(1585): CodeIgniter\Database\BaseConnection->query('SELECT *\nFROM `...', Array, false)
#4 C:\xampp\htdocs\comparador2\system\Model.php(222): CodeIgniter\Database\BaseBuilder->get()
#5 C:\xampp\htdocs\comparador2\system\BaseModel.php(584): CodeIgniter\Model->doFindAll(0, 0)
#6 C:\xampp\htdocs\comparador2\app\Controllers\Juegos.php(44): CodeIgniter\BaseModel->findAll()
#7 C:\xampp\htdocs\comparador2\system\CodeIgniter.php(904): App\Controllers\Juegos->listarJuegos()
#8 C:\xampp\htdocs\comparador2\system\CodeIgniter.php(457): CodeIgniter\CodeIgniter->runController(Object(App\Controllers\Juegos))
#9 C:\xampp\htdocs\comparador2\system\CodeIgniter.php(340): CodeIgniter\CodeIgniter->handleRequest(NULL, Object(Config\Cache), false)
#10 C:\xampp\htdocs\comparador2\public\index.php(67): CodeIgniter\CodeIgniter->run()
#11 {main}
CRITICAL - 2022-10-18 15:53:28 --> Call to a member function getResult() on bool
in SYSTEMPATH\Model.php on line 223.
 1 SYSTEMPATH\BaseModel.php(584): CodeIgniter\Model->doFindAll(0, 0)
 2 APPPATH\Controllers\Juegos.php(44): CodeIgniter\BaseModel->findAll()
 3 SYSTEMPATH\CodeIgniter.php(904): App\Controllers\Juegos->listarJuegos()
 4 SYSTEMPATH\CodeIgniter.php(457): CodeIgniter\CodeIgniter->runController(Object(App\Controllers\Juegos))
 5 SYSTEMPATH\CodeIgniter.php(340): CodeIgniter\CodeIgniter->handleRequest(null, Object(Config\Cache), false)
 6 FCPATH\index.php(67): CodeIgniter\CodeIgniter->run()
CRITICAL - 2022-10-18 16:09:17 --> syntax error, unexpected token "(", expecting variable or "{" or "$"
in APPPATH\Views\rams\listarRams.php on line 37.
 1 SYSTEMPATH\View\View.php(216): CodeIgniter\View\View->CodeIgniter\View\{closure}()
 2 SYSTEMPATH\Common.php(1137): CodeIgniter\View\View->render('rams/listarRams', [], true)
 3 APPPATH\Controllers\Rams.php(80): view('rams/listarRams', [...])
 4 SYSTEMPATH\CodeIgniter.php(904): App\Controllers\Rams->listarRams()
 5 SYSTEMPATH\CodeIgniter.php(457): CodeIgniter\CodeIgniter->runController(Object(App\Controllers\Rams))
 6 SYSTEMPATH\CodeIgniter.php(340): CodeIgniter\CodeIgniter->handleRequest(null, Object(Config\Cache), false)
 7 FCPATH\index.php(67): CodeIgniter\CodeIgniter->run()
