CRITICAL - 2022-12-20 12:49:33 --> There is no data to update.
in SYSTEMPATH\BaseModel.php on line 1577.
 1 SYSTEMPATH\BaseModel.php(1577): CodeIgniter\Database\Exceptions\DataException::forEmptyDataset('update')
 2 SYSTEMPATH\BaseModel.php(832): CodeIgniter\BaseModel->transformDataToArray(null, 'update')
 3 SYSTEMPATH\Model.php(692): CodeIgniter\BaseModel->update([...], null)
 4 APPPATH\Controllers\Perfil.php(40): CodeIgniter\Model->update([...])
 5 SYSTEMPATH\CodeIgniter.php(904): App\Controllers\Perfil->guardarImagen()
 6 SYSTEMPATH\CodeIgniter.php(457): CodeIgniter\CodeIgniter->runController(Object(App\Controllers\Perfil))
 7 SYSTEMPATH\CodeIgniter.php(340): CodeIgniter\CodeIgniter->handleRequest(null, Object(Config\Cache), false)
 8 FCPATH\index.php(67): CodeIgniter\CodeIgniter->run()
CRITICAL - 2022-12-20 13:00:09 --> There is no data to update.
in SYSTEMPATH\BaseModel.php on line 846.
 1 SYSTEMPATH\BaseModel.php(846): CodeIgniter\Database\Exceptions\DataException::forEmptyDataset('update')
 2 SYSTEMPATH\Model.php(692): CodeIgniter\BaseModel->update([...], [])
 3 APPPATH\Controllers\Perfil.php(41): CodeIgniter\Model->update('56', [...])
 4 SYSTEMPATH\CodeIgniter.php(904): App\Controllers\Perfil->guardarImagen()
 5 SYSTEMPATH\CodeIgniter.php(457): CodeIgniter\CodeIgniter->runController(Object(App\Controllers\Perfil))
 6 SYSTEMPATH\CodeIgniter.php(340): CodeIgniter\CodeIgniter->handleRequest(null, Object(Config\Cache), false)
 7 FCPATH\index.php(67): CodeIgniter\CodeIgniter->run()
CRITICAL - 2022-12-20 13:00:29 --> There is no data to update.
in SYSTEMPATH\BaseModel.php on line 846.
 1 SYSTEMPATH\BaseModel.php(846): CodeIgniter\Database\Exceptions\DataException::forEmptyDataset('update')
 2 SYSTEMPATH\Model.php(692): CodeIgniter\BaseModel->update([...], [])
 3 APPPATH\Controllers\Perfil.php(41): CodeIgniter\Model->update('56', [...])
 4 SYSTEMPATH\CodeIgniter.php(904): App\Controllers\Perfil->guardarImagen()
 5 SYSTEMPATH\CodeIgniter.php(457): CodeIgniter\CodeIgniter->runController(Object(App\Controllers\Perfil))
 6 SYSTEMPATH\CodeIgniter.php(340): CodeIgniter\CodeIgniter->handleRequest(null, Object(Config\Cache), false)
 7 FCPATH\index.php(67): CodeIgniter\CodeIgniter->run()
CRITICAL - 2022-12-20 13:06:49 --> Undefined variable $ram
in APPPATH\Controllers\Perfil.php on line 24.
 1 APPPATH\Controllers\Perfil.php(24): CodeIgniter\Debug\Exceptions->errorHandler(2, 'Undefined variable $ram', 'APPPATH\\Controllers\\Perfil.php', 24)
 2 SYSTEMPATH\CodeIgniter.php(904): App\Controllers\Perfil->verPerfil()
 3 SYSTEMPATH\CodeIgniter.php(457): CodeIgniter\CodeIgniter->runController(Object(App\Controllers\Perfil))
 4 SYSTEMPATH\CodeIgniter.php(340): CodeIgniter\CodeIgniter->handleRequest(null, Object(Config\Cache), false)
 5 FCPATH\index.php(67): CodeIgniter\CodeIgniter->run()
CRITICAL - 2022-12-20 13:07:15 --> Undefined variable $id
in APPPATH\Controllers\Perfil.php on line 24.
 1 APPPATH\Controllers\Perfil.php(24): CodeIgniter\Debug\Exceptions->errorHandler(2, 'Undefined variable $id', 'APPPATH\\Controllers\\Perfil.php', 24)
 2 SYSTEMPATH\CodeIgniter.php(904): App\Controllers\Perfil->verPerfil()
 3 SYSTEMPATH\CodeIgniter.php(457): CodeIgniter\CodeIgniter->runController(Object(App\Controllers\Perfil))
 4 SYSTEMPATH\CodeIgniter.php(340): CodeIgniter\CodeIgniter->handleRequest(null, Object(Config\Cache), false)
 5 FCPATH\index.php(67): CodeIgniter\CodeIgniter->run()
CRITICAL - 2022-12-20 13:07:42 --> Undefined variable $id
in APPPATH\Controllers\Perfil.php on line 24.
 1 APPPATH\Controllers\Perfil.php(24): CodeIgniter\Debug\Exceptions->errorHandler(2, 'Undefined variable $id', 'APPPATH\\Controllers\\Perfil.php', 24)
 2 SYSTEMPATH\CodeIgniter.php(904): App\Controllers\Perfil->verPerfil()
 3 SYSTEMPATH\CodeIgniter.php(457): CodeIgniter\CodeIgniter->runController(Object(App\Controllers\Perfil))
 4 SYSTEMPATH\CodeIgniter.php(340): CodeIgniter\CodeIgniter->handleRequest(null, Object(Config\Cache), false)
 5 FCPATH\index.php(67): CodeIgniter\CodeIgniter->run()
CRITICAL - 2022-12-20 13:07:43 --> Undefined variable $id
in APPPATH\Controllers\Perfil.php on line 24.
 1 APPPATH\Controllers\Perfil.php(24): CodeIgniter\Debug\Exceptions->errorHandler(2, 'Undefined variable $id', 'APPPATH\\Controllers\\Perfil.php', 24)
 2 SYSTEMPATH\CodeIgniter.php(904): App\Controllers\Perfil->verPerfil()
 3 SYSTEMPATH\CodeIgniter.php(457): CodeIgniter\CodeIgniter->runController(Object(App\Controllers\Perfil))
 4 SYSTEMPATH\CodeIgniter.php(340): CodeIgniter\CodeIgniter->handleRequest(null, Object(Config\Cache), false)
 5 FCPATH\index.php(67): CodeIgniter\CodeIgniter->run()
CRITICAL - 2022-12-20 13:09:19 --> Undefined variable $id
in APPPATH\Controllers\Perfil.php on line 24.
 1 APPPATH\Controllers\Perfil.php(24): CodeIgniter\Debug\Exceptions->errorHandler(2, 'Undefined variable $id', 'APPPATH\\Controllers\\Perfil.php', 24)
 2 SYSTEMPATH\CodeIgniter.php(904): App\Controllers\Perfil->verPerfil()
 3 SYSTEMPATH\CodeIgniter.php(457): CodeIgniter\CodeIgniter->runController(Object(App\Controllers\Perfil))
 4 SYSTEMPATH\CodeIgniter.php(340): CodeIgniter\CodeIgniter->handleRequest(null, Object(Config\Cache), false)
 5 FCPATH\index.php(67): CodeIgniter\CodeIgniter->run()
CRITICAL - 2022-12-20 13:17:53 --> Undefined variable $usuario
in APPPATH\Views\paginaPerfil.php on line 25.
 1 APPPATH\Views\paginaPerfil.php(25): CodeIgniter\Debug\Exceptions->errorHandler(2, 'Undefined variable $usuario', 'APPPATH\\Views\\paginaPerfil.php', 25)
 2 SYSTEMPATH\View\View.php(213): include('APPPATH\\Views\\paginaPerfil.php')
 3 SYSTEMPATH\View\View.php(216): CodeIgniter\View\View->CodeIgniter\View\{closure}()
 4 SYSTEMPATH\Common.php(1137): CodeIgniter\View\View->render('paginaPerfil', [], true)
 5 APPPATH\Controllers\Perfil.php(29): view('paginaPerfil', [...])
 6 SYSTEMPATH\CodeIgniter.php(904): App\Controllers\Perfil->verPerfil()
 7 SYSTEMPATH\CodeIgniter.php(457): CodeIgniter\CodeIgniter->runController(Object(App\Controllers\Perfil))
 8 SYSTEMPATH\CodeIgniter.php(340): CodeIgniter\CodeIgniter->handleRequest(null, Object(Config\Cache), false)
 9 FCPATH\index.php(67): CodeIgniter\CodeIgniter->run()
CRITICAL - 2022-12-20 13:17:54 --> Undefined variable $usuario
in APPPATH\Views\paginaPerfil.php on line 25.
 1 APPPATH\Views\paginaPerfil.php(25): CodeIgniter\Debug\Exceptions->errorHandler(2, 'Undefined variable $usuario', 'APPPATH\\Views\\paginaPerfil.php', 25)
 2 SYSTEMPATH\View\View.php(213): include('APPPATH\\Views\\paginaPerfil.php')
 3 SYSTEMPATH\View\View.php(216): CodeIgniter\View\View->CodeIgniter\View\{closure}()
 4 SYSTEMPATH\Common.php(1137): CodeIgniter\View\View->render('paginaPerfil', [], true)
 5 APPPATH\Controllers\Perfil.php(29): view('paginaPerfil', [...])
 6 SYSTEMPATH\CodeIgniter.php(904): App\Controllers\Perfil->verPerfil()
 7 SYSTEMPATH\CodeIgniter.php(457): CodeIgniter\CodeIgniter->runController(Object(App\Controllers\Perfil))
 8 SYSTEMPATH\CodeIgniter.php(340): CodeIgniter\CodeIgniter->handleRequest(null, Object(Config\Cache), false)
 9 FCPATH\index.php(67): CodeIgniter\CodeIgniter->run()
CRITICAL - 2022-12-20 13:18:19 --> Undefined variable $id
in APPPATH\Controllers\Perfil.php on line 24.
 1 APPPATH\Controllers\Perfil.php(24): CodeIgniter\Debug\Exceptions->errorHandler(2, 'Undefined variable $id', 'APPPATH\\Controllers\\Perfil.php', 24)
 2 SYSTEMPATH\CodeIgniter.php(904): App\Controllers\Perfil->verPerfil()
 3 SYSTEMPATH\CodeIgniter.php(457): CodeIgniter\CodeIgniter->runController(Object(App\Controllers\Perfil))
 4 SYSTEMPATH\CodeIgniter.php(340): CodeIgniter\CodeIgniter->handleRequest(null, Object(Config\Cache), false)
 5 FCPATH\index.php(67): CodeIgniter\CodeIgniter->run()
CRITICAL - 2022-12-20 13:24:48 --> Undefined variable $usuario
in APPPATH\Views\paginaPerfil.php on line 25.
 1 APPPATH\Views\paginaPerfil.php(25): CodeIgniter\Debug\Exceptions->errorHandler(2, 'Undefined variable $usuario', 'APPPATH\\Views\\paginaPerfil.php', 25)
 2 SYSTEMPATH\View\View.php(213): include('APPPATH\\Views\\paginaPerfil.php')
 3 SYSTEMPATH\View\View.php(216): CodeIgniter\View\View->CodeIgniter\View\{closure}()
 4 SYSTEMPATH\Common.php(1137): CodeIgniter\View\View->render('paginaPerfil', [], true)
 5 APPPATH\Controllers\Perfil.php(27): view('paginaPerfil', [...])
 6 SYSTEMPATH\CodeIgniter.php(904): App\Controllers\Perfil->verPerfil()
 7 SYSTEMPATH\CodeIgniter.php(457): CodeIgniter\CodeIgniter->runController(Object(App\Controllers\Perfil))
 8 SYSTEMPATH\CodeIgniter.php(340): CodeIgniter\CodeIgniter->handleRequest(null, Object(Config\Cache), false)
 9 FCPATH\index.php(67): CodeIgniter\CodeIgniter->run()
CRITICAL - 2022-12-20 13:27:28 --> Cannot use object of type CodeIgniter\Session\Session as array
in APPPATH\Views\paginaPerfil.php on line 25.
 1 SYSTEMPATH\View\View.php(213): include()
 2 SYSTEMPATH\View\View.php(216): CodeIgniter\View\View->CodeIgniter\View\{closure}()
 3 SYSTEMPATH\Common.php(1137): CodeIgniter\View\View->render('paginaPerfil', [], true)
 4 APPPATH\Controllers\Perfil.php(27): view('paginaPerfil', [...])
 5 SYSTEMPATH\CodeIgniter.php(904): App\Controllers\Perfil->verPerfil()
 6 SYSTEMPATH\CodeIgniter.php(457): CodeIgniter\CodeIgniter->runController(Object(App\Controllers\Perfil))
 7 SYSTEMPATH\CodeIgniter.php(340): CodeIgniter\CodeIgniter->handleRequest(null, Object(Config\Cache), false)
 8 FCPATH\index.php(67): CodeIgniter\CodeIgniter->run()
CRITICAL - 2022-12-20 13:27:29 --> Cannot use object of type CodeIgniter\Session\Session as array
in APPPATH\Views\paginaPerfil.php on line 25.
 1 SYSTEMPATH\View\View.php(213): include()
 2 SYSTEMPATH\View\View.php(216): CodeIgniter\View\View->CodeIgniter\View\{closure}()
 3 SYSTEMPATH\Common.php(1137): CodeIgniter\View\View->render('paginaPerfil', [], true)
 4 APPPATH\Controllers\Perfil.php(27): view('paginaPerfil', [...])
 5 SYSTEMPATH\CodeIgniter.php(904): App\Controllers\Perfil->verPerfil()
 6 SYSTEMPATH\CodeIgniter.php(457): CodeIgniter\CodeIgniter->runController(Object(App\Controllers\Perfil))
 7 SYSTEMPATH\CodeIgniter.php(340): CodeIgniter\CodeIgniter->handleRequest(null, Object(Config\Cache), false)
 8 FCPATH\index.php(67): CodeIgniter\CodeIgniter->run()
CRITICAL - 2022-12-20 13:28:46 --> There is no data to update.
in SYSTEMPATH\BaseModel.php on line 846.
 1 SYSTEMPATH\BaseModel.php(846): CodeIgniter\Database\Exceptions\DataException::forEmptyDataset('update')
 2 SYSTEMPATH\Model.php(692): CodeIgniter\BaseModel->update([...], [])
 3 APPPATH\Controllers\Perfil.php(41): CodeIgniter\Model->update('56', [...])
 4 SYSTEMPATH\CodeIgniter.php(904): App\Controllers\Perfil->guardarImagen()
 5 SYSTEMPATH\CodeIgniter.php(457): CodeIgniter\CodeIgniter->runController(Object(App\Controllers\Perfil))
 6 SYSTEMPATH\CodeIgniter.php(340): CodeIgniter\CodeIgniter->handleRequest(null, Object(Config\Cache), false)
 7 FCPATH\index.php(67): CodeIgniter\CodeIgniter->run()
CRITICAL - 2022-12-20 13:29:19 --> There is no data to update.
in SYSTEMPATH\BaseModel.php on line 846.
 1 SYSTEMPATH\BaseModel.php(846): CodeIgniter\Database\Exceptions\DataException::forEmptyDataset('update')
 2 SYSTEMPATH\Model.php(692): CodeIgniter\BaseModel->update([...], [])
 3 APPPATH\Controllers\Perfil.php(41): CodeIgniter\Model->update('56', [...])
 4 SYSTEMPATH\CodeIgniter.php(904): App\Controllers\Perfil->guardarImagen()
 5 SYSTEMPATH\CodeIgniter.php(457): CodeIgniter\CodeIgniter->runController(Object(App\Controllers\Perfil))
 6 SYSTEMPATH\CodeIgniter.php(340): CodeIgniter\CodeIgniter->handleRequest(null, Object(Config\Cache), false)
 7 FCPATH\index.php(67): CodeIgniter\CodeIgniter->run()
CRITICAL - 2022-12-20 13:30:02 --> There is no data to update.
in SYSTEMPATH\BaseModel.php on line 846.
 1 SYSTEMPATH\BaseModel.php(846): CodeIgniter\Database\Exceptions\DataException::forEmptyDataset('update')
 2 SYSTEMPATH\Model.php(692): CodeIgniter\BaseModel->update([...], [])
 3 APPPATH\Controllers\Perfil.php(41): CodeIgniter\Model->update('56', [...])
 4 SYSTEMPATH\CodeIgniter.php(904): App\Controllers\Perfil->guardarImagen()
 5 SYSTEMPATH\CodeIgniter.php(457): CodeIgniter\CodeIgniter->runController(Object(App\Controllers\Perfil))
 6 SYSTEMPATH\CodeIgniter.php(340): CodeIgniter\CodeIgniter->handleRequest(null, Object(Config\Cache), false)
 7 FCPATH\index.php(67): CodeIgniter\CodeIgniter->run()
CRITICAL - 2022-12-20 13:30:08 --> There is no data to update.
in SYSTEMPATH\BaseModel.php on line 846.
 1 SYSTEMPATH\BaseModel.php(846): CodeIgniter\Database\Exceptions\DataException::forEmptyDataset('update')
 2 SYSTEMPATH\Model.php(692): CodeIgniter\BaseModel->update([...], [])
 3 APPPATH\Controllers\Perfil.php(41): CodeIgniter\Model->update('56', [...])
 4 SYSTEMPATH\CodeIgniter.php(904): App\Controllers\Perfil->guardarImagen()
 5 SYSTEMPATH\CodeIgniter.php(457): CodeIgniter\CodeIgniter->runController(Object(App\Controllers\Perfil))
 6 SYSTEMPATH\CodeIgniter.php(340): CodeIgniter\CodeIgniter->handleRequest(null, Object(Config\Cache), false)
 7 FCPATH\index.php(67): CodeIgniter\CodeIgniter->run()
CRITICAL - 2022-12-20 13:38:04 --> syntax error, unexpected end of file
in APPPATH\Views\resultado.php on line 73.
 1 SYSTEMPATH\View\View.php(216): CodeIgniter\View\View->CodeIgniter\View\{closure}()
 2 SYSTEMPATH\Common.php(1137): CodeIgniter\View\View->render('resultado', [], true)
 3 APPPATH\Controllers\Home.php(121): view('resultado', [...])
 4 SYSTEMPATH\CodeIgniter.php(904): App\Controllers\Home->comparador()
 5 SYSTEMPATH\CodeIgniter.php(457): CodeIgniter\CodeIgniter->runController(Object(App\Controllers\Home))
 6 SYSTEMPATH\CodeIgniter.php(340): CodeIgniter\CodeIgniter->handleRequest(null, Object(Config\Cache), false)
 7 FCPATH\index.php(67): CodeIgniter\CodeIgniter->run()
CRITICAL - 2022-12-20 14:34:15 --> syntax error, unexpected token ";", expecting ":"
in APPPATH\Views\paginaPerfil.php on line 23.
 1 SYSTEMPATH\View\View.php(216): CodeIgniter\View\View->CodeIgniter\View\{closure}()
 2 SYSTEMPATH\Common.php(1137): CodeIgniter\View\View->render('paginaPerfil', [], true)
 3 APPPATH\Controllers\Perfil.php(28): view('paginaPerfil', [...])
 4 SYSTEMPATH\CodeIgniter.php(904): App\Controllers\Perfil->verPerfil()
 5 SYSTEMPATH\CodeIgniter.php(457): CodeIgniter\CodeIgniter->runController(Object(App\Controllers\Perfil))
 6 SYSTEMPATH\CodeIgniter.php(340): CodeIgniter\CodeIgniter->handleRequest(null, Object(Config\Cache), false)
 7 FCPATH\index.php(67): CodeIgniter\CodeIgniter->run()
CRITICAL - 2022-12-20 14:34:16 --> syntax error, unexpected token ";", expecting ":"
in APPPATH\Views\paginaPerfil.php on line 23.
 1 SYSTEMPATH\View\View.php(216): CodeIgniter\View\View->CodeIgniter\View\{closure}()
 2 SYSTEMPATH\Common.php(1137): CodeIgniter\View\View->render('paginaPerfil', [], true)
 3 APPPATH\Controllers\Perfil.php(28): view('paginaPerfil', [...])
 4 SYSTEMPATH\CodeIgniter.php(904): App\Controllers\Perfil->verPerfil()
 5 SYSTEMPATH\CodeIgniter.php(457): CodeIgniter\CodeIgniter->runController(Object(App\Controllers\Perfil))
 6 SYSTEMPATH\CodeIgniter.php(340): CodeIgniter\CodeIgniter->handleRequest(null, Object(Config\Cache), false)
 7 FCPATH\index.php(67): CodeIgniter\CodeIgniter->run()
CRITICAL - 2022-12-20 14:45:20 --> session_destroy(): Trying to destroy uninitialized session
in APPPATH\Controllers\Perfil.php on line 45.
 1 [internal function]: CodeIgniter\Debug\Exceptions->errorHandler(2, 'session_destroy(): Trying to destroy uninitialized session', 'APPPATH\\Controllers\\Perfil.php', 45)
 2 APPPATH\Controllers\Perfil.php(45): session_destroy()
 3 SYSTEMPATH\CodeIgniter.php(904): App\Controllers\Perfil->guardarImagen()
 4 SYSTEMPATH\CodeIgniter.php(457): CodeIgniter\CodeIgniter->runController(Object(App\Controllers\Perfil))
 5 SYSTEMPATH\CodeIgniter.php(340): CodeIgniter\CodeIgniter->handleRequest(null, Object(Config\Cache), false)
 6 FCPATH\index.php(67): CodeIgniter\CodeIgniter->run()
CRITICAL - 2022-12-20 14:46:33 --> session_destroy(): Trying to destroy uninitialized session
in APPPATH\Controllers\Perfil.php on line 45.
 1 [internal function]: CodeIgniter\Debug\Exceptions->errorHandler(2, 'session_destroy(): Trying to destroy uninitialized session', 'APPPATH\\Controllers\\Perfil.php', 45)
 2 APPPATH\Controllers\Perfil.php(45): session_destroy()
 3 SYSTEMPATH\CodeIgniter.php(904): App\Controllers\Perfil->guardarImagen()
 4 SYSTEMPATH\CodeIgniter.php(457): CodeIgniter\CodeIgniter->runController(Object(App\Controllers\Perfil))
 5 SYSTEMPATH\CodeIgniter.php(340): CodeIgniter\CodeIgniter->handleRequest(null, Object(Config\Cache), false)
 6 FCPATH\index.php(67): CodeIgniter\CodeIgniter->run()
CRITICAL - 2022-12-20 14:46:35 --> session_destroy(): Trying to destroy uninitialized session
in APPPATH\Controllers\Perfil.php on line 45.
 1 [internal function]: CodeIgniter\Debug\Exceptions->errorHandler(2, 'session_destroy(): Trying to destroy uninitialized session', 'APPPATH\\Controllers\\Perfil.php', 45)
 2 APPPATH\Controllers\Perfil.php(45): session_destroy()
 3 SYSTEMPATH\CodeIgniter.php(904): App\Controllers\Perfil->guardarImagen()
 4 SYSTEMPATH\CodeIgniter.php(457): CodeIgniter\CodeIgniter->runController(Object(App\Controllers\Perfil))
 5 SYSTEMPATH\CodeIgniter.php(340): CodeIgniter\CodeIgniter->handleRequest(null, Object(Config\Cache), false)
 6 FCPATH\index.php(67): CodeIgniter\CodeIgniter->run()
CRITICAL - 2022-12-20 14:46:40 --> session_destroy(): Trying to destroy uninitialized session
in APPPATH\Controllers\Perfil.php on line 45.
 1 [internal function]: CodeIgniter\Debug\Exceptions->errorHandler(2, 'session_destroy(): Trying to destroy uninitialized session', 'APPPATH\\Controllers\\Perfil.php', 45)
 2 APPPATH\Controllers\Perfil.php(45): session_destroy()
 3 SYSTEMPATH\CodeIgniter.php(904): App\Controllers\Perfil->guardarImagen()
 4 SYSTEMPATH\CodeIgniter.php(457): CodeIgniter\CodeIgniter->runController(Object(App\Controllers\Perfil))
 5 SYSTEMPATH\CodeIgniter.php(340): CodeIgniter\CodeIgniter->handleRequest(null, Object(Config\Cache), false)
 6 FCPATH\index.php(67): CodeIgniter\CodeIgniter->run()
CRITICAL - 2022-12-20 14:49:25 --> session_destroy(): Trying to destroy uninitialized session
in APPPATH\Controllers\Perfil.php on line 45.
 1 [internal function]: CodeIgniter\Debug\Exceptions->errorHandler(2, 'session_destroy(): Trying to destroy uninitialized session', 'APPPATH\\Controllers\\Perfil.php', 45)
 2 APPPATH\Controllers\Perfil.php(45): session_destroy()
 3 SYSTEMPATH\CodeIgniter.php(904): App\Controllers\Perfil->guardarImagen()
 4 SYSTEMPATH\CodeIgniter.php(457): CodeIgniter\CodeIgniter->runController(Object(App\Controllers\Perfil))
 5 SYSTEMPATH\CodeIgniter.php(340): CodeIgniter\CodeIgniter->handleRequest(null, Object(Config\Cache), false)
 6 FCPATH\index.php(67): CodeIgniter\CodeIgniter->run()
CRITICAL - 2022-12-20 14:51:06 --> session_destroy(): Trying to destroy uninitialized session
in APPPATH\Controllers\Perfil.php on line 45.
 1 [internal function]: CodeIgniter\Debug\Exceptions->errorHandler(2, 'session_destroy(): Trying to destroy uninitialized session', 'APPPATH\\Controllers\\Perfil.php', 45)
 2 APPPATH\Controllers\Perfil.php(45): session_destroy()
 3 SYSTEMPATH\CodeIgniter.php(904): App\Controllers\Perfil->guardarImagen()
 4 SYSTEMPATH\CodeIgniter.php(457): CodeIgniter\CodeIgniter->runController(Object(App\Controllers\Perfil))
 5 SYSTEMPATH\CodeIgniter.php(340): CodeIgniter\CodeIgniter->handleRequest(null, Object(Config\Cache), false)
 6 FCPATH\index.php(67): CodeIgniter\CodeIgniter->run()
